ARM GAS  C:\Users\young\AppData\Local\Temp\ccKOuErb.s 			page 1


   1              		.syntax unified
   2              		.cpu cortex-m0
   3              		.fpu softvfp
   4              		.eabi_attribute 20, 1
   5              		.eabi_attribute 21, 1
   6              		.eabi_attribute 23, 3
   7              		.eabi_attribute 24, 1
   8              		.eabi_attribute 25, 1
   9              		.eabi_attribute 26, 1
  10              		.eabi_attribute 30, 2
  11              		.eabi_attribute 34, 0
  12              		.eabi_attribute 18, 4
  13              		.thumb
  14              		.syntax unified
  15              		.file	"CapSense_INT.c"
  16              		.text
  17              	.Ltext0:
  18              		.cfi_sections	.debug_frame
  19              		.section	.text.CapSense_ISR,"ax",%progbits
  20              		.align	2
  21              		.global	CapSense_ISR
  22              		.code	16
  23              		.thumb_func
  24              		.type	CapSense_ISR, %function
  25              	CapSense_ISR:
  26              	.LFB32:
  27              		.file 1 "Generated_Source\\PSoC4\\CapSense_INT.c"
   1:Generated_Source\PSoC4/CapSense_INT.c **** /*******************************************************************************
   2:Generated_Source\PSoC4/CapSense_INT.c **** * File Name: CapSense_INT.c
   3:Generated_Source\PSoC4/CapSense_INT.c **** * Version 2.60
   4:Generated_Source\PSoC4/CapSense_INT.c **** *
   5:Generated_Source\PSoC4/CapSense_INT.c **** * Description:
   6:Generated_Source\PSoC4/CapSense_INT.c **** *  This file provides the source code of the  Interrupt Service Routine (ISR)
   7:Generated_Source\PSoC4/CapSense_INT.c **** *  for the CapSense CSD component.
   8:Generated_Source\PSoC4/CapSense_INT.c **** *
   9:Generated_Source\PSoC4/CapSense_INT.c **** * Note:
  10:Generated_Source\PSoC4/CapSense_INT.c **** *
  11:Generated_Source\PSoC4/CapSense_INT.c **** ********************************************************************************
  12:Generated_Source\PSoC4/CapSense_INT.c **** * Copyright 2013-2016, Cypress Semiconductor Corporation.  All rights reserved.
  13:Generated_Source\PSoC4/CapSense_INT.c **** * You may use this file only in accordance with the license, terms, conditions,
  14:Generated_Source\PSoC4/CapSense_INT.c **** * disclaimers, and limitations in the end user license agreement accompanying
  15:Generated_Source\PSoC4/CapSense_INT.c **** * the software package with which this file was provided.
  16:Generated_Source\PSoC4/CapSense_INT.c **** *******************************************************************************/
  17:Generated_Source\PSoC4/CapSense_INT.c **** 
  18:Generated_Source\PSoC4/CapSense_INT.c **** #include "CapSense.h"
  19:Generated_Source\PSoC4/CapSense_INT.c **** #include "CapSense_PVT.h"
  20:Generated_Source\PSoC4/CapSense_INT.c **** 
  21:Generated_Source\PSoC4/CapSense_INT.c **** 
  22:Generated_Source\PSoC4/CapSense_INT.c **** 
  23:Generated_Source\PSoC4/CapSense_INT.c **** /*******************************************************************************
  24:Generated_Source\PSoC4/CapSense_INT.c **** *  Place your includes, defines and code here
  25:Generated_Source\PSoC4/CapSense_INT.c **** ********************************************************************************/
  26:Generated_Source\PSoC4/CapSense_INT.c **** /* `#START CapSense_ISR_INTC` */
  27:Generated_Source\PSoC4/CapSense_INT.c **** 
  28:Generated_Source\PSoC4/CapSense_INT.c **** /* `#END` */
  29:Generated_Source\PSoC4/CapSense_INT.c **** 
  30:Generated_Source\PSoC4/CapSense_INT.c **** 
ARM GAS  C:\Users\young\AppData\Local\Temp\ccKOuErb.s 			page 2


  31:Generated_Source\PSoC4/CapSense_INT.c **** /*******************************************************************************
  32:Generated_Source\PSoC4/CapSense_INT.c **** * Function Name: CapSense_ISR
  33:Generated_Source\PSoC4/CapSense_INT.c **** ********************************************************************************
  34:Generated_Source\PSoC4/CapSense_INT.c **** *
  35:Generated_Source\PSoC4/CapSense_INT.c **** * Summary:
  36:Generated_Source\PSoC4/CapSense_INT.c **** *  This ISR is executed when the measure window is closed. The measure window
  37:Generated_Source\PSoC4/CapSense_INT.c **** *  depends on the sensor scan resolution parameter.
  38:Generated_Source\PSoC4/CapSense_INT.c **** *  The ISR has two modes:
  39:Generated_Source\PSoC4/CapSense_INT.c **** *   1. Scans a single sensor and stores the measure result.
  40:Generated_Source\PSoC4/CapSense_INT.c **** *   2. Stores the result of the current measure and starts the next scan till all
  41:Generated_Source\PSoC4/CapSense_INT.c **** *      the enabled sensors are scanned.
  42:Generated_Source\PSoC4/CapSense_INT.c **** *  This interrupt handler is only used in one channel designs.
  43:Generated_Source\PSoC4/CapSense_INT.c **** *
  44:Generated_Source\PSoC4/CapSense_INT.c **** * Parameters:
  45:Generated_Source\PSoC4/CapSense_INT.c **** *  None
  46:Generated_Source\PSoC4/CapSense_INT.c **** *
  47:Generated_Source\PSoC4/CapSense_INT.c **** * Return:
  48:Generated_Source\PSoC4/CapSense_INT.c **** *  None
  49:Generated_Source\PSoC4/CapSense_INT.c **** *
  50:Generated_Source\PSoC4/CapSense_INT.c **** * Global Variables:
  51:Generated_Source\PSoC4/CapSense_INT.c **** *  CapSense_csv - used to provide the status and mode of the scanning process.
  52:Generated_Source\PSoC4/CapSense_INT.c **** *   Mode - a single scan or scan of all the enabled sensors.
  53:Generated_Source\PSoC4/CapSense_INT.c **** *   Status - scan is in progress or ready for new scan.
  54:Generated_Source\PSoC4/CapSense_INT.c **** *  CapSense_sensorIndex - used to store a sensor scanning sensor number.
  55:Generated_Source\PSoC4/CapSense_INT.c **** *
  56:Generated_Source\PSoC4/CapSense_INT.c **** * Reentrant:
  57:Generated_Source\PSoC4/CapSense_INT.c **** *  No
  58:Generated_Source\PSoC4/CapSense_INT.c **** *
  59:Generated_Source\PSoC4/CapSense_INT.c **** *******************************************************************************/
  60:Generated_Source\PSoC4/CapSense_INT.c **** CY_ISR(CapSense_ISR)
  61:Generated_Source\PSoC4/CapSense_INT.c **** {
  28              		.loc 1 61 0
  29              		.cfi_startproc
  30              		@ args = 0, pretend = 0, frame = 0
  31              		@ frame_needed = 0, uses_anonymous_args = 0
  32 0000 70B5     		push	{r4, r5, r6, lr}
  33              		.cfi_def_cfa_offset 16
  34              		.cfi_offset 4, -16
  35              		.cfi_offset 5, -12
  36              		.cfi_offset 6, -8
  37              		.cfi_offset 14, -4
  62:Generated_Source\PSoC4/CapSense_INT.c ****     static uint8 CapSense_snsIndexTmp;
  63:Generated_Source\PSoC4/CapSense_INT.c **** 
  64:Generated_Source\PSoC4/CapSense_INT.c ****     #ifdef CapSense_ISR_ENTRY_CALLBACK
  65:Generated_Source\PSoC4/CapSense_INT.c ****         CapSense_ISR_EntryCallback();
  66:Generated_Source\PSoC4/CapSense_INT.c ****     #endif /* CapSense_ISR_ENTRY_CALLBACK */
  67:Generated_Source\PSoC4/CapSense_INT.c **** 
  68:Generated_Source\PSoC4/CapSense_INT.c ****     /*  Place your Interrupt code here. */
  69:Generated_Source\PSoC4/CapSense_INT.c ****     /* `#START CapSense_ISR_ENTER` */
  70:Generated_Source\PSoC4/CapSense_INT.c **** 
  71:Generated_Source\PSoC4/CapSense_INT.c ****     /* `#END` */
  72:Generated_Source\PSoC4/CapSense_INT.c **** 
  73:Generated_Source\PSoC4/CapSense_INT.c ****     CyIntDisable(CapSense_ISR_NUMBER);
  74:Generated_Source\PSoC4/CapSense_INT.c **** 
  75:Generated_Source\PSoC4/CapSense_INT.c ****     CapSense_CSD_INTR_REG = 1u;
  38              		.loc 1 75 0
  39 0002 0124     		movs	r4, #1
ARM GAS  C:\Users\young\AppData\Local\Temp\ccKOuErb.s 			page 3


  73:Generated_Source\PSoC4/CapSense_INT.c **** 
  40              		.loc 1 73 0
  41 0004 0720     		movs	r0, #7
  42 0006 FFF7FEFF 		bl	CyIntDisable
  43              	.LVL0:
  44              		.loc 1 75 0
  45 000a 164B     		ldr	r3, .L11
  76:Generated_Source\PSoC4/CapSense_INT.c **** 
  77:Generated_Source\PSoC4/CapSense_INT.c ****     CapSense_PostScan((uint32)CapSense_sensorIndex);
  46              		.loc 1 77 0
  47 000c 164E     		ldr	r6, .L11+4
  75:Generated_Source\PSoC4/CapSense_INT.c **** 
  48              		.loc 1 75 0
  49 000e 1C60     		str	r4, [r3]
  50              		.loc 1 77 0
  51 0010 3078     		ldrb	r0, [r6]
  52 0012 C0B2     		uxtb	r0, r0
  53 0014 FFF7FEFF 		bl	CapSense_PostScan
  54              	.LVL1:
  78:Generated_Source\PSoC4/CapSense_INT.c **** 
  79:Generated_Source\PSoC4/CapSense_INT.c ****     if ((CapSense_csdStatusVar & CapSense_SW_CTRL_SINGLE_SCAN) != 0u)
  55              		.loc 1 79 0
  56 0018 144D     		ldr	r5, .L11+8
  57 001a 2B78     		ldrb	r3, [r5]
  58 001c 5BB2     		sxtb	r3, r3
  59 001e 002B     		cmp	r3, #0
  60 0020 17DB     		blt	.L9
  80:Generated_Source\PSoC4/CapSense_INT.c ****     {
  81:Generated_Source\PSoC4/CapSense_INT.c ****         CapSense_csdStatusVar &= (uint8)~CapSense_SW_STS_BUSY;
  82:Generated_Source\PSoC4/CapSense_INT.c ****     }
  83:Generated_Source\PSoC4/CapSense_INT.c ****     else
  84:Generated_Source\PSoC4/CapSense_INT.c ****     {
  85:Generated_Source\PSoC4/CapSense_INT.c ****         /* Proceed scanning */
  86:Generated_Source\PSoC4/CapSense_INT.c ****         CapSense_sensorIndex = CapSense_FindNextSensor(CapSense_sensorIndex);
  61              		.loc 1 86 0
  62 0022 3078     		ldrb	r0, [r6]
  63 0024 C0B2     		uxtb	r0, r0
  64 0026 FFF7FEFF 		bl	CapSense_FindNextSensor
  65              	.LVL2:
  66 002a 3070     		strb	r0, [r6]
  87:Generated_Source\PSoC4/CapSense_INT.c **** 
  88:Generated_Source\PSoC4/CapSense_INT.c ****         /* Check end of scan */
  89:Generated_Source\PSoC4/CapSense_INT.c ****         if(CapSense_sensorIndex < CapSense_TOTAL_SENSOR_COUNT)
  67              		.loc 1 89 0
  68 002c 3378     		ldrb	r3, [r6]
  69 002e 052B     		cmp	r3, #5
  70 0030 13D9     		bls	.L10
  90:Generated_Source\PSoC4/CapSense_INT.c ****         {
  91:Generated_Source\PSoC4/CapSense_INT.c ****             CapSense_PreScan((uint32)CapSense_sensorIndex);
  92:Generated_Source\PSoC4/CapSense_INT.c ****         }
  93:Generated_Source\PSoC4/CapSense_INT.c ****         else
  94:Generated_Source\PSoC4/CapSense_INT.c ****         {
  95:Generated_Source\PSoC4/CapSense_INT.c ****             CapSense_csdStatusVar &= (uint8)~CapSense_SW_STS_BUSY;
  71              		.loc 1 95 0
  72 0032 2B78     		ldrb	r3, [r5]
  73 0034 A343     		bics	r3, r4
  74 0036 2B70     		strb	r3, [r5]
ARM GAS  C:\Users\young\AppData\Local\Temp\ccKOuErb.s 			page 4


  96:Generated_Source\PSoC4/CapSense_INT.c **** 
  97:Generated_Source\PSoC4/CapSense_INT.c ****              /* Check if widget has been scanned */
  98:Generated_Source\PSoC4/CapSense_INT.c ****             if((CapSense_csdStatusVar & CapSense_SW_CTRL_WIDGET_SCAN) != 0u)
  75              		.loc 1 98 0
  76 0038 2B78     		ldrb	r3, [r5]
  77 003a 5B06     		lsls	r3, r3, #25
  78 003c 05D5     		bpl	.L3
  99:Generated_Source\PSoC4/CapSense_INT.c ****             {
 100:Generated_Source\PSoC4/CapSense_INT.c ****                 /* Restore sensorEnableMask array */
 101:Generated_Source\PSoC4/CapSense_INT.c ****                 for(CapSense_snsIndexTmp = 0u;
 102:Generated_Source\PSoC4/CapSense_INT.c ****                     CapSense_snsIndexTmp < CapSense_TOTAL_SENSOR_MASK;
 103:Generated_Source\PSoC4/CapSense_INT.c ****                     CapSense_snsIndexTmp++)
 104:Generated_Source\PSoC4/CapSense_INT.c ****                 {
 105:Generated_Source\PSoC4/CapSense_INT.c ****                     /* Backup sensorEnableMask array */
 106:Generated_Source\PSoC4/CapSense_INT.c ****                     CapSense_sensorEnableMask[CapSense_snsIndexTmp] = CapSense_sensorEnableMaskBack
  79              		.loc 1 106 0
  80 003e 0C4B     		ldr	r3, .L11+12
  81 0040 1A78     		ldrb	r2, [r3]
  82 0042 0C4B     		ldr	r3, .L11+16
  83 0044 1A70     		strb	r2, [r3]
 103:Generated_Source\PSoC4/CapSense_INT.c ****                 {
  84              		.loc 1 103 0
  85 0046 0C4B     		ldr	r3, .L11+20
  86 0048 1C70     		strb	r4, [r3]
  87              	.L3:
 107:Generated_Source\PSoC4/CapSense_INT.c ****                 }
 108:Generated_Source\PSoC4/CapSense_INT.c ****             }
 109:Generated_Source\PSoC4/CapSense_INT.c ****         }
 110:Generated_Source\PSoC4/CapSense_INT.c ****     }
 111:Generated_Source\PSoC4/CapSense_INT.c ****     CyIntEnable(CapSense_ISR_NUMBER);
  88              		.loc 1 111 0
  89 004a 0720     		movs	r0, #7
  90 004c FFF7FEFF 		bl	CyIntEnable
  91              	.LVL3:
 112:Generated_Source\PSoC4/CapSense_INT.c **** 
 113:Generated_Source\PSoC4/CapSense_INT.c ****     /*  Place your Interrupt code here. */
 114:Generated_Source\PSoC4/CapSense_INT.c ****     /* `#START CapSense_ISR_EXIT` */
 115:Generated_Source\PSoC4/CapSense_INT.c **** 
 116:Generated_Source\PSoC4/CapSense_INT.c ****     /* `#END` */
 117:Generated_Source\PSoC4/CapSense_INT.c **** 
 118:Generated_Source\PSoC4/CapSense_INT.c ****     #ifdef CapSense_ISR_EXIT_CALLBACK
 119:Generated_Source\PSoC4/CapSense_INT.c ****         CapSense_ISR_ExitCallback();
 120:Generated_Source\PSoC4/CapSense_INT.c ****     #endif /* CapSense_ISR_EXIT_CALLBACK */
 121:Generated_Source\PSoC4/CapSense_INT.c **** }
  92              		.loc 1 121 0
  93              		@ sp needed
  94 0050 70BD     		pop	{r4, r5, r6, pc}
  95              	.L9:
  81:Generated_Source\PSoC4/CapSense_INT.c ****     }
  96              		.loc 1 81 0
  97 0052 2B78     		ldrb	r3, [r5]
  98 0054 A343     		bics	r3, r4
  99 0056 2B70     		strb	r3, [r5]
 100 0058 F7E7     		b	.L3
 101              	.L10:
  91:Generated_Source\PSoC4/CapSense_INT.c ****         }
 102              		.loc 1 91 0
ARM GAS  C:\Users\young\AppData\Local\Temp\ccKOuErb.s 			page 5


 103 005a 3078     		ldrb	r0, [r6]
 104 005c C0B2     		uxtb	r0, r0
 105 005e FFF7FEFF 		bl	CapSense_PreScan
 106              	.LVL4:
 107 0062 F2E7     		b	.L3
 108              	.L12:
 109              		.align	2
 110              	.L11:
 111 0064 14000840 		.word	1074266132
 112 0068 00000000 		.word	CapSense_sensorIndex
 113 006c 00000000 		.word	CapSense_csdStatusVar
 114 0070 00000000 		.word	CapSense_sensorEnableMaskBackup
 115 0074 00000000 		.word	CapSense_sensorEnableMask
 116 0078 00000000 		.word	.LANCHOR0
 117              		.cfi_endproc
 118              	.LFE32:
 119              		.size	CapSense_ISR, .-CapSense_ISR
 120              		.bss
 121              		.set	.LANCHOR0,. + 0
 122              		.type	CapSense_snsIndexTmp.5299, %object
 123              		.size	CapSense_snsIndexTmp.5299, 1
 124              	CapSense_snsIndexTmp.5299:
 125 0000 00       		.space	1
 126              		.text
 127              	.Letext0:
 128              		.file 2 "Generated_Source\\PSoC4\\cytypes.h"
 129              		.file 3 "Generated_Source\\PSoC4\\CapSense.h"
 130              		.file 4 "Generated_Source\\PSoC4\\CyLib.h"
 131              		.file 5 "Generated_Source\\PSoC4\\CapSense_PVT.h"
 132              		.section	.debug_info,"",%progbits
 133              	.Ldebug_info0:
 134 0000 98010000 		.4byte	0x198
 135 0004 0400     		.2byte	0x4
 136 0006 00000000 		.4byte	.Ldebug_abbrev0
 137 000a 04       		.byte	0x4
 138 000b 01       		.uleb128 0x1
 139 000c 3E010000 		.4byte	.LASF26
 140 0010 0C       		.byte	0xc
 141 0011 D3010000 		.4byte	.LASF27
 142 0015 65000000 		.4byte	.LASF28
 143 0019 00000000 		.4byte	.Ldebug_ranges0+0
 144 001d 00000000 		.4byte	0
 145 0021 00000000 		.4byte	.Ldebug_line0
 146 0025 02       		.uleb128 0x2
 147 0026 01       		.byte	0x1
 148 0027 06       		.byte	0x6
 149 0028 93020000 		.4byte	.LASF0
 150 002c 02       		.uleb128 0x2
 151 002d 01       		.byte	0x1
 152 002e 08       		.byte	0x8
 153 002f D1000000 		.4byte	.LASF1
 154 0033 02       		.uleb128 0x2
 155 0034 02       		.byte	0x2
 156 0035 05       		.byte	0x5
 157 0036 6E020000 		.4byte	.LASF2
 158 003a 02       		.uleb128 0x2
 159 003b 02       		.byte	0x2
ARM GAS  C:\Users\young\AppData\Local\Temp\ccKOuErb.s 			page 6


 160 003c 07       		.byte	0x7
 161 003d 25000000 		.4byte	.LASF3
 162 0041 02       		.uleb128 0x2
 163 0042 04       		.byte	0x4
 164 0043 05       		.byte	0x5
 165 0044 7E020000 		.4byte	.LASF4
 166 0048 02       		.uleb128 0x2
 167 0049 04       		.byte	0x4
 168 004a 07       		.byte	0x7
 169 004b F7000000 		.4byte	.LASF5
 170 004f 02       		.uleb128 0x2
 171 0050 08       		.byte	0x8
 172 0051 05       		.byte	0x5
 173 0052 4E020000 		.4byte	.LASF6
 174 0056 02       		.uleb128 0x2
 175 0057 08       		.byte	0x8
 176 0058 07       		.byte	0x7
 177 0059 19020000 		.4byte	.LASF7
 178 005d 03       		.uleb128 0x3
 179 005e 04       		.byte	0x4
 180 005f 05       		.byte	0x5
 181 0060 696E7400 		.ascii	"int\000"
 182 0064 02       		.uleb128 0x2
 183 0065 04       		.byte	0x4
 184 0066 07       		.byte	0x7
 185 0067 0C020000 		.4byte	.LASF8
 186 006b 04       		.uleb128 0x4
 187 006c 78020000 		.4byte	.LASF9
 188 0070 02       		.byte	0x2
 189 0071 D201     		.2byte	0x1d2
 190 0073 2C000000 		.4byte	0x2c
 191 0077 04       		.uleb128 0x4
 192 0078 05020000 		.4byte	.LASF10
 193 007c 02       		.byte	0x2
 194 007d D401     		.2byte	0x1d4
 195 007f 48000000 		.4byte	0x48
 196 0083 02       		.uleb128 0x2
 197 0084 04       		.byte	0x4
 198 0085 04       		.byte	0x4
 199 0086 5F000000 		.4byte	.LASF11
 200 008a 02       		.uleb128 0x2
 201 008b 08       		.byte	0x8
 202 008c 04       		.byte	0x4
 203 008d CC010000 		.4byte	.LASF12
 204 0091 02       		.uleb128 0x2
 205 0092 01       		.byte	0x1
 206 0093 08       		.byte	0x8
 207 0094 5C020000 		.4byte	.LASF13
 208 0098 05       		.uleb128 0x5
 209 0099 6B000000 		.4byte	0x6b
 210 009d 04       		.uleb128 0x4
 211 009e 00000000 		.4byte	.LASF14
 212 00a2 02       		.byte	0x2
 213 00a3 7E02     		.2byte	0x27e
 214 00a5 A9000000 		.4byte	0xa9
 215 00a9 05       		.uleb128 0x5
 216 00aa 77000000 		.4byte	0x77
ARM GAS  C:\Users\young\AppData\Local\Temp\ccKOuErb.s 			page 7


 217 00ae 02       		.uleb128 0x2
 218 00af 04       		.byte	0x4
 219 00b0 07       		.byte	0x7
 220 00b1 45020000 		.4byte	.LASF15
 221 00b5 02       		.uleb128 0x2
 222 00b6 08       		.byte	0x8
 223 00b7 04       		.byte	0x4
 224 00b8 87020000 		.4byte	.LASF16
 225 00bc 06       		.uleb128 0x6
 226 00bd 18000000 		.4byte	.LASF29
 227 00c1 01       		.byte	0x1
 228 00c2 3C       		.byte	0x3c
 229 00c3 00000000 		.4byte	.LFB32
 230 00c7 7C000000 		.4byte	.LFE32-.LFB32
 231 00cb 01       		.uleb128 0x1
 232 00cc 9C       		.byte	0x9c
 233 00cd 24010000 		.4byte	0x124
 234 00d1 07       		.uleb128 0x7
 235 00d2 29010000 		.4byte	.LASF30
 236 00d6 01       		.byte	0x1
 237 00d7 3E       		.byte	0x3e
 238 00d8 6B000000 		.4byte	0x6b
 239 00dc 05       		.uleb128 0x5
 240 00dd 03       		.byte	0x3
 241 00de 00000000 		.4byte	CapSense_snsIndexTmp.5299
 242 00e2 08       		.uleb128 0x8
 243 00e3 0A000000 		.4byte	.LVL0
 244 00e7 64010000 		.4byte	0x164
 245 00eb F5000000 		.4byte	0xf5
 246 00ef 09       		.uleb128 0x9
 247 00f0 01       		.uleb128 0x1
 248 00f1 50       		.byte	0x50
 249 00f2 01       		.uleb128 0x1
 250 00f3 37       		.byte	0x37
 251 00f4 00       		.byte	0
 252 00f5 0A       		.uleb128 0xa
 253 00f6 18000000 		.4byte	.LVL1
 254 00fa 6F010000 		.4byte	0x16f
 255 00fe 0A       		.uleb128 0xa
 256 00ff 2A000000 		.4byte	.LVL2
 257 0103 7A010000 		.4byte	0x17a
 258 0107 08       		.uleb128 0x8
 259 0108 50000000 		.4byte	.LVL3
 260 010c 85010000 		.4byte	0x185
 261 0110 1A010000 		.4byte	0x11a
 262 0114 09       		.uleb128 0x9
 263 0115 01       		.uleb128 0x1
 264 0116 50       		.byte	0x50
 265 0117 01       		.uleb128 0x1
 266 0118 37       		.byte	0x37
 267 0119 00       		.byte	0
 268 011a 0A       		.uleb128 0xa
 269 011b 62000000 		.4byte	.LVL4
 270 011f 90010000 		.4byte	0x190
 271 0123 00       		.byte	0
 272 0124 0B       		.uleb128 0xb
 273 0125 38000000 		.4byte	.LASF17
ARM GAS  C:\Users\young\AppData\Local\Temp\ccKOuErb.s 			page 8


 274 0129 03       		.byte	0x3
 275 012a BD02     		.2byte	0x2bd
 276 012c 98000000 		.4byte	0x98
 277 0130 0B       		.uleb128 0xb
 278 0131 30020000 		.4byte	.LASF18
 279 0135 03       		.byte	0x3
 280 0136 BE02     		.2byte	0x2be
 281 0138 98000000 		.4byte	0x98
 282 013c 0C       		.uleb128 0xc
 283 013d 6B000000 		.4byte	0x6b
 284 0141 4C010000 		.4byte	0x14c
 285 0145 0D       		.uleb128 0xd
 286 0146 AE000000 		.4byte	0xae
 287 014a 00       		.byte	0
 288 014b 00       		.byte	0
 289 014c 0B       		.uleb128 0xb
 290 014d 09010000 		.4byte	.LASF19
 291 0151 03       		.byte	0x3
 292 0152 C102     		.2byte	0x2c1
 293 0154 3C010000 		.4byte	0x13c
 294 0158 0B       		.uleb128 0xb
 295 0159 9F020000 		.4byte	.LASF20
 296 015d 03       		.byte	0x3
 297 015e C202     		.2byte	0x2c2
 298 0160 3C010000 		.4byte	0x13c
 299 0164 0E       		.uleb128 0xe
 300 0165 61020000 		.4byte	.LASF21
 301 0169 61020000 		.4byte	.LASF21
 302 016d 04       		.byte	0x4
 303 016e C5       		.byte	0xc5
 304 016f 0E       		.uleb128 0xe
 305 0170 06000000 		.4byte	.LASF22
 306 0174 06000000 		.4byte	.LASF22
 307 0178 05       		.byte	0x5
 308 0179 5B       		.byte	0x5b
 309 017a 0E       		.uleb128 0xe
 310 017b DF000000 		.4byte	.LASF23
 311 017f DF000000 		.4byte	.LASF23
 312 0183 05       		.byte	0x5
 313 0184 6E       		.byte	0x6e
 314 0185 0E       		.uleb128 0xe
 315 0186 F9010000 		.4byte	.LASF24
 316 018a F9010000 		.4byte	.LASF24
 317 018e 04       		.byte	0x4
 318 018f C3       		.byte	0xc3
 319 0190 0E       		.uleb128 0xe
 320 0191 4E000000 		.4byte	.LASF25
 321 0195 4E000000 		.4byte	.LASF25
 322 0199 05       		.byte	0x5
 323 019a 5A       		.byte	0x5a
 324 019b 00       		.byte	0
 325              		.section	.debug_abbrev,"",%progbits
 326              	.Ldebug_abbrev0:
 327 0000 01       		.uleb128 0x1
 328 0001 11       		.uleb128 0x11
 329 0002 01       		.byte	0x1
 330 0003 25       		.uleb128 0x25
ARM GAS  C:\Users\young\AppData\Local\Temp\ccKOuErb.s 			page 9


 331 0004 0E       		.uleb128 0xe
 332 0005 13       		.uleb128 0x13
 333 0006 0B       		.uleb128 0xb
 334 0007 03       		.uleb128 0x3
 335 0008 0E       		.uleb128 0xe
 336 0009 1B       		.uleb128 0x1b
 337 000a 0E       		.uleb128 0xe
 338 000b 55       		.uleb128 0x55
 339 000c 17       		.uleb128 0x17
 340 000d 11       		.uleb128 0x11
 341 000e 01       		.uleb128 0x1
 342 000f 10       		.uleb128 0x10
 343 0010 17       		.uleb128 0x17
 344 0011 00       		.byte	0
 345 0012 00       		.byte	0
 346 0013 02       		.uleb128 0x2
 347 0014 24       		.uleb128 0x24
 348 0015 00       		.byte	0
 349 0016 0B       		.uleb128 0xb
 350 0017 0B       		.uleb128 0xb
 351 0018 3E       		.uleb128 0x3e
 352 0019 0B       		.uleb128 0xb
 353 001a 03       		.uleb128 0x3
 354 001b 0E       		.uleb128 0xe
 355 001c 00       		.byte	0
 356 001d 00       		.byte	0
 357 001e 03       		.uleb128 0x3
 358 001f 24       		.uleb128 0x24
 359 0020 00       		.byte	0
 360 0021 0B       		.uleb128 0xb
 361 0022 0B       		.uleb128 0xb
 362 0023 3E       		.uleb128 0x3e
 363 0024 0B       		.uleb128 0xb
 364 0025 03       		.uleb128 0x3
 365 0026 08       		.uleb128 0x8
 366 0027 00       		.byte	0
 367 0028 00       		.byte	0
 368 0029 04       		.uleb128 0x4
 369 002a 16       		.uleb128 0x16
 370 002b 00       		.byte	0
 371 002c 03       		.uleb128 0x3
 372 002d 0E       		.uleb128 0xe
 373 002e 3A       		.uleb128 0x3a
 374 002f 0B       		.uleb128 0xb
 375 0030 3B       		.uleb128 0x3b
 376 0031 05       		.uleb128 0x5
 377 0032 49       		.uleb128 0x49
 378 0033 13       		.uleb128 0x13
 379 0034 00       		.byte	0
 380 0035 00       		.byte	0
 381 0036 05       		.uleb128 0x5
 382 0037 35       		.uleb128 0x35
 383 0038 00       		.byte	0
 384 0039 49       		.uleb128 0x49
 385 003a 13       		.uleb128 0x13
 386 003b 00       		.byte	0
 387 003c 00       		.byte	0
ARM GAS  C:\Users\young\AppData\Local\Temp\ccKOuErb.s 			page 10


 388 003d 06       		.uleb128 0x6
 389 003e 2E       		.uleb128 0x2e
 390 003f 01       		.byte	0x1
 391 0040 3F       		.uleb128 0x3f
 392 0041 19       		.uleb128 0x19
 393 0042 03       		.uleb128 0x3
 394 0043 0E       		.uleb128 0xe
 395 0044 3A       		.uleb128 0x3a
 396 0045 0B       		.uleb128 0xb
 397 0046 3B       		.uleb128 0x3b
 398 0047 0B       		.uleb128 0xb
 399 0048 27       		.uleb128 0x27
 400 0049 19       		.uleb128 0x19
 401 004a 11       		.uleb128 0x11
 402 004b 01       		.uleb128 0x1
 403 004c 12       		.uleb128 0x12
 404 004d 06       		.uleb128 0x6
 405 004e 40       		.uleb128 0x40
 406 004f 18       		.uleb128 0x18
 407 0050 9742     		.uleb128 0x2117
 408 0052 19       		.uleb128 0x19
 409 0053 01       		.uleb128 0x1
 410 0054 13       		.uleb128 0x13
 411 0055 00       		.byte	0
 412 0056 00       		.byte	0
 413 0057 07       		.uleb128 0x7
 414 0058 34       		.uleb128 0x34
 415 0059 00       		.byte	0
 416 005a 03       		.uleb128 0x3
 417 005b 0E       		.uleb128 0xe
 418 005c 3A       		.uleb128 0x3a
 419 005d 0B       		.uleb128 0xb
 420 005e 3B       		.uleb128 0x3b
 421 005f 0B       		.uleb128 0xb
 422 0060 49       		.uleb128 0x49
 423 0061 13       		.uleb128 0x13
 424 0062 02       		.uleb128 0x2
 425 0063 18       		.uleb128 0x18
 426 0064 00       		.byte	0
 427 0065 00       		.byte	0
 428 0066 08       		.uleb128 0x8
 429 0067 898201   		.uleb128 0x4109
 430 006a 01       		.byte	0x1
 431 006b 11       		.uleb128 0x11
 432 006c 01       		.uleb128 0x1
 433 006d 31       		.uleb128 0x31
 434 006e 13       		.uleb128 0x13
 435 006f 01       		.uleb128 0x1
 436 0070 13       		.uleb128 0x13
 437 0071 00       		.byte	0
 438 0072 00       		.byte	0
 439 0073 09       		.uleb128 0x9
 440 0074 8A8201   		.uleb128 0x410a
 441 0077 00       		.byte	0
 442 0078 02       		.uleb128 0x2
 443 0079 18       		.uleb128 0x18
 444 007a 9142     		.uleb128 0x2111
ARM GAS  C:\Users\young\AppData\Local\Temp\ccKOuErb.s 			page 11


 445 007c 18       		.uleb128 0x18
 446 007d 00       		.byte	0
 447 007e 00       		.byte	0
 448 007f 0A       		.uleb128 0xa
 449 0080 898201   		.uleb128 0x4109
 450 0083 00       		.byte	0
 451 0084 11       		.uleb128 0x11
 452 0085 01       		.uleb128 0x1
 453 0086 31       		.uleb128 0x31
 454 0087 13       		.uleb128 0x13
 455 0088 00       		.byte	0
 456 0089 00       		.byte	0
 457 008a 0B       		.uleb128 0xb
 458 008b 34       		.uleb128 0x34
 459 008c 00       		.byte	0
 460 008d 03       		.uleb128 0x3
 461 008e 0E       		.uleb128 0xe
 462 008f 3A       		.uleb128 0x3a
 463 0090 0B       		.uleb128 0xb
 464 0091 3B       		.uleb128 0x3b
 465 0092 05       		.uleb128 0x5
 466 0093 49       		.uleb128 0x49
 467 0094 13       		.uleb128 0x13
 468 0095 3F       		.uleb128 0x3f
 469 0096 19       		.uleb128 0x19
 470 0097 3C       		.uleb128 0x3c
 471 0098 19       		.uleb128 0x19
 472 0099 00       		.byte	0
 473 009a 00       		.byte	0
 474 009b 0C       		.uleb128 0xc
 475 009c 01       		.uleb128 0x1
 476 009d 01       		.byte	0x1
 477 009e 49       		.uleb128 0x49
 478 009f 13       		.uleb128 0x13
 479 00a0 01       		.uleb128 0x1
 480 00a1 13       		.uleb128 0x13
 481 00a2 00       		.byte	0
 482 00a3 00       		.byte	0
 483 00a4 0D       		.uleb128 0xd
 484 00a5 21       		.uleb128 0x21
 485 00a6 00       		.byte	0
 486 00a7 49       		.uleb128 0x49
 487 00a8 13       		.uleb128 0x13
 488 00a9 2F       		.uleb128 0x2f
 489 00aa 0B       		.uleb128 0xb
 490 00ab 00       		.byte	0
 491 00ac 00       		.byte	0
 492 00ad 0E       		.uleb128 0xe
 493 00ae 2E       		.uleb128 0x2e
 494 00af 00       		.byte	0
 495 00b0 3F       		.uleb128 0x3f
 496 00b1 19       		.uleb128 0x19
 497 00b2 3C       		.uleb128 0x3c
 498 00b3 19       		.uleb128 0x19
 499 00b4 6E       		.uleb128 0x6e
 500 00b5 0E       		.uleb128 0xe
 501 00b6 03       		.uleb128 0x3
ARM GAS  C:\Users\young\AppData\Local\Temp\ccKOuErb.s 			page 12


 502 00b7 0E       		.uleb128 0xe
 503 00b8 3A       		.uleb128 0x3a
 504 00b9 0B       		.uleb128 0xb
 505 00ba 3B       		.uleb128 0x3b
 506 00bb 0B       		.uleb128 0xb
 507 00bc 00       		.byte	0
 508 00bd 00       		.byte	0
 509 00be 00       		.byte	0
 510              		.section	.debug_aranges,"",%progbits
 511 0000 1C000000 		.4byte	0x1c
 512 0004 0200     		.2byte	0x2
 513 0006 00000000 		.4byte	.Ldebug_info0
 514 000a 04       		.byte	0x4
 515 000b 00       		.byte	0
 516 000c 0000     		.2byte	0
 517 000e 0000     		.2byte	0
 518 0010 00000000 		.4byte	.LFB32
 519 0014 7C000000 		.4byte	.LFE32-.LFB32
 520 0018 00000000 		.4byte	0
 521 001c 00000000 		.4byte	0
 522              		.section	.debug_ranges,"",%progbits
 523              	.Ldebug_ranges0:
 524 0000 00000000 		.4byte	.LFB32
 525 0004 7C000000 		.4byte	.LFE32
 526 0008 00000000 		.4byte	0
 527 000c 00000000 		.4byte	0
 528              		.section	.debug_line,"",%progbits
 529              	.Ldebug_line0:
 530 0000 A1000000 		.section	.debug_str,"MS",%progbits,1
 530      02007400 
 530      00000201 
 530      FB0E0D00 
 530      01010101 
 531              	.LASF14:
 532 0000 72656733 		.ascii	"reg32\000"
 532      3200
 533              	.LASF22:
 534 0006 43617053 		.ascii	"CapSense_PostScan\000"
 534      656E7365 
 534      5F506F73 
 534      74536361 
 534      6E00
 535              	.LASF29:
 536 0018 43617053 		.ascii	"CapSense_ISR\000"
 536      656E7365 
 536      5F495352 
 536      00
 537              	.LASF3:
 538 0025 73686F72 		.ascii	"short unsigned int\000"
 538      7420756E 
 538      7369676E 
 538      65642069 
 538      6E7400
 539              	.LASF17:
 540 0038 43617053 		.ascii	"CapSense_csdStatusVar\000"
 540      656E7365 
 540      5F637364 
ARM GAS  C:\Users\young\AppData\Local\Temp\ccKOuErb.s 			page 13


 540      53746174 
 540      75735661 
 541              	.LASF25:
 542 004e 43617053 		.ascii	"CapSense_PreScan\000"
 542      656E7365 
 542      5F507265 
 542      5363616E 
 542      00
 543              	.LASF11:
 544 005f 666C6F61 		.ascii	"float\000"
 544      7400
 545              	.LASF28:
 546 0065 433A5C55 		.ascii	"C:\\Users\\Public\\touch\\(NowC302)A1_Global_Multi_"
 546      73657273 
 546      5C507562 
 546      6C69635C 
 546      746F7563 
 547 0094 43726561 		.ascii	"Creator4.1_hawkeye\\CapSense_CSD_P4_Example_WithTun"
 547      746F7234 
 547      2E315F68 
 547      61776B65 
 547      79655C43 
 548 00c6 65723031 		.ascii	"er01.cydsn\000"
 548      2E637964 
 548      736E00
 549              	.LASF1:
 550 00d1 756E7369 		.ascii	"unsigned char\000"
 550      676E6564 
 550      20636861 
 550      7200
 551              	.LASF23:
 552 00df 43617053 		.ascii	"CapSense_FindNextSensor\000"
 552      656E7365 
 552      5F46696E 
 552      644E6578 
 552      7453656E 
 553              	.LASF5:
 554 00f7 6C6F6E67 		.ascii	"long unsigned int\000"
 554      20756E73 
 554      69676E65 
 554      6420696E 
 554      7400
 555              	.LASF19:
 556 0109 43617053 		.ascii	"CapSense_sensorEnableMaskBackup\000"
 556      656E7365 
 556      5F73656E 
 556      736F7245 
 556      6E61626C 
 557              	.LASF30:
 558 0129 43617053 		.ascii	"CapSense_snsIndexTmp\000"
 558      656E7365 
 558      5F736E73 
 558      496E6465 
 558      78546D70 
 559              	.LASF26:
 560 013e 474E5520 		.ascii	"GNU C11 5.4.1 20160609 (release) [ARM/embedded-5-br"
 560      43313120 
ARM GAS  C:\Users\young\AppData\Local\Temp\ccKOuErb.s 			page 14


 560      352E342E 
 560      31203230 
 560      31363036 
 561 0171 616E6368 		.ascii	"anch revision 237715] -mcpu=cortex-m0 -mthumb -g -O"
 561      20726576 
 561      6973696F 
 561      6E203233 
 561      37373135 
 562 01a4 33202D66 		.ascii	"3 -ffunction-sections -ffat-lto-objects\000"
 562      66756E63 
 562      74696F6E 
 562      2D736563 
 562      74696F6E 
 563              	.LASF12:
 564 01cc 646F7562 		.ascii	"double\000"
 564      6C6500
 565              	.LASF27:
 566 01d3 47656E65 		.ascii	"Generated_Source\\PSoC4\\CapSense_INT.c\000"
 566      72617465 
 566      645F536F 
 566      75726365 
 566      5C50536F 
 567              	.LASF24:
 568 01f9 4379496E 		.ascii	"CyIntEnable\000"
 568      74456E61 
 568      626C6500 
 569              	.LASF10:
 570 0205 75696E74 		.ascii	"uint32\000"
 570      333200
 571              	.LASF8:
 572 020c 756E7369 		.ascii	"unsigned int\000"
 572      676E6564 
 572      20696E74 
 572      00
 573              	.LASF7:
 574 0219 6C6F6E67 		.ascii	"long long unsigned int\000"
 574      206C6F6E 
 574      6720756E 
 574      7369676E 
 574      65642069 
 575              	.LASF18:
 576 0230 43617053 		.ascii	"CapSense_sensorIndex\000"
 576      656E7365 
 576      5F73656E 
 576      736F7249 
 576      6E646578 
 577              	.LASF15:
 578 0245 73697A65 		.ascii	"sizetype\000"
 578      74797065 
 578      00
 579              	.LASF6:
 580 024e 6C6F6E67 		.ascii	"long long int\000"
 580      206C6F6E 
 580      6720696E 
 580      7400
 581              	.LASF13:
 582 025c 63686172 		.ascii	"char\000"
ARM GAS  C:\Users\young\AppData\Local\Temp\ccKOuErb.s 			page 15


 582      00
 583              	.LASF21:
 584 0261 4379496E 		.ascii	"CyIntDisable\000"
 584      74446973 
 584      61626C65 
 584      00
 585              	.LASF2:
 586 026e 73686F72 		.ascii	"short int\000"
 586      7420696E 
 586      7400
 587              	.LASF9:
 588 0278 75696E74 		.ascii	"uint8\000"
 588      3800
 589              	.LASF4:
 590 027e 6C6F6E67 		.ascii	"long int\000"
 590      20696E74 
 590      00
 591              	.LASF16:
 592 0287 6C6F6E67 		.ascii	"long double\000"
 592      20646F75 
 592      626C6500 
 593              	.LASF0:
 594 0293 7369676E 		.ascii	"signed char\000"
 594      65642063 
 594      68617200 
 595              	.LASF20:
 596 029f 43617053 		.ascii	"CapSense_sensorEnableMask\000"
 596      656E7365 
 596      5F73656E 
 596      736F7245 
 596      6E61626C 
 597              		.ident	"GCC: (GNU Tools for ARM Embedded Processors) 5.4.1 20160609 (release) [ARM/embedded-5-bran
