ARM GAS  C:\Users\young\AppData\Local\Temp\cckq8EHd.s 			page 1


   1              		.syntax unified
   2              		.cpu cortex-m0
   3              		.fpu softvfp
   4              		.eabi_attribute 20, 1
   5              		.eabi_attribute 21, 1
   6              		.eabi_attribute 23, 3
   7              		.eabi_attribute 24, 1
   8              		.eabi_attribute 25, 1
   9              		.eabi_attribute 26, 1
  10              		.eabi_attribute 30, 2
  11              		.eabi_attribute 34, 0
  12              		.eabi_attribute 18, 4
  13              		.thumb
  14              		.syntax unified
  15              		.file	"CapSense_PM.c"
  16              		.text
  17              	.Ltext0:
  18              		.cfi_sections	.debug_frame
  19              		.section	.text.CapSense_SaveConfig,"ax",%progbits
  20              		.align	2
  21              		.global	CapSense_SaveConfig
  22              		.code	16
  23              		.thumb_func
  24              		.type	CapSense_SaveConfig, %function
  25              	CapSense_SaveConfig:
  26              	.LFB32:
  27              		.file 1 "Generated_Source\\PSoC4\\CapSense_PM.c"
   1:Generated_Source\PSoC4/CapSense_PM.c **** /*******************************************************************************
   2:Generated_Source\PSoC4/CapSense_PM.c **** * File Name: CapSense_PM.c
   3:Generated_Source\PSoC4/CapSense_PM.c **** * Version 2.60
   4:Generated_Source\PSoC4/CapSense_PM.c **** *
   5:Generated_Source\PSoC4/CapSense_PM.c **** * Description:
   6:Generated_Source\PSoC4/CapSense_PM.c **** *  This file provides Sleep APIs for CapSense CSD Component.
   7:Generated_Source\PSoC4/CapSense_PM.c **** *
   8:Generated_Source\PSoC4/CapSense_PM.c **** * Note:
   9:Generated_Source\PSoC4/CapSense_PM.c **** *
  10:Generated_Source\PSoC4/CapSense_PM.c **** ********************************************************************************
  11:Generated_Source\PSoC4/CapSense_PM.c **** * Copyright 2013-2016, Cypress Semiconductor Corporation.  All rights reserved.
  12:Generated_Source\PSoC4/CapSense_PM.c **** * You may use this file only in accordance with the license, terms, conditions,
  13:Generated_Source\PSoC4/CapSense_PM.c **** * disclaimers, and limitations in the end user license agreement accompanying
  14:Generated_Source\PSoC4/CapSense_PM.c **** * the software package with which this file was provided.
  15:Generated_Source\PSoC4/CapSense_PM.c **** *******************************************************************************/
  16:Generated_Source\PSoC4/CapSense_PM.c **** 
  17:Generated_Source\PSoC4/CapSense_PM.c **** #include "CapSense.h"
  18:Generated_Source\PSoC4/CapSense_PM.c **** 
  19:Generated_Source\PSoC4/CapSense_PM.c **** static CapSense_BACKUP_STRUCT CapSense_backup =
  20:Generated_Source\PSoC4/CapSense_PM.c **** {
  21:Generated_Source\PSoC4/CapSense_PM.c ****     0x00u, /* enableState; */
  22:Generated_Source\PSoC4/CapSense_PM.c **** };
  23:Generated_Source\PSoC4/CapSense_PM.c **** 
  24:Generated_Source\PSoC4/CapSense_PM.c **** 
  25:Generated_Source\PSoC4/CapSense_PM.c **** /*******************************************************************************
  26:Generated_Source\PSoC4/CapSense_PM.c **** * Function Name: CapSense_SaveConfig
  27:Generated_Source\PSoC4/CapSense_PM.c **** ********************************************************************************
  28:Generated_Source\PSoC4/CapSense_PM.c **** *
  29:Generated_Source\PSoC4/CapSense_PM.c **** * Summary:
  30:Generated_Source\PSoC4/CapSense_PM.c **** *  Saves the customer configuration of CapSense.
ARM GAS  C:\Users\young\AppData\Local\Temp\cckq8EHd.s 			page 2


  31:Generated_Source\PSoC4/CapSense_PM.c **** *
  32:Generated_Source\PSoC4/CapSense_PM.c **** * Parameters:
  33:Generated_Source\PSoC4/CapSense_PM.c **** *  None
  34:Generated_Source\PSoC4/CapSense_PM.c **** *
  35:Generated_Source\PSoC4/CapSense_PM.c **** * Return:
  36:Generated_Source\PSoC4/CapSense_PM.c **** *  None
  37:Generated_Source\PSoC4/CapSense_PM.c **** *
  38:Generated_Source\PSoC4/CapSense_PM.c **** * Global Variables:
  39:Generated_Source\PSoC4/CapSense_PM.c **** *  CapSense_backup - used to save the component state before entering the  sleep
  40:Generated_Source\PSoC4/CapSense_PM.c **** *  mode and none-retention registers.
  41:Generated_Source\PSoC4/CapSense_PM.c **** *
  42:Generated_Source\PSoC4/CapSense_PM.c **** * Side Effects:
  43:Generated_Source\PSoC4/CapSense_PM.c **** *  None
  44:Generated_Source\PSoC4/CapSense_PM.c **** *
  45:Generated_Source\PSoC4/CapSense_PM.c **** *******************************************************************************/
  46:Generated_Source\PSoC4/CapSense_PM.c **** void CapSense_SaveConfig(void)
  47:Generated_Source\PSoC4/CapSense_PM.c **** {
  28              		.loc 1 47 0
  29              		.cfi_startproc
  30              		@ args = 0, pretend = 0, frame = 0
  31              		@ frame_needed = 0, uses_anonymous_args = 0
  32              		@ link register save eliminated.
  48:Generated_Source\PSoC4/CapSense_PM.c ****     if ((CapSense_CSD_CFG_REG & CapSense_CSD_CFG_ENABLE) != 0u)
  33              		.loc 1 48 0
  34 0000 034B     		ldr	r3, .L4
  35 0002 1B68     		ldr	r3, [r3]
  36 0004 002B     		cmp	r3, #0
  37 0006 02DA     		bge	.L1
  49:Generated_Source\PSoC4/CapSense_PM.c ****     {
  50:Generated_Source\PSoC4/CapSense_PM.c ****         CapSense_backup.enableState = 1u;
  38              		.loc 1 50 0
  39 0008 0122     		movs	r2, #1
  40 000a 024B     		ldr	r3, .L4+4
  41 000c 1A70     		strb	r2, [r3]
  42              	.L1:
  51:Generated_Source\PSoC4/CapSense_PM.c ****     }
  52:Generated_Source\PSoC4/CapSense_PM.c **** }
  43              		.loc 1 52 0
  44              		@ sp needed
  45 000e 7047     		bx	lr
  46              	.L5:
  47              		.align	2
  48              	.L4:
  49 0010 04000840 		.word	1074266116
  50 0014 00000000 		.word	.LANCHOR0
  51              		.cfi_endproc
  52              	.LFE32:
  53              		.size	CapSense_SaveConfig, .-CapSense_SaveConfig
  54              		.section	.text.CapSense_Sleep,"ax",%progbits
  55              		.align	2
  56              		.global	CapSense_Sleep
  57              		.code	16
  58              		.thumb_func
  59              		.type	CapSense_Sleep, %function
  60              	CapSense_Sleep:
  61              	.LFB33:
  53:Generated_Source\PSoC4/CapSense_PM.c **** 
ARM GAS  C:\Users\young\AppData\Local\Temp\cckq8EHd.s 			page 3


  54:Generated_Source\PSoC4/CapSense_PM.c **** 
  55:Generated_Source\PSoC4/CapSense_PM.c **** /*******************************************************************************
  56:Generated_Source\PSoC4/CapSense_PM.c **** * Function Name: CapSense_Sleep
  57:Generated_Source\PSoC4/CapSense_PM.c **** ********************************************************************************
  58:Generated_Source\PSoC4/CapSense_PM.c **** *
  59:Generated_Source\PSoC4/CapSense_PM.c **** * Summary:
  60:Generated_Source\PSoC4/CapSense_PM.c **** *  Disables the Active mode power.
  61:Generated_Source\PSoC4/CapSense_PM.c **** *
  62:Generated_Source\PSoC4/CapSense_PM.c **** * Parameters:
  63:Generated_Source\PSoC4/CapSense_PM.c **** *  None
  64:Generated_Source\PSoC4/CapSense_PM.c **** *
  65:Generated_Source\PSoC4/CapSense_PM.c **** * Return:
  66:Generated_Source\PSoC4/CapSense_PM.c **** *  None
  67:Generated_Source\PSoC4/CapSense_PM.c **** *
  68:Generated_Source\PSoC4/CapSense_PM.c **** * Global Variables:
  69:Generated_Source\PSoC4/CapSense_PM.c **** *  CapSense_backup - used to save the component state before entering the sleep
  70:Generated_Source\PSoC4/CapSense_PM.c **** *  mode.
  71:Generated_Source\PSoC4/CapSense_PM.c **** *
  72:Generated_Source\PSoC4/CapSense_PM.c **** *******************************************************************************/
  73:Generated_Source\PSoC4/CapSense_PM.c **** void CapSense_Sleep(void)
  74:Generated_Source\PSoC4/CapSense_PM.c **** {
  62              		.loc 1 74 0
  63              		.cfi_startproc
  64              		@ args = 0, pretend = 0, frame = 0
  65              		@ frame_needed = 0, uses_anonymous_args = 0
  66              	.LBB4:
  67              	.LBB5:
  48:Generated_Source\PSoC4/CapSense_PM.c ****     {
  68              		.loc 1 48 0
  69 0000 0C4B     		ldr	r3, .L8
  70              	.LBE5:
  71              	.LBE4:
  72              		.loc 1 74 0
  73 0002 10B5     		push	{r4, lr}
  74              		.cfi_def_cfa_offset 8
  75              		.cfi_offset 4, -8
  76              		.cfi_offset 14, -4
  77              	.LBB7:
  78              	.LBB6:
  48:Generated_Source\PSoC4/CapSense_PM.c ****     {
  79              		.loc 1 48 0
  80 0004 1B68     		ldr	r3, [r3]
  81 0006 002B     		cmp	r3, #0
  82 0008 02DA     		bge	.L7
  50:Generated_Source\PSoC4/CapSense_PM.c ****     }
  83              		.loc 1 50 0
  84 000a 0122     		movs	r2, #1
  85 000c 0A4B     		ldr	r3, .L8+4
  86 000e 1A70     		strb	r2, [r3]
  87              	.L7:
  88              	.LBE6:
  89              	.LBE7:
  75:Generated_Source\PSoC4/CapSense_PM.c ****     CapSense_SaveConfig();
  76:Generated_Source\PSoC4/CapSense_PM.c **** 
  77:Generated_Source\PSoC4/CapSense_PM.c ****     /* Disable interrupt */
  78:Generated_Source\PSoC4/CapSense_PM.c ****     CyIntDisable(CapSense_ISR_NUMBER);
  90              		.loc 1 78 0
ARM GAS  C:\Users\young\AppData\Local\Temp\cckq8EHd.s 			page 4


  91 0010 0720     		movs	r0, #7
  92 0012 FFF7FEFF 		bl	CyIntDisable
  93              	.LVL0:
  79:Generated_Source\PSoC4/CapSense_PM.c **** 
  80:Generated_Source\PSoC4/CapSense_PM.c ****     CapSense_CSD_CFG_REG &= ~(CapSense_CSD_CFG_SENSE_COMP_EN | CapSense_CSD_CFG_SENSE_EN);
  94              		.loc 1 80 0
  95 0016 074A     		ldr	r2, .L8
  96 0018 084B     		ldr	r3, .L8+8
  97 001a 1168     		ldr	r1, [r2]
  81:Generated_Source\PSoC4/CapSense_PM.c **** 
  82:Generated_Source\PSoC4/CapSense_PM.c ****     #if(CapSense_IDAC_CNT == 2u)
  83:Generated_Source\PSoC4/CapSense_PM.c ****         CapSense_CSD_CFG_REG &= ~(CapSense_CSD_CFG_ENABLE);
  84:Generated_Source\PSoC4/CapSense_PM.c ****     #endif /* (CapSense_IDAC_CNT == 2u) */
  85:Generated_Source\PSoC4/CapSense_PM.c **** 
  86:Generated_Source\PSoC4/CapSense_PM.c ****     /* Disable Clocks */
  87:Generated_Source\PSoC4/CapSense_PM.c ****     CapSense_SenseClk_Stop();
  88:Generated_Source\PSoC4/CapSense_PM.c ****     CapSense_SampleClk_Stop();
  89:Generated_Source\PSoC4/CapSense_PM.c **** }
  98              		.loc 1 89 0
  99              		@ sp needed
  80:Generated_Source\PSoC4/CapSense_PM.c **** 
 100              		.loc 1 80 0
 101 001c 0B40     		ands	r3, r1
 102 001e 1360     		str	r3, [r2]
  83:Generated_Source\PSoC4/CapSense_PM.c ****     #endif /* (CapSense_IDAC_CNT == 2u) */
 103              		.loc 1 83 0
 104 0020 1368     		ldr	r3, [r2]
 105 0022 5B00     		lsls	r3, r3, #1
 106 0024 5B08     		lsrs	r3, r3, #1
 107 0026 1360     		str	r3, [r2]
  87:Generated_Source\PSoC4/CapSense_PM.c ****     CapSense_SampleClk_Stop();
 108              		.loc 1 87 0
 109 0028 FFF7FEFF 		bl	CapSense_SenseClk_Stop
 110              	.LVL1:
  88:Generated_Source\PSoC4/CapSense_PM.c **** }
 111              		.loc 1 88 0
 112 002c FFF7FEFF 		bl	CapSense_SampleClk_Stop
 113              	.LVL2:
 114              		.loc 1 89 0
 115 0030 10BD     		pop	{r4, pc}
 116              	.L9:
 117 0032 C046     		.align	2
 118              	.L8:
 119 0034 04000840 		.word	1074266116
 120 0038 00000000 		.word	.LANCHOR0
 121 003c FFEFF7FF 		.word	-528385
 122              		.cfi_endproc
 123              	.LFE33:
 124              		.size	CapSense_Sleep, .-CapSense_Sleep
 125              		.section	.text.CapSense_RestoreConfig,"ax",%progbits
 126              		.align	2
 127              		.global	CapSense_RestoreConfig
 128              		.code	16
 129              		.thumb_func
 130              		.type	CapSense_RestoreConfig, %function
 131              	CapSense_RestoreConfig:
 132              	.LFB34:
ARM GAS  C:\Users\young\AppData\Local\Temp\cckq8EHd.s 			page 5


  90:Generated_Source\PSoC4/CapSense_PM.c **** 
  91:Generated_Source\PSoC4/CapSense_PM.c **** 
  92:Generated_Source\PSoC4/CapSense_PM.c **** /*******************************************************************************
  93:Generated_Source\PSoC4/CapSense_PM.c **** * Function Name: CapSense_RestoreConfig
  94:Generated_Source\PSoC4/CapSense_PM.c **** ********************************************************************************
  95:Generated_Source\PSoC4/CapSense_PM.c **** *
  96:Generated_Source\PSoC4/CapSense_PM.c **** * Summary:
  97:Generated_Source\PSoC4/CapSense_PM.c **** *  Restores the CapSense configuration.
  98:Generated_Source\PSoC4/CapSense_PM.c **** *
  99:Generated_Source\PSoC4/CapSense_PM.c **** * Parameters:
 100:Generated_Source\PSoC4/CapSense_PM.c **** *  None
 101:Generated_Source\PSoC4/CapSense_PM.c **** *
 102:Generated_Source\PSoC4/CapSense_PM.c **** * Return:
 103:Generated_Source\PSoC4/CapSense_PM.c **** *  None
 104:Generated_Source\PSoC4/CapSense_PM.c **** *
 105:Generated_Source\PSoC4/CapSense_PM.c **** * Side Effects:
 106:Generated_Source\PSoC4/CapSense_PM.c **** *  Must be called only after CapSense_SaveConfig() routine. Otherwise
 107:Generated_Source\PSoC4/CapSense_PM.c **** *  the component configuration will be overwritten with its initial setting.
 108:Generated_Source\PSoC4/CapSense_PM.c **** *
 109:Generated_Source\PSoC4/CapSense_PM.c **** * Global Variables:
 110:Generated_Source\PSoC4/CapSense_PM.c **** *  CapSense_backup - used to save the component state before entering the sleep
 111:Generated_Source\PSoC4/CapSense_PM.c **** *  mode and none-retention registers.
 112:Generated_Source\PSoC4/CapSense_PM.c **** *
 113:Generated_Source\PSoC4/CapSense_PM.c **** *******************************************************************************/
 114:Generated_Source\PSoC4/CapSense_PM.c **** void CapSense_RestoreConfig(void)
 115:Generated_Source\PSoC4/CapSense_PM.c **** {
 133              		.loc 1 115 0
 134              		.cfi_startproc
 135              		@ args = 0, pretend = 0, frame = 0
 136              		@ frame_needed = 0, uses_anonymous_args = 0
 137              		@ link register save eliminated.
 116:Generated_Source\PSoC4/CapSense_PM.c **** 
 117:Generated_Source\PSoC4/CapSense_PM.c **** }
 138              		.loc 1 117 0
 139              		@ sp needed
 140 0000 7047     		bx	lr
 141              		.cfi_endproc
 142              	.LFE34:
 143              		.size	CapSense_RestoreConfig, .-CapSense_RestoreConfig
 144 0002 C046     		.section	.text.CapSense_Wakeup,"ax",%progbits
 145              		.align	2
 146              		.global	CapSense_Wakeup
 147              		.code	16
 148              		.thumb_func
 149              		.type	CapSense_Wakeup, %function
 150              	CapSense_Wakeup:
 151              	.LFB35:
 118:Generated_Source\PSoC4/CapSense_PM.c **** 
 119:Generated_Source\PSoC4/CapSense_PM.c **** 
 120:Generated_Source\PSoC4/CapSense_PM.c **** /*******************************************************************************
 121:Generated_Source\PSoC4/CapSense_PM.c **** * Function Name: CapSense_Wakeup
 122:Generated_Source\PSoC4/CapSense_PM.c **** ********************************************************************************
 123:Generated_Source\PSoC4/CapSense_PM.c **** *
 124:Generated_Source\PSoC4/CapSense_PM.c **** * Summary:
 125:Generated_Source\PSoC4/CapSense_PM.c **** *  Restores the CapSense configuration and non-retention register values.
 126:Generated_Source\PSoC4/CapSense_PM.c **** *  Restores the enabled state of the component by setting the Active mode power template
 127:Generated_Source\PSoC4/CapSense_PM.c **** *  bits for a number of components used within CapSense.
ARM GAS  C:\Users\young\AppData\Local\Temp\cckq8EHd.s 			page 6


 128:Generated_Source\PSoC4/CapSense_PM.c **** *
 129:Generated_Source\PSoC4/CapSense_PM.c **** * Parameters:
 130:Generated_Source\PSoC4/CapSense_PM.c **** *  None
 131:Generated_Source\PSoC4/CapSense_PM.c **** *
 132:Generated_Source\PSoC4/CapSense_PM.c **** * Return:
 133:Generated_Source\PSoC4/CapSense_PM.c **** *  None
 134:Generated_Source\PSoC4/CapSense_PM.c **** *
 135:Generated_Source\PSoC4/CapSense_PM.c **** * Global Variables:
 136:Generated_Source\PSoC4/CapSense_PM.c **** *  CapSense_backup - used to save the component state before entering the sleep
 137:Generated_Source\PSoC4/CapSense_PM.c **** *  mode and none-retention registers.
 138:Generated_Source\PSoC4/CapSense_PM.c **** *
 139:Generated_Source\PSoC4/CapSense_PM.c **** *******************************************************************************/
 140:Generated_Source\PSoC4/CapSense_PM.c **** void CapSense_Wakeup(void)
 141:Generated_Source\PSoC4/CapSense_PM.c **** {
 152              		.loc 1 141 0
 153              		.cfi_startproc
 154              		@ args = 0, pretend = 0, frame = 0
 155              		@ frame_needed = 0, uses_anonymous_args = 0
 156 0000 10B5     		push	{r4, lr}
 157              		.cfi_def_cfa_offset 8
 158              		.cfi_offset 4, -8
 159              		.cfi_offset 14, -4
 142:Generated_Source\PSoC4/CapSense_PM.c ****     /* Enable the Clocks */
 143:Generated_Source\PSoC4/CapSense_PM.c ****     CapSense_SenseClk_Start();
 160              		.loc 1 143 0
 161 0002 FF20     		movs	r0, #255
 162 0004 FFF7FEFF 		bl	CapSense_SenseClk_StartEx
 163              	.LVL3:
 144:Generated_Source\PSoC4/CapSense_PM.c ****     CapSense_SampleClk_Start();
 164              		.loc 1 144 0
 165 0008 FF20     		movs	r0, #255
 166 000a FFF7FEFF 		bl	CapSense_SampleClk_StartEx
 167              	.LVL4:
 145:Generated_Source\PSoC4/CapSense_PM.c **** 
 146:Generated_Source\PSoC4/CapSense_PM.c ****     /* Restore CapSense Enable state */
 147:Generated_Source\PSoC4/CapSense_PM.c ****     if (CapSense_backup.enableState != 0u)
 168              		.loc 1 147 0
 169 000e 034B     		ldr	r3, .L16
 170 0010 1B78     		ldrb	r3, [r3]
 171 0012 002B     		cmp	r3, #0
 172 0014 01D0     		beq	.L11
 148:Generated_Source\PSoC4/CapSense_PM.c ****     {
 149:Generated_Source\PSoC4/CapSense_PM.c ****         CapSense_Enable();
 173              		.loc 1 149 0
 174 0016 FFF7FEFF 		bl	CapSense_Enable
 175              	.LVL5:
 176              	.L11:
 150:Generated_Source\PSoC4/CapSense_PM.c ****     }
 151:Generated_Source\PSoC4/CapSense_PM.c **** }
 177              		.loc 1 151 0
 178              		@ sp needed
 179 001a 10BD     		pop	{r4, pc}
 180              	.L17:
 181              		.align	2
 182              	.L16:
 183 001c 00000000 		.word	.LANCHOR0
 184              		.cfi_endproc
ARM GAS  C:\Users\young\AppData\Local\Temp\cckq8EHd.s 			page 7


 185              	.LFE35:
 186              		.size	CapSense_Wakeup, .-CapSense_Wakeup
 187              		.bss
 188              		.align	2
 189              		.set	.LANCHOR0,. + 0
 190              		.type	CapSense_backup, %object
 191              		.size	CapSense_backup, 1
 192              	CapSense_backup:
 193 0000 00       		.space	1
 194              		.text
 195              	.Letext0:
 196              		.file 2 "Generated_Source\\PSoC4\\cytypes.h"
 197              		.file 3 "Generated_Source\\PSoC4\\CapSense.h"
 198              		.file 4 "Generated_Source\\PSoC4\\CyLib.h"
 199              		.file 5 "Generated_Source\\PSoC4\\CapSense_SenseClk.h"
 200              		.file 6 "Generated_Source\\PSoC4\\CapSense_SampleClk.h"
 201              		.section	.debug_info,"",%progbits
 202              	.Ldebug_info0:
 203 0000 E0010000 		.4byte	0x1e0
 204 0004 0400     		.2byte	0x4
 205 0006 00000000 		.4byte	.Ldebug_abbrev0
 206 000a 04       		.byte	0x4
 207 000b 01       		.uleb128 0x1
 208 000c 13010000 		.4byte	.LASF26
 209 0010 0C       		.byte	0xc
 210 0011 EE000000 		.4byte	.LASF27
 211 0015 52000000 		.4byte	.LASF28
 212 0019 18000000 		.4byte	.Ldebug_ranges0+0x18
 213 001d 00000000 		.4byte	0
 214 0021 00000000 		.4byte	.Ldebug_line0
 215 0025 02       		.uleb128 0x2
 216 0026 01       		.byte	0x1
 217 0027 06       		.byte	0x6
 218 0028 91020000 		.4byte	.LASF0
 219 002c 02       		.uleb128 0x2
 220 002d 01       		.byte	0x1
 221 002e 08       		.byte	0x8
 222 002f BE000000 		.4byte	.LASF1
 223 0033 02       		.uleb128 0x2
 224 0034 02       		.byte	0x2
 225 0035 05       		.byte	0x5
 226 0036 35020000 		.4byte	.LASF2
 227 003a 02       		.uleb128 0x2
 228 003b 02       		.byte	0x2
 229 003c 07       		.byte	0x7
 230 003d 1E000000 		.4byte	.LASF3
 231 0041 02       		.uleb128 0x2
 232 0042 04       		.byte	0x4
 233 0043 05       		.byte	0x5
 234 0044 70020000 		.4byte	.LASF4
 235 0048 02       		.uleb128 0x2
 236 0049 04       		.byte	0x4
 237 004a 07       		.byte	0x7
 238 004b DC000000 		.4byte	.LASF5
 239 004f 02       		.uleb128 0x2
 240 0050 08       		.byte	0x8
 241 0051 05       		.byte	0x5
ARM GAS  C:\Users\young\AppData\Local\Temp\cckq8EHd.s 			page 8


 242 0052 EC010000 		.4byte	.LASF6
 243 0056 02       		.uleb128 0x2
 244 0057 08       		.byte	0x8
 245 0058 07       		.byte	0x7
 246 0059 CC010000 		.4byte	.LASF7
 247 005d 03       		.uleb128 0x3
 248 005e 04       		.byte	0x4
 249 005f 05       		.byte	0x5
 250 0060 696E7400 		.ascii	"int\000"
 251 0064 02       		.uleb128 0x2
 252 0065 04       		.byte	0x4
 253 0066 07       		.byte	0x7
 254 0067 BF010000 		.4byte	.LASF8
 255 006b 04       		.uleb128 0x4
 256 006c 56020000 		.4byte	.LASF9
 257 0070 02       		.byte	0x2
 258 0071 D201     		.2byte	0x1d2
 259 0073 2C000000 		.4byte	0x2c
 260 0077 04       		.uleb128 0x4
 261 0078 A8010000 		.4byte	.LASF10
 262 007c 02       		.byte	0x2
 263 007d D401     		.2byte	0x1d4
 264 007f 48000000 		.4byte	0x48
 265 0083 02       		.uleb128 0x2
 266 0084 04       		.byte	0x4
 267 0085 04       		.byte	0x4
 268 0086 4C000000 		.4byte	.LASF11
 269 008a 02       		.uleb128 0x2
 270 008b 08       		.byte	0x8
 271 008c 04       		.byte	0x4
 272 008d A1010000 		.4byte	.LASF12
 273 0091 02       		.uleb128 0x2
 274 0092 01       		.byte	0x1
 275 0093 08       		.byte	0x8
 276 0094 FA010000 		.4byte	.LASF13
 277 0098 04       		.uleb128 0x4
 278 0099 00000000 		.4byte	.LASF14
 279 009d 02       		.byte	0x2
 280 009e 7E02     		.2byte	0x27e
 281 00a0 A4000000 		.4byte	0xa4
 282 00a4 05       		.uleb128 0x5
 283 00a5 77000000 		.4byte	0x77
 284 00a9 02       		.uleb128 0x2
 285 00aa 04       		.byte	0x4
 286 00ab 07       		.byte	0x7
 287 00ac E3010000 		.4byte	.LASF15
 288 00b0 02       		.uleb128 0x2
 289 00b1 08       		.byte	0x8
 290 00b2 04       		.byte	0x4
 291 00b3 85020000 		.4byte	.LASF16
 292 00b7 06       		.uleb128 0x6
 293 00b8 01       		.byte	0x1
 294 00b9 03       		.byte	0x3
 295 00ba 8E       		.byte	0x8e
 296 00bb CC000000 		.4byte	0xcc
 297 00bf 07       		.uleb128 0x7
 298 00c0 79020000 		.4byte	.LASF29
ARM GAS  C:\Users\young\AppData\Local\Temp\cckq8EHd.s 			page 9


 299 00c4 03       		.byte	0x3
 300 00c5 90       		.byte	0x90
 301 00c6 6B000000 		.4byte	0x6b
 302 00ca 00       		.byte	0
 303 00cb 00       		.byte	0
 304 00cc 08       		.uleb128 0x8
 305 00cd 3F020000 		.4byte	.LASF17
 306 00d1 03       		.byte	0x3
 307 00d2 91       		.byte	0x91
 308 00d3 B7000000 		.4byte	0xb7
 309 00d7 09       		.uleb128 0x9
 310 00d8 5C020000 		.4byte	.LASF30
 311 00dc 01       		.byte	0x1
 312 00dd 2E       		.byte	0x2e
 313 00de 01       		.byte	0x1
 314 00df 0A       		.uleb128 0xa
 315 00e0 D7000000 		.4byte	0xd7
 316 00e4 00000000 		.4byte	.LFB32
 317 00e8 18000000 		.4byte	.LFE32-.LFB32
 318 00ec 01       		.uleb128 0x1
 319 00ed 9C       		.byte	0x9c
 320 00ee 0B       		.uleb128 0xb
 321 00ef FF010000 		.4byte	.LASF18
 322 00f3 01       		.byte	0x1
 323 00f4 49       		.byte	0x49
 324 00f5 00000000 		.4byte	.LFB33
 325 00f9 40000000 		.4byte	.LFE33-.LFB33
 326 00fd 01       		.uleb128 0x1
 327 00fe 9C       		.byte	0x9c
 328 00ff 38010000 		.4byte	0x138
 329 0103 0C       		.uleb128 0xc
 330 0104 D7000000 		.4byte	0xd7
 331 0108 00000000 		.4byte	.LBB4
 332 010c 00000000 		.4byte	.Ldebug_ranges0+0
 333 0110 01       		.byte	0x1
 334 0111 4B       		.byte	0x4b
 335 0112 0D       		.uleb128 0xd
 336 0113 16000000 		.4byte	.LVL0
 337 0117 A1010000 		.4byte	0x1a1
 338 011b 25010000 		.4byte	0x125
 339 011f 0E       		.uleb128 0xe
 340 0120 01       		.uleb128 0x1
 341 0121 50       		.byte	0x50
 342 0122 01       		.uleb128 0x1
 343 0123 37       		.byte	0x37
 344 0124 00       		.byte	0
 345 0125 0F       		.uleb128 0xf
 346 0126 2C000000 		.4byte	.LVL1
 347 012a AC010000 		.4byte	0x1ac
 348 012e 0F       		.uleb128 0xf
 349 012f 30000000 		.4byte	.LVL2
 350 0133 B7010000 		.4byte	0x1b7
 351 0137 00       		.byte	0
 352 0138 10       		.uleb128 0x10
 353 0139 AD020000 		.4byte	.LASF31
 354 013d 01       		.byte	0x1
 355 013e 72       		.byte	0x72
ARM GAS  C:\Users\young\AppData\Local\Temp\cckq8EHd.s 			page 10


 356 013f 00000000 		.4byte	.LFB34
 357 0143 02000000 		.4byte	.LFE34-.LFB34
 358 0147 01       		.uleb128 0x1
 359 0148 9C       		.byte	0x9c
 360 0149 0B       		.uleb128 0xb
 361 014a AF010000 		.4byte	.LASF19
 362 014e 01       		.byte	0x1
 363 014f 8C       		.byte	0x8c
 364 0150 00000000 		.4byte	.LFB35
 365 0154 20000000 		.4byte	.LFE35-.LFB35
 366 0158 01       		.uleb128 0x1
 367 0159 9C       		.byte	0x9c
 368 015a 90010000 		.4byte	0x190
 369 015e 0D       		.uleb128 0xd
 370 015f 08000000 		.4byte	.LVL3
 371 0163 C2010000 		.4byte	0x1c2
 372 0167 72010000 		.4byte	0x172
 373 016b 0E       		.uleb128 0xe
 374 016c 01       		.uleb128 0x1
 375 016d 50       		.byte	0x50
 376 016e 02       		.uleb128 0x2
 377 016f 08       		.byte	0x8
 378 0170 FF       		.byte	0xff
 379 0171 00       		.byte	0
 380 0172 0D       		.uleb128 0xd
 381 0173 0E000000 		.4byte	.LVL4
 382 0177 CD010000 		.4byte	0x1cd
 383 017b 86010000 		.4byte	0x186
 384 017f 0E       		.uleb128 0xe
 385 0180 01       		.uleb128 0x1
 386 0181 50       		.byte	0x50
 387 0182 02       		.uleb128 0x2
 388 0183 08       		.byte	0x8
 389 0184 FF       		.byte	0xff
 390 0185 00       		.byte	0
 391 0186 0F       		.uleb128 0xf
 392 0187 1A000000 		.4byte	.LVL5
 393 018b D8010000 		.4byte	0x1d8
 394 018f 00       		.byte	0
 395 0190 11       		.uleb128 0x11
 396 0191 CC000000 		.4byte	.LASF32
 397 0195 01       		.byte	0x1
 398 0196 13       		.byte	0x13
 399 0197 CC000000 		.4byte	0xcc
 400 019b 05       		.uleb128 0x5
 401 019c 03       		.byte	0x3
 402 019d 00000000 		.4byte	CapSense_backup
 403 01a1 12       		.uleb128 0x12
 404 01a2 28020000 		.4byte	.LASF20
 405 01a6 28020000 		.4byte	.LASF20
 406 01aa 04       		.byte	0x4
 407 01ab C5       		.byte	0xc5
 408 01ac 12       		.uleb128 0x12
 409 01ad C4020000 		.4byte	.LASF21
 410 01b1 C4020000 		.4byte	.LASF21
 411 01b5 05       		.byte	0x5
 412 01b6 27       		.byte	0x27
ARM GAS  C:\Users\young\AppData\Local\Temp\cckq8EHd.s 			page 11


 413 01b7 12       		.uleb128 0x12
 414 01b8 06000000 		.4byte	.LASF22
 415 01bc 06000000 		.4byte	.LASF22
 416 01c0 06       		.byte	0x6
 417 01c1 27       		.byte	0x27
 418 01c2 12       		.uleb128 0x12
 419 01c3 0E020000 		.4byte	.LASF23
 420 01c7 0E020000 		.4byte	.LASF23
 421 01cb 05       		.byte	0x5
 422 01cc 1D       		.byte	0x1d
 423 01cd 12       		.uleb128 0x12
 424 01ce 31000000 		.4byte	.LASF24
 425 01d2 31000000 		.4byte	.LASF24
 426 01d6 06       		.byte	0x6
 427 01d7 1D       		.byte	0x1d
 428 01d8 12       		.uleb128 0x12
 429 01d9 9D020000 		.4byte	.LASF25
 430 01dd 9D020000 		.4byte	.LASF25
 431 01e1 03       		.byte	0x3
 432 01e2 99       		.byte	0x99
 433 01e3 00       		.byte	0
 434              		.section	.debug_abbrev,"",%progbits
 435              	.Ldebug_abbrev0:
 436 0000 01       		.uleb128 0x1
 437 0001 11       		.uleb128 0x11
 438 0002 01       		.byte	0x1
 439 0003 25       		.uleb128 0x25
 440 0004 0E       		.uleb128 0xe
 441 0005 13       		.uleb128 0x13
 442 0006 0B       		.uleb128 0xb
 443 0007 03       		.uleb128 0x3
 444 0008 0E       		.uleb128 0xe
 445 0009 1B       		.uleb128 0x1b
 446 000a 0E       		.uleb128 0xe
 447 000b 55       		.uleb128 0x55
 448 000c 17       		.uleb128 0x17
 449 000d 11       		.uleb128 0x11
 450 000e 01       		.uleb128 0x1
 451 000f 10       		.uleb128 0x10
 452 0010 17       		.uleb128 0x17
 453 0011 00       		.byte	0
 454 0012 00       		.byte	0
 455 0013 02       		.uleb128 0x2
 456 0014 24       		.uleb128 0x24
 457 0015 00       		.byte	0
 458 0016 0B       		.uleb128 0xb
 459 0017 0B       		.uleb128 0xb
 460 0018 3E       		.uleb128 0x3e
 461 0019 0B       		.uleb128 0xb
 462 001a 03       		.uleb128 0x3
 463 001b 0E       		.uleb128 0xe
 464 001c 00       		.byte	0
 465 001d 00       		.byte	0
 466 001e 03       		.uleb128 0x3
 467 001f 24       		.uleb128 0x24
 468 0020 00       		.byte	0
 469 0021 0B       		.uleb128 0xb
ARM GAS  C:\Users\young\AppData\Local\Temp\cckq8EHd.s 			page 12


 470 0022 0B       		.uleb128 0xb
 471 0023 3E       		.uleb128 0x3e
 472 0024 0B       		.uleb128 0xb
 473 0025 03       		.uleb128 0x3
 474 0026 08       		.uleb128 0x8
 475 0027 00       		.byte	0
 476 0028 00       		.byte	0
 477 0029 04       		.uleb128 0x4
 478 002a 16       		.uleb128 0x16
 479 002b 00       		.byte	0
 480 002c 03       		.uleb128 0x3
 481 002d 0E       		.uleb128 0xe
 482 002e 3A       		.uleb128 0x3a
 483 002f 0B       		.uleb128 0xb
 484 0030 3B       		.uleb128 0x3b
 485 0031 05       		.uleb128 0x5
 486 0032 49       		.uleb128 0x49
 487 0033 13       		.uleb128 0x13
 488 0034 00       		.byte	0
 489 0035 00       		.byte	0
 490 0036 05       		.uleb128 0x5
 491 0037 35       		.uleb128 0x35
 492 0038 00       		.byte	0
 493 0039 49       		.uleb128 0x49
 494 003a 13       		.uleb128 0x13
 495 003b 00       		.byte	0
 496 003c 00       		.byte	0
 497 003d 06       		.uleb128 0x6
 498 003e 13       		.uleb128 0x13
 499 003f 01       		.byte	0x1
 500 0040 0B       		.uleb128 0xb
 501 0041 0B       		.uleb128 0xb
 502 0042 3A       		.uleb128 0x3a
 503 0043 0B       		.uleb128 0xb
 504 0044 3B       		.uleb128 0x3b
 505 0045 0B       		.uleb128 0xb
 506 0046 01       		.uleb128 0x1
 507 0047 13       		.uleb128 0x13
 508 0048 00       		.byte	0
 509 0049 00       		.byte	0
 510 004a 07       		.uleb128 0x7
 511 004b 0D       		.uleb128 0xd
 512 004c 00       		.byte	0
 513 004d 03       		.uleb128 0x3
 514 004e 0E       		.uleb128 0xe
 515 004f 3A       		.uleb128 0x3a
 516 0050 0B       		.uleb128 0xb
 517 0051 3B       		.uleb128 0x3b
 518 0052 0B       		.uleb128 0xb
 519 0053 49       		.uleb128 0x49
 520 0054 13       		.uleb128 0x13
 521 0055 38       		.uleb128 0x38
 522 0056 0B       		.uleb128 0xb
 523 0057 00       		.byte	0
 524 0058 00       		.byte	0
 525 0059 08       		.uleb128 0x8
 526 005a 16       		.uleb128 0x16
ARM GAS  C:\Users\young\AppData\Local\Temp\cckq8EHd.s 			page 13


 527 005b 00       		.byte	0
 528 005c 03       		.uleb128 0x3
 529 005d 0E       		.uleb128 0xe
 530 005e 3A       		.uleb128 0x3a
 531 005f 0B       		.uleb128 0xb
 532 0060 3B       		.uleb128 0x3b
 533 0061 0B       		.uleb128 0xb
 534 0062 49       		.uleb128 0x49
 535 0063 13       		.uleb128 0x13
 536 0064 00       		.byte	0
 537 0065 00       		.byte	0
 538 0066 09       		.uleb128 0x9
 539 0067 2E       		.uleb128 0x2e
 540 0068 00       		.byte	0
 541 0069 3F       		.uleb128 0x3f
 542 006a 19       		.uleb128 0x19
 543 006b 03       		.uleb128 0x3
 544 006c 0E       		.uleb128 0xe
 545 006d 3A       		.uleb128 0x3a
 546 006e 0B       		.uleb128 0xb
 547 006f 3B       		.uleb128 0x3b
 548 0070 0B       		.uleb128 0xb
 549 0071 27       		.uleb128 0x27
 550 0072 19       		.uleb128 0x19
 551 0073 20       		.uleb128 0x20
 552 0074 0B       		.uleb128 0xb
 553 0075 00       		.byte	0
 554 0076 00       		.byte	0
 555 0077 0A       		.uleb128 0xa
 556 0078 2E       		.uleb128 0x2e
 557 0079 00       		.byte	0
 558 007a 31       		.uleb128 0x31
 559 007b 13       		.uleb128 0x13
 560 007c 11       		.uleb128 0x11
 561 007d 01       		.uleb128 0x1
 562 007e 12       		.uleb128 0x12
 563 007f 06       		.uleb128 0x6
 564 0080 40       		.uleb128 0x40
 565 0081 18       		.uleb128 0x18
 566 0082 9742     		.uleb128 0x2117
 567 0084 19       		.uleb128 0x19
 568 0085 00       		.byte	0
 569 0086 00       		.byte	0
 570 0087 0B       		.uleb128 0xb
 571 0088 2E       		.uleb128 0x2e
 572 0089 01       		.byte	0x1
 573 008a 3F       		.uleb128 0x3f
 574 008b 19       		.uleb128 0x19
 575 008c 03       		.uleb128 0x3
 576 008d 0E       		.uleb128 0xe
 577 008e 3A       		.uleb128 0x3a
 578 008f 0B       		.uleb128 0xb
 579 0090 3B       		.uleb128 0x3b
 580 0091 0B       		.uleb128 0xb
 581 0092 27       		.uleb128 0x27
 582 0093 19       		.uleb128 0x19
 583 0094 11       		.uleb128 0x11
ARM GAS  C:\Users\young\AppData\Local\Temp\cckq8EHd.s 			page 14


 584 0095 01       		.uleb128 0x1
 585 0096 12       		.uleb128 0x12
 586 0097 06       		.uleb128 0x6
 587 0098 40       		.uleb128 0x40
 588 0099 18       		.uleb128 0x18
 589 009a 9742     		.uleb128 0x2117
 590 009c 19       		.uleb128 0x19
 591 009d 01       		.uleb128 0x1
 592 009e 13       		.uleb128 0x13
 593 009f 00       		.byte	0
 594 00a0 00       		.byte	0
 595 00a1 0C       		.uleb128 0xc
 596 00a2 1D       		.uleb128 0x1d
 597 00a3 00       		.byte	0
 598 00a4 31       		.uleb128 0x31
 599 00a5 13       		.uleb128 0x13
 600 00a6 52       		.uleb128 0x52
 601 00a7 01       		.uleb128 0x1
 602 00a8 55       		.uleb128 0x55
 603 00a9 17       		.uleb128 0x17
 604 00aa 58       		.uleb128 0x58
 605 00ab 0B       		.uleb128 0xb
 606 00ac 59       		.uleb128 0x59
 607 00ad 0B       		.uleb128 0xb
 608 00ae 00       		.byte	0
 609 00af 00       		.byte	0
 610 00b0 0D       		.uleb128 0xd
 611 00b1 898201   		.uleb128 0x4109
 612 00b4 01       		.byte	0x1
 613 00b5 11       		.uleb128 0x11
 614 00b6 01       		.uleb128 0x1
 615 00b7 31       		.uleb128 0x31
 616 00b8 13       		.uleb128 0x13
 617 00b9 01       		.uleb128 0x1
 618 00ba 13       		.uleb128 0x13
 619 00bb 00       		.byte	0
 620 00bc 00       		.byte	0
 621 00bd 0E       		.uleb128 0xe
 622 00be 8A8201   		.uleb128 0x410a
 623 00c1 00       		.byte	0
 624 00c2 02       		.uleb128 0x2
 625 00c3 18       		.uleb128 0x18
 626 00c4 9142     		.uleb128 0x2111
 627 00c6 18       		.uleb128 0x18
 628 00c7 00       		.byte	0
 629 00c8 00       		.byte	0
 630 00c9 0F       		.uleb128 0xf
 631 00ca 898201   		.uleb128 0x4109
 632 00cd 00       		.byte	0
 633 00ce 11       		.uleb128 0x11
 634 00cf 01       		.uleb128 0x1
 635 00d0 31       		.uleb128 0x31
 636 00d1 13       		.uleb128 0x13
 637 00d2 00       		.byte	0
 638 00d3 00       		.byte	0
 639 00d4 10       		.uleb128 0x10
 640 00d5 2E       		.uleb128 0x2e
ARM GAS  C:\Users\young\AppData\Local\Temp\cckq8EHd.s 			page 15


 641 00d6 00       		.byte	0
 642 00d7 3F       		.uleb128 0x3f
 643 00d8 19       		.uleb128 0x19
 644 00d9 03       		.uleb128 0x3
 645 00da 0E       		.uleb128 0xe
 646 00db 3A       		.uleb128 0x3a
 647 00dc 0B       		.uleb128 0xb
 648 00dd 3B       		.uleb128 0x3b
 649 00de 0B       		.uleb128 0xb
 650 00df 27       		.uleb128 0x27
 651 00e0 19       		.uleb128 0x19
 652 00e1 11       		.uleb128 0x11
 653 00e2 01       		.uleb128 0x1
 654 00e3 12       		.uleb128 0x12
 655 00e4 06       		.uleb128 0x6
 656 00e5 40       		.uleb128 0x40
 657 00e6 18       		.uleb128 0x18
 658 00e7 9742     		.uleb128 0x2117
 659 00e9 19       		.uleb128 0x19
 660 00ea 00       		.byte	0
 661 00eb 00       		.byte	0
 662 00ec 11       		.uleb128 0x11
 663 00ed 34       		.uleb128 0x34
 664 00ee 00       		.byte	0
 665 00ef 03       		.uleb128 0x3
 666 00f0 0E       		.uleb128 0xe
 667 00f1 3A       		.uleb128 0x3a
 668 00f2 0B       		.uleb128 0xb
 669 00f3 3B       		.uleb128 0x3b
 670 00f4 0B       		.uleb128 0xb
 671 00f5 49       		.uleb128 0x49
 672 00f6 13       		.uleb128 0x13
 673 00f7 02       		.uleb128 0x2
 674 00f8 18       		.uleb128 0x18
 675 00f9 00       		.byte	0
 676 00fa 00       		.byte	0
 677 00fb 12       		.uleb128 0x12
 678 00fc 2E       		.uleb128 0x2e
 679 00fd 00       		.byte	0
 680 00fe 3F       		.uleb128 0x3f
 681 00ff 19       		.uleb128 0x19
 682 0100 3C       		.uleb128 0x3c
 683 0101 19       		.uleb128 0x19
 684 0102 6E       		.uleb128 0x6e
 685 0103 0E       		.uleb128 0xe
 686 0104 03       		.uleb128 0x3
 687 0105 0E       		.uleb128 0xe
 688 0106 3A       		.uleb128 0x3a
 689 0107 0B       		.uleb128 0xb
 690 0108 3B       		.uleb128 0x3b
 691 0109 0B       		.uleb128 0xb
 692 010a 00       		.byte	0
 693 010b 00       		.byte	0
 694 010c 00       		.byte	0
 695              		.section	.debug_aranges,"",%progbits
 696 0000 34000000 		.4byte	0x34
 697 0004 0200     		.2byte	0x2
ARM GAS  C:\Users\young\AppData\Local\Temp\cckq8EHd.s 			page 16


 698 0006 00000000 		.4byte	.Ldebug_info0
 699 000a 04       		.byte	0x4
 700 000b 00       		.byte	0
 701 000c 0000     		.2byte	0
 702 000e 0000     		.2byte	0
 703 0010 00000000 		.4byte	.LFB32
 704 0014 18000000 		.4byte	.LFE32-.LFB32
 705 0018 00000000 		.4byte	.LFB33
 706 001c 40000000 		.4byte	.LFE33-.LFB33
 707 0020 00000000 		.4byte	.LFB34
 708 0024 02000000 		.4byte	.LFE34-.LFB34
 709 0028 00000000 		.4byte	.LFB35
 710 002c 20000000 		.4byte	.LFE35-.LFB35
 711 0030 00000000 		.4byte	0
 712 0034 00000000 		.4byte	0
 713              		.section	.debug_ranges,"",%progbits
 714              	.Ldebug_ranges0:
 715 0000 00000000 		.4byte	.LBB4
 716 0004 02000000 		.4byte	.LBE4
 717 0008 04000000 		.4byte	.LBB7
 718 000c 10000000 		.4byte	.LBE7
 719 0010 00000000 		.4byte	0
 720 0014 00000000 		.4byte	0
 721 0018 00000000 		.4byte	.LFB32
 722 001c 18000000 		.4byte	.LFE32
 723 0020 00000000 		.4byte	.LFB33
 724 0024 40000000 		.4byte	.LFE33
 725 0028 00000000 		.4byte	.LFB34
 726 002c 02000000 		.4byte	.LFE34
 727 0030 00000000 		.4byte	.LFB35
 728 0034 20000000 		.4byte	.LFE35
 729 0038 00000000 		.4byte	0
 730 003c 00000000 		.4byte	0
 731              		.section	.debug_line,"",%progbits
 732              	.Ldebug_line0:
 733 0000 F6000000 		.section	.debug_str,"MS",%progbits,1
 733      02009000 
 733      00000201 
 733      FB0E0D00 
 733      01010101 
 734              	.LASF14:
 735 0000 72656733 		.ascii	"reg32\000"
 735      3200
 736              	.LASF22:
 737 0006 43617053 		.ascii	"CapSense_SampleClk_Stop\000"
 737      656E7365 
 737      5F53616D 
 737      706C6543 
 737      6C6B5F53 
 738              	.LASF3:
 739 001e 73686F72 		.ascii	"short unsigned int\000"
 739      7420756E 
 739      7369676E 
 739      65642069 
 739      6E7400
 740              	.LASF24:
 741 0031 43617053 		.ascii	"CapSense_SampleClk_StartEx\000"
ARM GAS  C:\Users\young\AppData\Local\Temp\cckq8EHd.s 			page 17


 741      656E7365 
 741      5F53616D 
 741      706C6543 
 741      6C6B5F53 
 742              	.LASF11:
 743 004c 666C6F61 		.ascii	"float\000"
 743      7400
 744              	.LASF28:
 745 0052 433A5C55 		.ascii	"C:\\Users\\Public\\touch\\(NowC302)A1_Global_Multi_"
 745      73657273 
 745      5C507562 
 745      6C69635C 
 745      746F7563 
 746 0081 43726561 		.ascii	"Creator4.1_hawkeye\\CapSense_CSD_P4_Example_WithTun"
 746      746F7234 
 746      2E315F68 
 746      61776B65 
 746      79655C43 
 747 00b3 65723031 		.ascii	"er01.cydsn\000"
 747      2E637964 
 747      736E00
 748              	.LASF1:
 749 00be 756E7369 		.ascii	"unsigned char\000"
 749      676E6564 
 749      20636861 
 749      7200
 750              	.LASF32:
 751 00cc 43617053 		.ascii	"CapSense_backup\000"
 751      656E7365 
 751      5F626163 
 751      6B757000 
 752              	.LASF5:
 753 00dc 6C6F6E67 		.ascii	"long unsigned int\000"
 753      20756E73 
 753      69676E65 
 753      6420696E 
 753      7400
 754              	.LASF27:
 755 00ee 47656E65 		.ascii	"Generated_Source\\PSoC4\\CapSense_PM.c\000"
 755      72617465 
 755      645F536F 
 755      75726365 
 755      5C50536F 
 756              	.LASF26:
 757 0113 474E5520 		.ascii	"GNU C11 5.4.1 20160609 (release) [ARM/embedded-5-br"
 757      43313120 
 757      352E342E 
 757      31203230 
 757      31363036 
 758 0146 616E6368 		.ascii	"anch revision 237715] -mcpu=cortex-m0 -mthumb -g -O"
 758      20726576 
 758      6973696F 
 758      6E203233 
 758      37373135 
 759 0179 33202D66 		.ascii	"3 -ffunction-sections -ffat-lto-objects\000"
 759      66756E63 
 759      74696F6E 
ARM GAS  C:\Users\young\AppData\Local\Temp\cckq8EHd.s 			page 18


 759      2D736563 
 759      74696F6E 
 760              	.LASF12:
 761 01a1 646F7562 		.ascii	"double\000"
 761      6C6500
 762              	.LASF10:
 763 01a8 75696E74 		.ascii	"uint32\000"
 763      333200
 764              	.LASF19:
 765 01af 43617053 		.ascii	"CapSense_Wakeup\000"
 765      656E7365 
 765      5F57616B 
 765      65757000 
 766              	.LASF8:
 767 01bf 756E7369 		.ascii	"unsigned int\000"
 767      676E6564 
 767      20696E74 
 767      00
 768              	.LASF7:
 769 01cc 6C6F6E67 		.ascii	"long long unsigned int\000"
 769      206C6F6E 
 769      6720756E 
 769      7369676E 
 769      65642069 
 770              	.LASF15:
 771 01e3 73697A65 		.ascii	"sizetype\000"
 771      74797065 
 771      00
 772              	.LASF6:
 773 01ec 6C6F6E67 		.ascii	"long long int\000"
 773      206C6F6E 
 773      6720696E 
 773      7400
 774              	.LASF13:
 775 01fa 63686172 		.ascii	"char\000"
 775      00
 776              	.LASF18:
 777 01ff 43617053 		.ascii	"CapSense_Sleep\000"
 777      656E7365 
 777      5F536C65 
 777      657000
 778              	.LASF23:
 779 020e 43617053 		.ascii	"CapSense_SenseClk_StartEx\000"
 779      656E7365 
 779      5F53656E 
 779      7365436C 
 779      6B5F5374 
 780              	.LASF20:
 781 0228 4379496E 		.ascii	"CyIntDisable\000"
 781      74446973 
 781      61626C65 
 781      00
 782              	.LASF2:
 783 0235 73686F72 		.ascii	"short int\000"
 783      7420696E 
 783      7400
 784              	.LASF17:
ARM GAS  C:\Users\young\AppData\Local\Temp\cckq8EHd.s 			page 19


 785 023f 43617053 		.ascii	"CapSense_BACKUP_STRUCT\000"
 785      656E7365 
 785      5F424143 
 785      4B55505F 
 785      53545255 
 786              	.LASF9:
 787 0256 75696E74 		.ascii	"uint8\000"
 787      3800
 788              	.LASF30:
 789 025c 43617053 		.ascii	"CapSense_SaveConfig\000"
 789      656E7365 
 789      5F536176 
 789      65436F6E 
 789      66696700 
 790              	.LASF4:
 791 0270 6C6F6E67 		.ascii	"long int\000"
 791      20696E74 
 791      00
 792              	.LASF29:
 793 0279 656E6162 		.ascii	"enableState\000"
 793      6C655374 
 793      61746500 
 794              	.LASF16:
 795 0285 6C6F6E67 		.ascii	"long double\000"
 795      20646F75 
 795      626C6500 
 796              	.LASF0:
 797 0291 7369676E 		.ascii	"signed char\000"
 797      65642063 
 797      68617200 
 798              	.LASF25:
 799 029d 43617053 		.ascii	"CapSense_Enable\000"
 799      656E7365 
 799      5F456E61 
 799      626C6500 
 800              	.LASF31:
 801 02ad 43617053 		.ascii	"CapSense_RestoreConfig\000"
 801      656E7365 
 801      5F526573 
 801      746F7265 
 801      436F6E66 
 802              	.LASF21:
 803 02c4 43617053 		.ascii	"CapSense_SenseClk_Stop\000"
 803      656E7365 
 803      5F53656E 
 803      7365436C 
 803      6B5F5374 
 804              		.ident	"GCC: (GNU Tools for ARM Embedded Processors) 5.4.1 20160609 (release) [ARM/embedded-5-bran
