ARM GAS  C:\Users\young\AppData\Local\Temp\ccltBwQk.s 			page 1


   1              		.syntax unified
   2              		.cpu cortex-m0
   3              		.fpu softvfp
   4              		.eabi_attribute 20, 1
   5              		.eabi_attribute 21, 1
   6              		.eabi_attribute 23, 3
   7              		.eabi_attribute 24, 1
   8              		.eabi_attribute 25, 1
   9              		.eabi_attribute 26, 1
  10              		.eabi_attribute 30, 2
  11              		.eabi_attribute 34, 0
  12              		.eabi_attribute 18, 4
  13              		.thumb
  14              		.syntax unified
  15              		.file	"CapSense_TunerHelper.c"
  16              		.text
  17              	.Ltext0:
  18              		.cfi_sections	.debug_frame
  19              		.section	.text.CapSense_TunerStart,"ax",%progbits
  20              		.align	2
  21              		.global	CapSense_TunerStart
  22              		.code	16
  23              		.thumb_func
  24              		.type	CapSense_TunerStart, %function
  25              	CapSense_TunerStart:
  26              	.LFB35:
  27              		.cfi_startproc
  28              		@ args = 0, pretend = 0, frame = 0
  29              		@ frame_needed = 0, uses_anonymous_args = 0
  30              		@ link register save eliminated.
  31              		@ sp needed
  32 0000 7047     		bx	lr
  33              		.cfi_endproc
  34              	.LFE35:
  35              		.size	CapSense_TunerStart, .-CapSense_TunerStart
  36 0002 C046     		.section	.text.CapSense_TunerComm,"ax",%progbits
  37              		.align	2
  38              		.global	CapSense_TunerComm
  39              		.code	16
  40              		.thumb_func
  41              		.type	CapSense_TunerComm, %function
  42              	CapSense_TunerComm:
  43              	.LFB33:
  44              		.file 1 "Generated_Source\\PSoC4\\CapSense_TunerHelper.c"
   1:Generated_Source\PSoC4/CapSense_TunerHelper.c **** /*******************************************************************************
   2:Generated_Source\PSoC4/CapSense_TunerHelper.c **** * File Name: CapSense_TunerHelper.c
   3:Generated_Source\PSoC4/CapSense_TunerHelper.c **** * Version 2.60
   4:Generated_Source\PSoC4/CapSense_TunerHelper.c **** *
   5:Generated_Source\PSoC4/CapSense_TunerHelper.c **** * Description:
   6:Generated_Source\PSoC4/CapSense_TunerHelper.c **** *  This file provides the source code of the Tuner helper APIs for the CapSense CSD
   7:Generated_Source\PSoC4/CapSense_TunerHelper.c **** *  component.
   8:Generated_Source\PSoC4/CapSense_TunerHelper.c **** *
   9:Generated_Source\PSoC4/CapSense_TunerHelper.c **** * Note:
  10:Generated_Source\PSoC4/CapSense_TunerHelper.c **** *
  11:Generated_Source\PSoC4/CapSense_TunerHelper.c **** ********************************************************************************
  12:Generated_Source\PSoC4/CapSense_TunerHelper.c **** * Copyright 2013-2016, Cypress Semiconductor Corporation.  All rights reserved.
  13:Generated_Source\PSoC4/CapSense_TunerHelper.c **** * You may use this file only in accordance with the license, terms, conditions,
ARM GAS  C:\Users\young\AppData\Local\Temp\ccltBwQk.s 			page 2


  14:Generated_Source\PSoC4/CapSense_TunerHelper.c **** * disclaimers, and limitations in the end user license agreement accompanying
  15:Generated_Source\PSoC4/CapSense_TunerHelper.c **** * the software package with which this file was provided.
  16:Generated_Source\PSoC4/CapSense_TunerHelper.c **** *******************************************************************************/
  17:Generated_Source\PSoC4/CapSense_TunerHelper.c **** 
  18:Generated_Source\PSoC4/CapSense_TunerHelper.c **** #include "CapSense_TunerHelper.h"
  19:Generated_Source\PSoC4/CapSense_TunerHelper.c **** 
  20:Generated_Source\PSoC4/CapSense_TunerHelper.c **** 
  21:Generated_Source\PSoC4/CapSense_TunerHelper.c **** #if (CapSense_TUNER_API_GENERATE)
  22:Generated_Source\PSoC4/CapSense_TunerHelper.c ****     #include "SCB.h"
  23:Generated_Source\PSoC4/CapSense_TunerHelper.c ****     #include "SCB_EZI2C.h"
  24:Generated_Source\PSoC4/CapSense_TunerHelper.c ****     volatile CapSense_MAILBOXES CapSense_mailboxesComm;
  25:Generated_Source\PSoC4/CapSense_TunerHelper.c **** #endif  /* (CapSense_TUNER_API_GENERATE) */
  26:Generated_Source\PSoC4/CapSense_TunerHelper.c **** 
  27:Generated_Source\PSoC4/CapSense_TunerHelper.c **** /* `#START CapSense_TunerHelper_HEADER` */
  28:Generated_Source\PSoC4/CapSense_TunerHelper.c **** 
  29:Generated_Source\PSoC4/CapSense_TunerHelper.c **** /* `#END` */
  30:Generated_Source\PSoC4/CapSense_TunerHelper.c **** 
  31:Generated_Source\PSoC4/CapSense_TunerHelper.c **** /*******************************************************************************
  32:Generated_Source\PSoC4/CapSense_TunerHelper.c **** * Function Name: CapSense_TunerStart
  33:Generated_Source\PSoC4/CapSense_TunerHelper.c **** ********************************************************************************
  34:Generated_Source\PSoC4/CapSense_TunerHelper.c **** *
  35:Generated_Source\PSoC4/CapSense_TunerHelper.c **** * Summary:
  36:Generated_Source\PSoC4/CapSense_TunerHelper.c **** *  Initializes the CapSense CSD component and EzI2C communication component to use
  37:Generated_Source\PSoC4/CapSense_TunerHelper.c **** *  a mailbox data structure for communication with the Tuner GUI.
  38:Generated_Source\PSoC4/CapSense_TunerHelper.c **** *  Start the scanning, after initialization is complete.
  39:Generated_Source\PSoC4/CapSense_TunerHelper.c **** *
  40:Generated_Source\PSoC4/CapSense_TunerHelper.c **** * Parameters:
  41:Generated_Source\PSoC4/CapSense_TunerHelper.c **** *  None
  42:Generated_Source\PSoC4/CapSense_TunerHelper.c **** *
  43:Generated_Source\PSoC4/CapSense_TunerHelper.c **** * Return:
  44:Generated_Source\PSoC4/CapSense_TunerHelper.c **** *  None
  45:Generated_Source\PSoC4/CapSense_TunerHelper.c **** *
  46:Generated_Source\PSoC4/CapSense_TunerHelper.c **** * Global Variables:
  47:Generated_Source\PSoC4/CapSense_TunerHelper.c **** *  None
  48:Generated_Source\PSoC4/CapSense_TunerHelper.c **** *
  49:Generated_Source\PSoC4/CapSense_TunerHelper.c **** *******************************************************************************/
  50:Generated_Source\PSoC4/CapSense_TunerHelper.c **** void CapSense_TunerStart(void)
  51:Generated_Source\PSoC4/CapSense_TunerHelper.c **** {
  52:Generated_Source\PSoC4/CapSense_TunerHelper.c ****     #if (0u != CapSense_TUNER_API_GENERATE)
  53:Generated_Source\PSoC4/CapSense_TunerHelper.c **** 
  54:Generated_Source\PSoC4/CapSense_TunerHelper.c ****         /* Init mbx and quick check */
  55:Generated_Source\PSoC4/CapSense_TunerHelper.c ****         CapSense_InitMailbox(&CapSense_mailboxesComm.csdMailbox);
  56:Generated_Source\PSoC4/CapSense_TunerHelper.c ****         CapSense_mailboxesComm.numMailBoxes = CapSense_DEFAULT_MAILBOXES_NUMBER;
  57:Generated_Source\PSoC4/CapSense_TunerHelper.c **** 
  58:Generated_Source\PSoC4/CapSense_TunerHelper.c ****         /* Start CapSense and baselines */
  59:Generated_Source\PSoC4/CapSense_TunerHelper.c ****         CapSense_Start();
  60:Generated_Source\PSoC4/CapSense_TunerHelper.c **** 
  61:Generated_Source\PSoC4/CapSense_TunerHelper.c ****         /* Initialize baselines */
  62:Generated_Source\PSoC4/CapSense_TunerHelper.c ****         #if(0u != CapSense_CSHL_API_GENERATE)
  63:Generated_Source\PSoC4/CapSense_TunerHelper.c ****             CapSense_InitializeEnabledBaselines();
  64:Generated_Source\PSoC4/CapSense_TunerHelper.c ****         #endif /* (0u != CapSense_CSHL_API_GENERATE) */
  65:Generated_Source\PSoC4/CapSense_TunerHelper.c **** 
  66:Generated_Source\PSoC4/CapSense_TunerHelper.c ****         /* Start EzI2C, clears buf pointers */
  67:Generated_Source\PSoC4/CapSense_TunerHelper.c ****         SCB_Start();
  68:Generated_Source\PSoC4/CapSense_TunerHelper.c **** 
  69:Generated_Source\PSoC4/CapSense_TunerHelper.c ****         /* Setup EzI2C buffers */
  70:Generated_Source\PSoC4/CapSense_TunerHelper.c ****         SCB_EzI2CSetBuffer1(sizeof(CapSense_mailboxesComm), sizeof(CapSense_mailboxesComm),
ARM GAS  C:\Users\young\AppData\Local\Temp\ccltBwQk.s 			page 3


  71:Generated_Source\PSoC4/CapSense_TunerHelper.c ****                                                    (volatile uint8 *) &CapSense_mailboxesComm);
  72:Generated_Source\PSoC4/CapSense_TunerHelper.c **** 
  73:Generated_Source\PSoC4/CapSense_TunerHelper.c ****         /* Starts scan all enabled sensors */
  74:Generated_Source\PSoC4/CapSense_TunerHelper.c ****         CapSense_ScanEnabledWidgets();
  75:Generated_Source\PSoC4/CapSense_TunerHelper.c **** 
  76:Generated_Source\PSoC4/CapSense_TunerHelper.c ****     #endif  /* (0u != CapSense_TUNER_API_GENERATE) */
  77:Generated_Source\PSoC4/CapSense_TunerHelper.c **** }
  78:Generated_Source\PSoC4/CapSense_TunerHelper.c **** 
  79:Generated_Source\PSoC4/CapSense_TunerHelper.c **** 
  80:Generated_Source\PSoC4/CapSense_TunerHelper.c **** /*******************************************************************************
  81:Generated_Source\PSoC4/CapSense_TunerHelper.c **** * Function Name: CapSense_TunerComm
  82:Generated_Source\PSoC4/CapSense_TunerHelper.c **** ********************************************************************************
  83:Generated_Source\PSoC4/CapSense_TunerHelper.c **** *
  84:Generated_Source\PSoC4/CapSense_TunerHelper.c **** * Summary:
  85:Generated_Source\PSoC4/CapSense_TunerHelper.c **** *  This function is blocking. It waits till scanning loop is completed and applies
  86:Generated_Source\PSoC4/CapSense_TunerHelper.c **** *  the new parameters from the Tuner GUI if available (the manual tuning mode only). Updates
  87:Generated_Source\PSoC4/CapSense_TunerHelper.c **** *  the enabled baselines and state of widgets. Waits while the Tuner GUI reports that
  88:Generated_Source\PSoC4/CapSense_TunerHelper.c **** *  the mailbox content  could be modified. Then loads the report data into the outbox
  89:Generated_Source\PSoC4/CapSense_TunerHelper.c **** *  and sets a busy flag. Starts a new scanning loop.
  90:Generated_Source\PSoC4/CapSense_TunerHelper.c **** *
  91:Generated_Source\PSoC4/CapSense_TunerHelper.c **** * Parameters:
  92:Generated_Source\PSoC4/CapSense_TunerHelper.c **** *  None
  93:Generated_Source\PSoC4/CapSense_TunerHelper.c **** *
  94:Generated_Source\PSoC4/CapSense_TunerHelper.c **** * Return:
  95:Generated_Source\PSoC4/CapSense_TunerHelper.c **** *  None
  96:Generated_Source\PSoC4/CapSense_TunerHelper.c **** *
  97:Generated_Source\PSoC4/CapSense_TunerHelper.c **** * Global Variables:
  98:Generated_Source\PSoC4/CapSense_TunerHelper.c **** *  None
  99:Generated_Source\PSoC4/CapSense_TunerHelper.c **** *
 100:Generated_Source\PSoC4/CapSense_TunerHelper.c **** *******************************************************************************/
 101:Generated_Source\PSoC4/CapSense_TunerHelper.c **** void CapSense_TunerComm(void)
 102:Generated_Source\PSoC4/CapSense_TunerHelper.c **** {
  45              		.loc 1 102 0
  46              		.cfi_startproc
  47              		@ args = 0, pretend = 0, frame = 0
  48              		@ frame_needed = 0, uses_anonymous_args = 0
  49              		@ link register save eliminated.
 103:Generated_Source\PSoC4/CapSense_TunerHelper.c ****     #if (0u != CapSense_TUNER_API_GENERATE)
 104:Generated_Source\PSoC4/CapSense_TunerHelper.c ****         if (0u == CapSense_IsBusy())
 105:Generated_Source\PSoC4/CapSense_TunerHelper.c ****         {
 106:Generated_Source\PSoC4/CapSense_TunerHelper.c ****             /* Apply new settings */
 107:Generated_Source\PSoC4/CapSense_TunerHelper.c ****             #if((CapSense_TUNING_METHOD != CapSense__TUNING_NONE) &&\
 108:Generated_Source\PSoC4/CapSense_TunerHelper.c ****                 (0u != CapSense_TOTAL_TRACKPAD_GESTURES_COUNT) ||\
 109:Generated_Source\PSoC4/CapSense_TunerHelper.c ****                 (CapSense_TUNING_METHOD == CapSense__TUNING_MANUAL))
 110:Generated_Source\PSoC4/CapSense_TunerHelper.c **** 
 111:Generated_Source\PSoC4/CapSense_TunerHelper.c ****                 CapSense_ReadMessage(&CapSense_mailboxesComm.csdMailbox);
 112:Generated_Source\PSoC4/CapSense_TunerHelper.c **** 
 113:Generated_Source\PSoC4/CapSense_TunerHelper.c ****             #endif  /* ((CapSense_TUNING_METHOD != CapSense__TUNING_NONE) &&\
 114:Generated_Source\PSoC4/CapSense_TunerHelper.c ****                         (0u != CapSense_TOTAL_TRACKPAD_GESTURES_COUNT) ||\
 115:Generated_Source\PSoC4/CapSense_TunerHelper.c ****                         (CapSense_TUNING_METHOD == CapSense__TUNING_MANUAL)) */
 116:Generated_Source\PSoC4/CapSense_TunerHelper.c **** 
 117:Generated_Source\PSoC4/CapSense_TunerHelper.c ****             #if(0u != CapSense_CSHL_API_GENERATE)
 118:Generated_Source\PSoC4/CapSense_TunerHelper.c ****                 /* Update all baselines and process all widgets */
 119:Generated_Source\PSoC4/CapSense_TunerHelper.c ****                 CapSense_UpdateEnabledBaselines();
 120:Generated_Source\PSoC4/CapSense_TunerHelper.c ****                 CapSense_ProcessAllWidgets(&CapSense_mailboxesComm.csdMailbox.outbox);
 121:Generated_Source\PSoC4/CapSense_TunerHelper.c ****             #endif /* (0u != CapSense_CSHL_API_GENERATE) */
 122:Generated_Source\PSoC4/CapSense_TunerHelper.c **** 
ARM GAS  C:\Users\young\AppData\Local\Temp\ccltBwQk.s 			page 4


 123:Generated_Source\PSoC4/CapSense_TunerHelper.c ****             CapSense_PostMessage(&CapSense_mailboxesComm.csdMailbox);
 124:Generated_Source\PSoC4/CapSense_TunerHelper.c **** 
 125:Generated_Source\PSoC4/CapSense_TunerHelper.c ****             /* Enable EZI2C interrupts, after scan complete */
 126:Generated_Source\PSoC4/CapSense_TunerHelper.c ****             SCB_EnableInt();
 127:Generated_Source\PSoC4/CapSense_TunerHelper.c **** 
 128:Generated_Source\PSoC4/CapSense_TunerHelper.c ****             while((CapSense_mailboxesComm.csdMailbox.type != CapSense_TYPE_ID) ||
 129:Generated_Source\PSoC4/CapSense_TunerHelper.c ****                   (0u != (SCB_EzI2CGetActivity() & SCB_EZI2C_STATUS_BUSY))){}
 130:Generated_Source\PSoC4/CapSense_TunerHelper.c **** 
 131:Generated_Source\PSoC4/CapSense_TunerHelper.c ****             /* Disable EZI2C interrupts, while scanning */
 132:Generated_Source\PSoC4/CapSense_TunerHelper.c ****             SCB_DisableInt();
 133:Generated_Source\PSoC4/CapSense_TunerHelper.c **** 
 134:Generated_Source\PSoC4/CapSense_TunerHelper.c ****             /* Start scan all sensors */
 135:Generated_Source\PSoC4/CapSense_TunerHelper.c ****             CapSense_ScanEnabledWidgets();
 136:Generated_Source\PSoC4/CapSense_TunerHelper.c ****         }
 137:Generated_Source\PSoC4/CapSense_TunerHelper.c ****     #endif /* (0u != CapSense_TUNER_API_GENERATE) */
 138:Generated_Source\PSoC4/CapSense_TunerHelper.c **** }
  50              		.loc 1 138 0
  51              		@ sp needed
  52 0000 7047     		bx	lr
  53              		.cfi_endproc
  54              	.LFE33:
  55              		.size	CapSense_TunerComm, .-CapSense_TunerComm
  56 0002 C046     		.text
  57              	.Letext0:
  58              		.section	.debug_info,"",%progbits
  59              	.Ldebug_info0:
  60 0000 A2000000 		.4byte	0xa2
  61 0004 0400     		.2byte	0x4
  62 0006 00000000 		.4byte	.Ldebug_abbrev0
  63 000a 04       		.byte	0x4
  64 000b 01       		.uleb128 0x1
  65 000c EA000000 		.4byte	.LASF14
  66 0010 0C       		.byte	0xc
  67 0011 0E000000 		.4byte	.LASF15
  68 0015 79000000 		.4byte	.LASF16
  69 0019 00000000 		.4byte	.Ldebug_ranges0+0
  70 001d 00000000 		.4byte	0
  71 0021 00000000 		.4byte	.Ldebug_line0
  72 0025 02       		.uleb128 0x2
  73 0026 01       		.byte	0x1
  74 0027 06       		.byte	0x6
  75 0028 9B010000 		.4byte	.LASF0
  76 002c 02       		.uleb128 0x2
  77 002d 01       		.byte	0x1
  78 002e 08       		.byte	0x8
  79 002f 3C000000 		.4byte	.LASF1
  80 0033 02       		.uleb128 0x2
  81 0034 02       		.byte	0x2
  82 0035 05       		.byte	0x5
  83 0036 C6010000 		.4byte	.LASF2
  84 003a 02       		.uleb128 0x2
  85 003b 02       		.byte	0x2
  86 003c 07       		.byte	0x7
  87 003d 88010000 		.4byte	.LASF3
  88 0041 02       		.uleb128 0x2
  89 0042 04       		.byte	0x4
  90 0043 05       		.byte	0x5
ARM GAS  C:\Users\young\AppData\Local\Temp\ccltBwQk.s 			page 5


  91 0044 78010000 		.4byte	.LASF4
  92 0048 02       		.uleb128 0x2
  93 0049 04       		.byte	0x4
  94 004a 07       		.byte	0x7
  95 004b 4A000000 		.4byte	.LASF5
  96 004f 02       		.uleb128 0x2
  97 0050 08       		.byte	0x8
  98 0051 05       		.byte	0x5
  99 0052 00000000 		.4byte	.LASF6
 100 0056 02       		.uleb128 0x2
 101 0057 08       		.byte	0x8
 102 0058 07       		.byte	0x7
 103 0059 5C000000 		.4byte	.LASF7
 104 005d 03       		.uleb128 0x3
 105 005e 04       		.byte	0x4
 106 005f 05       		.byte	0x5
 107 0060 696E7400 		.ascii	"int\000"
 108 0064 02       		.uleb128 0x2
 109 0065 04       		.byte	0x4
 110 0066 07       		.byte	0x7
 111 0067 D0010000 		.4byte	.LASF8
 112 006b 02       		.uleb128 0x2
 113 006c 04       		.byte	0x4
 114 006d 04       		.byte	0x4
 115 006e 73000000 		.4byte	.LASF9
 116 0072 02       		.uleb128 0x2
 117 0073 08       		.byte	0x8
 118 0074 04       		.byte	0x4
 119 0075 81010000 		.4byte	.LASF10
 120 0079 02       		.uleb128 0x2
 121 007a 01       		.byte	0x1
 122 007b 08       		.byte	0x8
 123 007c E5000000 		.4byte	.LASF11
 124 0080 02       		.uleb128 0x2
 125 0081 04       		.byte	0x4
 126 0082 07       		.byte	0x7
 127 0083 DD010000 		.4byte	.LASF12
 128 0087 02       		.uleb128 0x2
 129 0088 08       		.byte	0x8
 130 0089 04       		.byte	0x4
 131 008a BA010000 		.4byte	.LASF13
 132 008e 04       		.uleb128 0x4
 133 008f A7010000 		.4byte	.LASF17
 134 0093 01       		.byte	0x1
 135 0094 65       		.byte	0x65
 136 0095 01       		.byte	0x1
 137 0096 05       		.uleb128 0x5
 138 0097 8E000000 		.4byte	0x8e
 139 009b 00000000 		.4byte	.LFB33
 140 009f 02000000 		.4byte	.LFE33-.LFB33
 141 00a3 01       		.uleb128 0x1
 142 00a4 9C       		.byte	0x9c
 143 00a5 00       		.byte	0
 144              		.section	.debug_abbrev,"",%progbits
 145              	.Ldebug_abbrev0:
 146 0000 01       		.uleb128 0x1
 147 0001 11       		.uleb128 0x11
ARM GAS  C:\Users\young\AppData\Local\Temp\ccltBwQk.s 			page 6


 148 0002 01       		.byte	0x1
 149 0003 25       		.uleb128 0x25
 150 0004 0E       		.uleb128 0xe
 151 0005 13       		.uleb128 0x13
 152 0006 0B       		.uleb128 0xb
 153 0007 03       		.uleb128 0x3
 154 0008 0E       		.uleb128 0xe
 155 0009 1B       		.uleb128 0x1b
 156 000a 0E       		.uleb128 0xe
 157 000b 55       		.uleb128 0x55
 158 000c 17       		.uleb128 0x17
 159 000d 11       		.uleb128 0x11
 160 000e 01       		.uleb128 0x1
 161 000f 10       		.uleb128 0x10
 162 0010 17       		.uleb128 0x17
 163 0011 00       		.byte	0
 164 0012 00       		.byte	0
 165 0013 02       		.uleb128 0x2
 166 0014 24       		.uleb128 0x24
 167 0015 00       		.byte	0
 168 0016 0B       		.uleb128 0xb
 169 0017 0B       		.uleb128 0xb
 170 0018 3E       		.uleb128 0x3e
 171 0019 0B       		.uleb128 0xb
 172 001a 03       		.uleb128 0x3
 173 001b 0E       		.uleb128 0xe
 174 001c 00       		.byte	0
 175 001d 00       		.byte	0
 176 001e 03       		.uleb128 0x3
 177 001f 24       		.uleb128 0x24
 178 0020 00       		.byte	0
 179 0021 0B       		.uleb128 0xb
 180 0022 0B       		.uleb128 0xb
 181 0023 3E       		.uleb128 0x3e
 182 0024 0B       		.uleb128 0xb
 183 0025 03       		.uleb128 0x3
 184 0026 08       		.uleb128 0x8
 185 0027 00       		.byte	0
 186 0028 00       		.byte	0
 187 0029 04       		.uleb128 0x4
 188 002a 2E       		.uleb128 0x2e
 189 002b 00       		.byte	0
 190 002c 3F       		.uleb128 0x3f
 191 002d 19       		.uleb128 0x19
 192 002e 03       		.uleb128 0x3
 193 002f 0E       		.uleb128 0xe
 194 0030 3A       		.uleb128 0x3a
 195 0031 0B       		.uleb128 0xb
 196 0032 3B       		.uleb128 0x3b
 197 0033 0B       		.uleb128 0xb
 198 0034 27       		.uleb128 0x27
 199 0035 19       		.uleb128 0x19
 200 0036 20       		.uleb128 0x20
 201 0037 0B       		.uleb128 0xb
 202 0038 00       		.byte	0
 203 0039 00       		.byte	0
 204 003a 05       		.uleb128 0x5
ARM GAS  C:\Users\young\AppData\Local\Temp\ccltBwQk.s 			page 7


 205 003b 2E       		.uleb128 0x2e
 206 003c 00       		.byte	0
 207 003d 31       		.uleb128 0x31
 208 003e 13       		.uleb128 0x13
 209 003f 11       		.uleb128 0x11
 210 0040 01       		.uleb128 0x1
 211 0041 12       		.uleb128 0x12
 212 0042 06       		.uleb128 0x6
 213 0043 40       		.uleb128 0x40
 214 0044 18       		.uleb128 0x18
 215 0045 9742     		.uleb128 0x2117
 216 0047 19       		.uleb128 0x19
 217 0048 00       		.byte	0
 218 0049 00       		.byte	0
 219 004a 00       		.byte	0
 220              		.section	.debug_aranges,"",%progbits
 221 0000 1C000000 		.4byte	0x1c
 222 0004 0200     		.2byte	0x2
 223 0006 00000000 		.4byte	.Ldebug_info0
 224 000a 04       		.byte	0x4
 225 000b 00       		.byte	0
 226 000c 0000     		.2byte	0
 227 000e 0000     		.2byte	0
 228 0010 00000000 		.4byte	.LFB33
 229 0014 02000000 		.4byte	.LFE33-.LFB33
 230 0018 00000000 		.4byte	0
 231 001c 00000000 		.4byte	0
 232              		.section	.debug_ranges,"",%progbits
 233              	.Ldebug_ranges0:
 234 0000 00000000 		.4byte	.LFB33
 235 0004 02000000 		.4byte	.LFE33
 236 0008 00000000 		.4byte	0
 237 000c 00000000 		.4byte	0
 238              		.section	.debug_line,"",%progbits
 239              	.Ldebug_line0:
 240 0000 5D000000 		.section	.debug_str,"MS",%progbits,1
 240      02004400 
 240      00000201 
 240      FB0E0D00 
 240      01010101 
 241              	.LASF6:
 242 0000 6C6F6E67 		.ascii	"long long int\000"
 242      206C6F6E 
 242      6720696E 
 242      7400
 243              	.LASF15:
 244 000e 47656E65 		.ascii	"Generated_Source\\PSoC4\\CapSense_TunerHelper.c\000"
 244      72617465 
 244      645F536F 
 244      75726365 
 244      5C50536F 
 245              	.LASF1:
 246 003c 756E7369 		.ascii	"unsigned char\000"
 246      676E6564 
 246      20636861 
 246      7200
 247              	.LASF5:
ARM GAS  C:\Users\young\AppData\Local\Temp\ccltBwQk.s 			page 8


 248 004a 6C6F6E67 		.ascii	"long unsigned int\000"
 248      20756E73 
 248      69676E65 
 248      6420696E 
 248      7400
 249              	.LASF7:
 250 005c 6C6F6E67 		.ascii	"long long unsigned int\000"
 250      206C6F6E 
 250      6720756E 
 250      7369676E 
 250      65642069 
 251              	.LASF9:
 252 0073 666C6F61 		.ascii	"float\000"
 252      7400
 253              	.LASF16:
 254 0079 433A5C55 		.ascii	"C:\\Users\\Public\\touch\\(NowC302)A1_Global_Multi_"
 254      73657273 
 254      5C507562 
 254      6C69635C 
 254      746F7563 
 255 00a8 43726561 		.ascii	"Creator4.1_hawkeye\\CapSense_CSD_P4_Example_WithTun"
 255      746F7234 
 255      2E315F68 
 255      61776B65 
 255      79655C43 
 256 00da 65723031 		.ascii	"er01.cydsn\000"
 256      2E637964 
 256      736E00
 257              	.LASF11:
 258 00e5 63686172 		.ascii	"char\000"
 258      00
 259              	.LASF14:
 260 00ea 474E5520 		.ascii	"GNU C11 5.4.1 20160609 (release) [ARM/embedded-5-br"
 260      43313120 
 260      352E342E 
 260      31203230 
 260      31363036 
 261 011d 616E6368 		.ascii	"anch revision 237715] -mcpu=cortex-m0 -mthumb -g -O"
 261      20726576 
 261      6973696F 
 261      6E203233 
 261      37373135 
 262 0150 33202D66 		.ascii	"3 -ffunction-sections -ffat-lto-objects\000"
 262      66756E63 
 262      74696F6E 
 262      2D736563 
 262      74696F6E 
 263              	.LASF4:
 264 0178 6C6F6E67 		.ascii	"long int\000"
 264      20696E74 
 264      00
 265              	.LASF10:
 266 0181 646F7562 		.ascii	"double\000"
 266      6C6500
 267              	.LASF3:
 268 0188 73686F72 		.ascii	"short unsigned int\000"
 268      7420756E 
ARM GAS  C:\Users\young\AppData\Local\Temp\ccltBwQk.s 			page 9


 268      7369676E 
 268      65642069 
 268      6E7400
 269              	.LASF0:
 270 019b 7369676E 		.ascii	"signed char\000"
 270      65642063 
 270      68617200 
 271              	.LASF17:
 272 01a7 43617053 		.ascii	"CapSense_TunerComm\000"
 272      656E7365 
 272      5F54756E 
 272      6572436F 
 272      6D6D00
 273              	.LASF13:
 274 01ba 6C6F6E67 		.ascii	"long double\000"
 274      20646F75 
 274      626C6500 
 275              	.LASF2:
 276 01c6 73686F72 		.ascii	"short int\000"
 276      7420696E 
 276      7400
 277              	.LASF8:
 278 01d0 756E7369 		.ascii	"unsigned int\000"
 278      676E6564 
 278      20696E74 
 278      00
 279              	.LASF12:
 280 01dd 73697A65 		.ascii	"sizetype\000"
 280      74797065 
 280      00
 281              		.ident	"GCC: (GNU Tools for ARM Embedded Processors) 5.4.1 20160609 (release) [ARM/embedded-5-bran
