ARM GAS  C:\Users\young\AppData\Local\Temp\ccuBlwrT.s 			page 1


   1              		.syntax unified
   2              		.cpu cortex-m0
   3              		.fpu softvfp
   4              		.eabi_attribute 20, 1
   5              		.eabi_attribute 21, 1
   6              		.eabi_attribute 23, 3
   7              		.eabi_attribute 24, 1
   8              		.eabi_attribute 25, 1
   9              		.eabi_attribute 26, 1
  10              		.eabi_attribute 30, 2
  11              		.eabi_attribute 34, 0
  12              		.eabi_attribute 18, 4
  13              		.thumb
  14              		.syntax unified
  15              		.file	"hawkeye_clk.c"
  16              		.text
  17              	.Ltext0:
  18              		.cfi_sections	.debug_frame
  19              		.section	.text.hawkeye_clk_Write,"ax",%progbits
  20              		.align	2
  21              		.global	hawkeye_clk_Write
  22              		.code	16
  23              		.thumb_func
  24              		.type	hawkeye_clk_Write, %function
  25              	hawkeye_clk_Write:
  26              	.LFB0:
  27              		.file 1 "Generated_Source\\PSoC4\\hawkeye_clk.c"
   1:Generated_Source\PSoC4/hawkeye_clk.c **** /*******************************************************************************
   2:Generated_Source\PSoC4/hawkeye_clk.c **** * File Name: hawkeye_clk.c  
   3:Generated_Source\PSoC4/hawkeye_clk.c **** * Version 2.10
   4:Generated_Source\PSoC4/hawkeye_clk.c **** *
   5:Generated_Source\PSoC4/hawkeye_clk.c **** * Description:
   6:Generated_Source\PSoC4/hawkeye_clk.c **** *  This file contains API to enable firmware control of a Pins component.
   7:Generated_Source\PSoC4/hawkeye_clk.c **** *
   8:Generated_Source\PSoC4/hawkeye_clk.c **** * Note:
   9:Generated_Source\PSoC4/hawkeye_clk.c **** *
  10:Generated_Source\PSoC4/hawkeye_clk.c **** ********************************************************************************
  11:Generated_Source\PSoC4/hawkeye_clk.c **** * Copyright 2008-2014, Cypress Semiconductor Corporation.  All rights reserved.
  12:Generated_Source\PSoC4/hawkeye_clk.c **** * You may use this file only in accordance with the license, terms, conditions, 
  13:Generated_Source\PSoC4/hawkeye_clk.c **** * disclaimers, and limitations in the end user license agreement accompanying 
  14:Generated_Source\PSoC4/hawkeye_clk.c **** * the software package with which this file was provided.
  15:Generated_Source\PSoC4/hawkeye_clk.c **** *******************************************************************************/
  16:Generated_Source\PSoC4/hawkeye_clk.c **** 
  17:Generated_Source\PSoC4/hawkeye_clk.c **** #include "cytypes.h"
  18:Generated_Source\PSoC4/hawkeye_clk.c **** #include "hawkeye_clk.h"
  19:Generated_Source\PSoC4/hawkeye_clk.c **** 
  20:Generated_Source\PSoC4/hawkeye_clk.c **** #define SetP4PinDriveMode(shift, mode)  \
  21:Generated_Source\PSoC4/hawkeye_clk.c ****     do { \
  22:Generated_Source\PSoC4/hawkeye_clk.c ****         hawkeye_clk_PC =   (hawkeye_clk_PC & \
  23:Generated_Source\PSoC4/hawkeye_clk.c ****                                 (uint32)(~(uint32)(hawkeye_clk_DRIVE_MODE_IND_MASK << (hawkeye_clk_
  24:Generated_Source\PSoC4/hawkeye_clk.c ****                                 (uint32)((uint32)(mode) << (hawkeye_clk_DRIVE_MODE_BITS * (shift)))
  25:Generated_Source\PSoC4/hawkeye_clk.c ****     } while (0)
  26:Generated_Source\PSoC4/hawkeye_clk.c **** 
  27:Generated_Source\PSoC4/hawkeye_clk.c **** 
  28:Generated_Source\PSoC4/hawkeye_clk.c **** /*******************************************************************************
  29:Generated_Source\PSoC4/hawkeye_clk.c **** * Function Name: hawkeye_clk_Write
  30:Generated_Source\PSoC4/hawkeye_clk.c **** ********************************************************************************
ARM GAS  C:\Users\young\AppData\Local\Temp\ccuBlwrT.s 			page 2


  31:Generated_Source\PSoC4/hawkeye_clk.c **** *
  32:Generated_Source\PSoC4/hawkeye_clk.c **** * Summary:
  33:Generated_Source\PSoC4/hawkeye_clk.c **** *  Assign a new value to the digital port's data output register.  
  34:Generated_Source\PSoC4/hawkeye_clk.c **** *
  35:Generated_Source\PSoC4/hawkeye_clk.c **** * Parameters:  
  36:Generated_Source\PSoC4/hawkeye_clk.c **** *  prtValue:  The value to be assigned to the Digital Port. 
  37:Generated_Source\PSoC4/hawkeye_clk.c **** *
  38:Generated_Source\PSoC4/hawkeye_clk.c **** * Return: 
  39:Generated_Source\PSoC4/hawkeye_clk.c **** *  None 
  40:Generated_Source\PSoC4/hawkeye_clk.c **** *  
  41:Generated_Source\PSoC4/hawkeye_clk.c **** *******************************************************************************/
  42:Generated_Source\PSoC4/hawkeye_clk.c **** void hawkeye_clk_Write(uint8 value) 
  43:Generated_Source\PSoC4/hawkeye_clk.c **** {
  28              		.loc 1 43 0
  29              		.cfi_startproc
  30              		@ args = 0, pretend = 0, frame = 0
  31              		@ frame_needed = 0, uses_anonymous_args = 0
  32              		@ link register save eliminated.
  33              	.LVL0:
  34              		.loc 1 43 0
  35 0000 0300     		movs	r3, r0
  44:Generated_Source\PSoC4/hawkeye_clk.c ****     uint8 drVal = (uint8)(hawkeye_clk_DR & (uint8)(~hawkeye_clk_MASK));
  36              		.loc 1 44 0
  37 0002 0220     		movs	r0, #2
  38              	.LVL1:
  39 0004 0449     		ldr	r1, .L2
  45:Generated_Source\PSoC4/hawkeye_clk.c ****     drVal = (drVal | ((uint8)(value << hawkeye_clk_SHIFT) & hawkeye_clk_MASK));
  46:Generated_Source\PSoC4/hawkeye_clk.c ****     hawkeye_clk_DR = (uint32)drVal;
  40              		.loc 1 46 0
  41 0006 5B00     		lsls	r3, r3, #1
  44:Generated_Source\PSoC4/hawkeye_clk.c ****     uint8 drVal = (uint8)(hawkeye_clk_DR & (uint8)(~hawkeye_clk_MASK));
  42              		.loc 1 44 0
  43 0008 0A68     		ldr	r2, [r1]
  47:Generated_Source\PSoC4/hawkeye_clk.c **** }
  44              		.loc 1 47 0
  45              		@ sp needed
  44:Generated_Source\PSoC4/hawkeye_clk.c ****     uint8 drVal = (uint8)(hawkeye_clk_DR & (uint8)(~hawkeye_clk_MASK));
  46              		.loc 1 44 0
  47 000a 8243     		bics	r2, r0
  48 000c D2B2     		uxtb	r2, r2
  46:Generated_Source\PSoC4/hawkeye_clk.c **** }
  49              		.loc 1 46 0
  50 000e 1840     		ands	r0, r3
  51 0010 1043     		orrs	r0, r2
  52 0012 0860     		str	r0, [r1]
  53              		.loc 1 47 0
  54 0014 7047     		bx	lr
  55              	.L3:
  56 0016 C046     		.align	2
  57              	.L2:
  58 0018 00030440 		.word	1074004736
  59              		.cfi_endproc
  60              	.LFE0:
  61              		.size	hawkeye_clk_Write, .-hawkeye_clk_Write
  62              		.section	.text.hawkeye_clk_SetDriveMode,"ax",%progbits
  63              		.align	2
  64              		.global	hawkeye_clk_SetDriveMode
ARM GAS  C:\Users\young\AppData\Local\Temp\ccuBlwrT.s 			page 3


  65              		.code	16
  66              		.thumb_func
  67              		.type	hawkeye_clk_SetDriveMode, %function
  68              	hawkeye_clk_SetDriveMode:
  69              	.LFB1:
  48:Generated_Source\PSoC4/hawkeye_clk.c **** 
  49:Generated_Source\PSoC4/hawkeye_clk.c **** 
  50:Generated_Source\PSoC4/hawkeye_clk.c **** /*******************************************************************************
  51:Generated_Source\PSoC4/hawkeye_clk.c **** * Function Name: hawkeye_clk_SetDriveMode
  52:Generated_Source\PSoC4/hawkeye_clk.c **** ********************************************************************************
  53:Generated_Source\PSoC4/hawkeye_clk.c **** *
  54:Generated_Source\PSoC4/hawkeye_clk.c **** * Summary:
  55:Generated_Source\PSoC4/hawkeye_clk.c **** *  Change the drive mode on the pins of the port.
  56:Generated_Source\PSoC4/hawkeye_clk.c **** * 
  57:Generated_Source\PSoC4/hawkeye_clk.c **** * Parameters:  
  58:Generated_Source\PSoC4/hawkeye_clk.c **** *  mode:  Change the pins to one of the following drive modes.
  59:Generated_Source\PSoC4/hawkeye_clk.c **** *
  60:Generated_Source\PSoC4/hawkeye_clk.c **** *  hawkeye_clk_DM_STRONG     Strong Drive 
  61:Generated_Source\PSoC4/hawkeye_clk.c **** *  hawkeye_clk_DM_OD_HI      Open Drain, Drives High 
  62:Generated_Source\PSoC4/hawkeye_clk.c **** *  hawkeye_clk_DM_OD_LO      Open Drain, Drives Low 
  63:Generated_Source\PSoC4/hawkeye_clk.c **** *  hawkeye_clk_DM_RES_UP     Resistive Pull Up 
  64:Generated_Source\PSoC4/hawkeye_clk.c **** *  hawkeye_clk_DM_RES_DWN    Resistive Pull Down 
  65:Generated_Source\PSoC4/hawkeye_clk.c **** *  hawkeye_clk_DM_RES_UPDWN  Resistive Pull Up/Down 
  66:Generated_Source\PSoC4/hawkeye_clk.c **** *  hawkeye_clk_DM_DIG_HIZ    High Impedance Digital 
  67:Generated_Source\PSoC4/hawkeye_clk.c **** *  hawkeye_clk_DM_ALG_HIZ    High Impedance Analog 
  68:Generated_Source\PSoC4/hawkeye_clk.c **** *
  69:Generated_Source\PSoC4/hawkeye_clk.c **** * Return: 
  70:Generated_Source\PSoC4/hawkeye_clk.c **** *  None
  71:Generated_Source\PSoC4/hawkeye_clk.c **** *
  72:Generated_Source\PSoC4/hawkeye_clk.c **** *******************************************************************************/
  73:Generated_Source\PSoC4/hawkeye_clk.c **** void hawkeye_clk_SetDriveMode(uint8 mode) 
  74:Generated_Source\PSoC4/hawkeye_clk.c **** {
  70              		.loc 1 74 0
  71              		.cfi_startproc
  72              		@ args = 0, pretend = 0, frame = 0
  73              		@ frame_needed = 0, uses_anonymous_args = 0
  74              		@ link register save eliminated.
  75              	.LVL2:
  75:Generated_Source\PSoC4/hawkeye_clk.c **** 	SetP4PinDriveMode(hawkeye_clk__0__SHIFT, mode);
  76              		.loc 1 75 0
  77 0000 3821     		movs	r1, #56
  78 0002 034A     		ldr	r2, .L5
  79 0004 C000     		lsls	r0, r0, #3
  80              	.LVL3:
  81 0006 1368     		ldr	r3, [r2]
  76:Generated_Source\PSoC4/hawkeye_clk.c **** }
  82              		.loc 1 76 0
  83              		@ sp needed
  75:Generated_Source\PSoC4/hawkeye_clk.c **** 	SetP4PinDriveMode(hawkeye_clk__0__SHIFT, mode);
  84              		.loc 1 75 0
  85 0008 8B43     		bics	r3, r1
  86 000a 1843     		orrs	r0, r3
  87 000c 1060     		str	r0, [r2]
  88              		.loc 1 76 0
  89 000e 7047     		bx	lr
  90              	.L6:
  91              		.align	2
ARM GAS  C:\Users\young\AppData\Local\Temp\ccuBlwrT.s 			page 4


  92              	.L5:
  93 0010 08030440 		.word	1074004744
  94              		.cfi_endproc
  95              	.LFE1:
  96              		.size	hawkeye_clk_SetDriveMode, .-hawkeye_clk_SetDriveMode
  97              		.section	.text.hawkeye_clk_Read,"ax",%progbits
  98              		.align	2
  99              		.global	hawkeye_clk_Read
 100              		.code	16
 101              		.thumb_func
 102              		.type	hawkeye_clk_Read, %function
 103              	hawkeye_clk_Read:
 104              	.LFB2:
  77:Generated_Source\PSoC4/hawkeye_clk.c **** 
  78:Generated_Source\PSoC4/hawkeye_clk.c **** 
  79:Generated_Source\PSoC4/hawkeye_clk.c **** /*******************************************************************************
  80:Generated_Source\PSoC4/hawkeye_clk.c **** * Function Name: hawkeye_clk_Read
  81:Generated_Source\PSoC4/hawkeye_clk.c **** ********************************************************************************
  82:Generated_Source\PSoC4/hawkeye_clk.c **** *
  83:Generated_Source\PSoC4/hawkeye_clk.c **** * Summary:
  84:Generated_Source\PSoC4/hawkeye_clk.c **** *  Read the current value on the pins of the Digital Port in right justified 
  85:Generated_Source\PSoC4/hawkeye_clk.c **** *  form.
  86:Generated_Source\PSoC4/hawkeye_clk.c **** *
  87:Generated_Source\PSoC4/hawkeye_clk.c **** * Parameters:  
  88:Generated_Source\PSoC4/hawkeye_clk.c **** *  None 
  89:Generated_Source\PSoC4/hawkeye_clk.c **** *
  90:Generated_Source\PSoC4/hawkeye_clk.c **** * Return: 
  91:Generated_Source\PSoC4/hawkeye_clk.c **** *  Returns the current value of the Digital Port as a right justified number
  92:Generated_Source\PSoC4/hawkeye_clk.c **** *  
  93:Generated_Source\PSoC4/hawkeye_clk.c **** * Note:
  94:Generated_Source\PSoC4/hawkeye_clk.c **** *  Macro hawkeye_clk_ReadPS calls this function. 
  95:Generated_Source\PSoC4/hawkeye_clk.c **** *  
  96:Generated_Source\PSoC4/hawkeye_clk.c **** *******************************************************************************/
  97:Generated_Source\PSoC4/hawkeye_clk.c **** uint8 hawkeye_clk_Read(void) 
  98:Generated_Source\PSoC4/hawkeye_clk.c **** {
 105              		.loc 1 98 0
 106              		.cfi_startproc
 107              		@ args = 0, pretend = 0, frame = 0
 108              		@ frame_needed = 0, uses_anonymous_args = 0
 109              		@ link register save eliminated.
  99:Generated_Source\PSoC4/hawkeye_clk.c ****     return (uint8)((hawkeye_clk_PS & hawkeye_clk_MASK) >> hawkeye_clk_SHIFT);
 110              		.loc 1 99 0
 111 0000 024B     		ldr	r3, .L8
 100:Generated_Source\PSoC4/hawkeye_clk.c **** }
 112              		.loc 1 100 0
 113              		@ sp needed
  99:Generated_Source\PSoC4/hawkeye_clk.c ****     return (uint8)((hawkeye_clk_PS & hawkeye_clk_MASK) >> hawkeye_clk_SHIFT);
 114              		.loc 1 99 0
 115 0002 1868     		ldr	r0, [r3]
 116 0004 8007     		lsls	r0, r0, #30
 117 0006 C00F     		lsrs	r0, r0, #31
 118              		.loc 1 100 0
 119 0008 7047     		bx	lr
 120              	.L9:
 121 000a C046     		.align	2
 122              	.L8:
 123 000c 04030440 		.word	1074004740
ARM GAS  C:\Users\young\AppData\Local\Temp\ccuBlwrT.s 			page 5


 124              		.cfi_endproc
 125              	.LFE2:
 126              		.size	hawkeye_clk_Read, .-hawkeye_clk_Read
 127              		.section	.text.hawkeye_clk_ReadDataReg,"ax",%progbits
 128              		.align	2
 129              		.global	hawkeye_clk_ReadDataReg
 130              		.code	16
 131              		.thumb_func
 132              		.type	hawkeye_clk_ReadDataReg, %function
 133              	hawkeye_clk_ReadDataReg:
 134              	.LFB3:
 101:Generated_Source\PSoC4/hawkeye_clk.c **** 
 102:Generated_Source\PSoC4/hawkeye_clk.c **** 
 103:Generated_Source\PSoC4/hawkeye_clk.c **** /*******************************************************************************
 104:Generated_Source\PSoC4/hawkeye_clk.c **** * Function Name: hawkeye_clk_ReadDataReg
 105:Generated_Source\PSoC4/hawkeye_clk.c **** ********************************************************************************
 106:Generated_Source\PSoC4/hawkeye_clk.c **** *
 107:Generated_Source\PSoC4/hawkeye_clk.c **** * Summary:
 108:Generated_Source\PSoC4/hawkeye_clk.c **** *  Read the current value assigned to a Digital Port's data output register
 109:Generated_Source\PSoC4/hawkeye_clk.c **** *
 110:Generated_Source\PSoC4/hawkeye_clk.c **** * Parameters:  
 111:Generated_Source\PSoC4/hawkeye_clk.c **** *  None 
 112:Generated_Source\PSoC4/hawkeye_clk.c **** *
 113:Generated_Source\PSoC4/hawkeye_clk.c **** * Return: 
 114:Generated_Source\PSoC4/hawkeye_clk.c **** *  Returns the current value assigned to the Digital Port's data output register
 115:Generated_Source\PSoC4/hawkeye_clk.c **** *  
 116:Generated_Source\PSoC4/hawkeye_clk.c **** *******************************************************************************/
 117:Generated_Source\PSoC4/hawkeye_clk.c **** uint8 hawkeye_clk_ReadDataReg(void) 
 118:Generated_Source\PSoC4/hawkeye_clk.c **** {
 135              		.loc 1 118 0
 136              		.cfi_startproc
 137              		@ args = 0, pretend = 0, frame = 0
 138              		@ frame_needed = 0, uses_anonymous_args = 0
 139              		@ link register save eliminated.
 119:Generated_Source\PSoC4/hawkeye_clk.c ****     return (uint8)((hawkeye_clk_DR & hawkeye_clk_MASK) >> hawkeye_clk_SHIFT);
 140              		.loc 1 119 0
 141 0000 024B     		ldr	r3, .L11
 120:Generated_Source\PSoC4/hawkeye_clk.c **** }
 142              		.loc 1 120 0
 143              		@ sp needed
 119:Generated_Source\PSoC4/hawkeye_clk.c ****     return (uint8)((hawkeye_clk_DR & hawkeye_clk_MASK) >> hawkeye_clk_SHIFT);
 144              		.loc 1 119 0
 145 0002 1868     		ldr	r0, [r3]
 146 0004 8007     		lsls	r0, r0, #30
 147 0006 C00F     		lsrs	r0, r0, #31
 148              		.loc 1 120 0
 149 0008 7047     		bx	lr
 150              	.L12:
 151 000a C046     		.align	2
 152              	.L11:
 153 000c 00030440 		.word	1074004736
 154              		.cfi_endproc
 155              	.LFE3:
 156              		.size	hawkeye_clk_ReadDataReg, .-hawkeye_clk_ReadDataReg
 157              		.section	.text.hawkeye_clk_ClearInterrupt,"ax",%progbits
 158              		.align	2
 159              		.global	hawkeye_clk_ClearInterrupt
ARM GAS  C:\Users\young\AppData\Local\Temp\ccuBlwrT.s 			page 6


 160              		.code	16
 161              		.thumb_func
 162              		.type	hawkeye_clk_ClearInterrupt, %function
 163              	hawkeye_clk_ClearInterrupt:
 164              	.LFB4:
 121:Generated_Source\PSoC4/hawkeye_clk.c **** 
 122:Generated_Source\PSoC4/hawkeye_clk.c **** 
 123:Generated_Source\PSoC4/hawkeye_clk.c **** /* If Interrupts Are Enabled for this Pins component */ 
 124:Generated_Source\PSoC4/hawkeye_clk.c **** #if defined(hawkeye_clk_INTSTAT) 
 125:Generated_Source\PSoC4/hawkeye_clk.c **** 
 126:Generated_Source\PSoC4/hawkeye_clk.c ****     /*******************************************************************************
 127:Generated_Source\PSoC4/hawkeye_clk.c ****     * Function Name: hawkeye_clk_ClearInterrupt
 128:Generated_Source\PSoC4/hawkeye_clk.c ****     ********************************************************************************
 129:Generated_Source\PSoC4/hawkeye_clk.c ****     *
 130:Generated_Source\PSoC4/hawkeye_clk.c ****     * Summary:
 131:Generated_Source\PSoC4/hawkeye_clk.c ****     *  Clears any active interrupts attached to port and returns the value of the 
 132:Generated_Source\PSoC4/hawkeye_clk.c ****     *  interrupt status register.
 133:Generated_Source\PSoC4/hawkeye_clk.c ****     *
 134:Generated_Source\PSoC4/hawkeye_clk.c ****     * Parameters:  
 135:Generated_Source\PSoC4/hawkeye_clk.c ****     *  None 
 136:Generated_Source\PSoC4/hawkeye_clk.c ****     *
 137:Generated_Source\PSoC4/hawkeye_clk.c ****     * Return: 
 138:Generated_Source\PSoC4/hawkeye_clk.c ****     *  Returns the value of the interrupt status register
 139:Generated_Source\PSoC4/hawkeye_clk.c ****     *  
 140:Generated_Source\PSoC4/hawkeye_clk.c ****     *******************************************************************************/
 141:Generated_Source\PSoC4/hawkeye_clk.c ****     uint8 hawkeye_clk_ClearInterrupt(void) 
 142:Generated_Source\PSoC4/hawkeye_clk.c ****     {
 165              		.loc 1 142 0
 166              		.cfi_startproc
 167              		@ args = 0, pretend = 0, frame = 0
 168              		@ frame_needed = 0, uses_anonymous_args = 0
 169              		@ link register save eliminated.
 143:Generated_Source\PSoC4/hawkeye_clk.c **** 		uint8 maskedStatus = (uint8)(hawkeye_clk_INTSTAT & hawkeye_clk_MASK);
 170              		.loc 1 143 0
 171 0000 0220     		movs	r0, #2
 172 0002 034A     		ldr	r2, .L14
 144:Generated_Source\PSoC4/hawkeye_clk.c **** 		hawkeye_clk_INTSTAT = maskedStatus;
 145:Generated_Source\PSoC4/hawkeye_clk.c ****         return maskedStatus >> hawkeye_clk_SHIFT;
 146:Generated_Source\PSoC4/hawkeye_clk.c ****     }
 173              		.loc 1 146 0
 174              		@ sp needed
 143:Generated_Source\PSoC4/hawkeye_clk.c **** 		uint8 maskedStatus = (uint8)(hawkeye_clk_INTSTAT & hawkeye_clk_MASK);
 175              		.loc 1 143 0
 176 0004 1368     		ldr	r3, [r2]
 177 0006 1840     		ands	r0, r3
 178              	.LVL4:
 144:Generated_Source\PSoC4/hawkeye_clk.c **** 		hawkeye_clk_INTSTAT = maskedStatus;
 179              		.loc 1 144 0
 180 0008 1060     		str	r0, [r2]
 145:Generated_Source\PSoC4/hawkeye_clk.c ****     }
 181              		.loc 1 145 0
 182 000a 4008     		lsrs	r0, r0, #1
 183              	.LVL5:
 184 000c C0B2     		uxtb	r0, r0
 185              		.loc 1 146 0
 186 000e 7047     		bx	lr
 187              	.L15:
ARM GAS  C:\Users\young\AppData\Local\Temp\ccuBlwrT.s 			page 7


 188              		.align	2
 189              	.L14:
 190 0010 10030440 		.word	1074004752
 191              		.cfi_endproc
 192              	.LFE4:
 193              		.size	hawkeye_clk_ClearInterrupt, .-hawkeye_clk_ClearInterrupt
 194              		.text
 195              	.Letext0:
 196              		.file 2 "Generated_Source\\PSoC4\\cytypes.h"
 197              		.section	.debug_info,"",%progbits
 198              	.Ldebug_info0:
 199 0000 4A010000 		.4byte	0x14a
 200 0004 0400     		.2byte	0x4
 201 0006 00000000 		.4byte	.Ldebug_abbrev0
 202 000a 04       		.byte	0x4
 203 000b 01       		.uleb128 0x1
 204 000c 0F010000 		.4byte	.LASF22
 205 0010 0C       		.byte	0xc
 206 0011 3F000000 		.4byte	.LASF23
 207 0015 6A000000 		.4byte	.LASF24
 208 0019 00000000 		.4byte	.Ldebug_ranges0+0
 209 001d 00000000 		.4byte	0
 210 0021 00000000 		.4byte	.Ldebug_line0
 211 0025 02       		.uleb128 0x2
 212 0026 01       		.byte	0x1
 213 0027 06       		.byte	0x6
 214 0028 49020000 		.4byte	.LASF0
 215 002c 02       		.uleb128 0x2
 216 002d 01       		.byte	0x1
 217 002e 08       		.byte	0x8
 218 002f D6000000 		.4byte	.LASF1
 219 0033 02       		.uleb128 0x2
 220 0034 02       		.byte	0x2
 221 0035 05       		.byte	0x5
 222 0036 17020000 		.4byte	.LASF2
 223 003a 02       		.uleb128 0x2
 224 003b 02       		.byte	0x2
 225 003c 07       		.byte	0x7
 226 003d FC000000 		.4byte	.LASF3
 227 0041 02       		.uleb128 0x2
 228 0042 04       		.byte	0x4
 229 0043 05       		.byte	0x5
 230 0044 40020000 		.4byte	.LASF4
 231 0048 02       		.uleb128 0x2
 232 0049 04       		.byte	0x4
 233 004a 07       		.byte	0x7
 234 004b EA000000 		.4byte	.LASF5
 235 004f 02       		.uleb128 0x2
 236 0050 08       		.byte	0x8
 237 0051 05       		.byte	0x5
 238 0052 F7010000 		.4byte	.LASF6
 239 0056 02       		.uleb128 0x2
 240 0057 08       		.byte	0x8
 241 0058 07       		.byte	0x7
 242 0059 B8010000 		.4byte	.LASF7
 243 005d 03       		.uleb128 0x3
 244 005e 04       		.byte	0x4
ARM GAS  C:\Users\young\AppData\Local\Temp\ccuBlwrT.s 			page 8


 245 005f 05       		.byte	0x5
 246 0060 696E7400 		.ascii	"int\000"
 247 0064 02       		.uleb128 0x2
 248 0065 04       		.byte	0x4
 249 0066 07       		.byte	0x7
 250 0067 AB010000 		.4byte	.LASF8
 251 006b 04       		.uleb128 0x4
 252 006c 3A020000 		.4byte	.LASF9
 253 0070 02       		.byte	0x2
 254 0071 D201     		.2byte	0x1d2
 255 0073 2C000000 		.4byte	0x2c
 256 0077 04       		.uleb128 0x4
 257 0078 A4010000 		.4byte	.LASF10
 258 007c 02       		.byte	0x2
 259 007d D401     		.2byte	0x1d4
 260 007f 48000000 		.4byte	0x48
 261 0083 02       		.uleb128 0x2
 262 0084 04       		.byte	0x4
 263 0085 04       		.byte	0x4
 264 0086 64000000 		.4byte	.LASF11
 265 008a 02       		.uleb128 0x2
 266 008b 08       		.byte	0x8
 267 008c 04       		.byte	0x4
 268 008d 9D010000 		.4byte	.LASF12
 269 0091 02       		.uleb128 0x2
 270 0092 01       		.byte	0x1
 271 0093 08       		.byte	0x8
 272 0094 12020000 		.4byte	.LASF13
 273 0098 04       		.uleb128 0x4
 274 0099 00000000 		.4byte	.LASF14
 275 009d 02       		.byte	0x2
 276 009e 7E02     		.2byte	0x27e
 277 00a0 A4000000 		.4byte	0xa4
 278 00a4 05       		.uleb128 0x5
 279 00a5 77000000 		.4byte	0x77
 280 00a9 06       		.uleb128 0x6
 281 00aa D4010000 		.4byte	.LASF15
 282 00ae 01       		.byte	0x1
 283 00af 2A       		.byte	0x2a
 284 00b0 00000000 		.4byte	.LFB0
 285 00b4 1C000000 		.4byte	.LFE0-.LFB0
 286 00b8 01       		.uleb128 0x1
 287 00b9 9C       		.byte	0x9c
 288 00ba D9000000 		.4byte	0xd9
 289 00be 07       		.uleb128 0x7
 290 00bf 06000000 		.4byte	.LASF17
 291 00c3 01       		.byte	0x1
 292 00c4 2A       		.byte	0x2a
 293 00c5 6B000000 		.4byte	0x6b
 294 00c9 00000000 		.4byte	.LLST0
 295 00cd 08       		.uleb128 0x8
 296 00ce E4000000 		.4byte	.LASF25
 297 00d2 01       		.byte	0x1
 298 00d3 2C       		.byte	0x2c
 299 00d4 6B000000 		.4byte	0x6b
 300 00d8 00       		.byte	0
 301 00d9 06       		.uleb128 0x6
ARM GAS  C:\Users\young\AppData\Local\Temp\ccuBlwrT.s 			page 9


 302 00da 21020000 		.4byte	.LASF16
 303 00de 01       		.byte	0x1
 304 00df 49       		.byte	0x49
 305 00e0 00000000 		.4byte	.LFB1
 306 00e4 14000000 		.4byte	.LFE1-.LFB1
 307 00e8 01       		.uleb128 0x1
 308 00e9 9C       		.byte	0x9c
 309 00ea FE000000 		.4byte	0xfe
 310 00ee 07       		.uleb128 0x7
 311 00ef CF010000 		.4byte	.LASF18
 312 00f3 01       		.byte	0x1
 313 00f4 49       		.byte	0x49
 314 00f5 6B000000 		.4byte	0x6b
 315 00f9 21000000 		.4byte	.LLST1
 316 00fd 00       		.byte	0
 317 00fe 09       		.uleb128 0x9
 318 00ff E6010000 		.4byte	.LASF19
 319 0103 01       		.byte	0x1
 320 0104 61       		.byte	0x61
 321 0105 6B000000 		.4byte	0x6b
 322 0109 00000000 		.4byte	.LFB2
 323 010d 10000000 		.4byte	.LFE2-.LFB2
 324 0111 01       		.uleb128 0x1
 325 0112 9C       		.byte	0x9c
 326 0113 09       		.uleb128 0x9
 327 0114 27000000 		.4byte	.LASF20
 328 0118 01       		.byte	0x1
 329 0119 75       		.byte	0x75
 330 011a 6B000000 		.4byte	0x6b
 331 011e 00000000 		.4byte	.LFB3
 332 0122 10000000 		.4byte	.LFE3-.LFB3
 333 0126 01       		.uleb128 0x1
 334 0127 9C       		.byte	0x9c
 335 0128 0A       		.uleb128 0xa
 336 0129 0C000000 		.4byte	.LASF21
 337 012d 01       		.byte	0x1
 338 012e 8D       		.byte	0x8d
 339 012f 6B000000 		.4byte	0x6b
 340 0133 00000000 		.4byte	.LFB4
 341 0137 14000000 		.4byte	.LFE4-.LFB4
 342 013b 01       		.uleb128 0x1
 343 013c 9C       		.byte	0x9c
 344 013d 0B       		.uleb128 0xb
 345 013e 05020000 		.4byte	.LASF26
 346 0142 01       		.byte	0x1
 347 0143 8F       		.byte	0x8f
 348 0144 6B000000 		.4byte	0x6b
 349 0148 42000000 		.4byte	.LLST2
 350 014c 00       		.byte	0
 351 014d 00       		.byte	0
 352              		.section	.debug_abbrev,"",%progbits
 353              	.Ldebug_abbrev0:
 354 0000 01       		.uleb128 0x1
 355 0001 11       		.uleb128 0x11
 356 0002 01       		.byte	0x1
 357 0003 25       		.uleb128 0x25
 358 0004 0E       		.uleb128 0xe
ARM GAS  C:\Users\young\AppData\Local\Temp\ccuBlwrT.s 			page 10


 359 0005 13       		.uleb128 0x13
 360 0006 0B       		.uleb128 0xb
 361 0007 03       		.uleb128 0x3
 362 0008 0E       		.uleb128 0xe
 363 0009 1B       		.uleb128 0x1b
 364 000a 0E       		.uleb128 0xe
 365 000b 55       		.uleb128 0x55
 366 000c 17       		.uleb128 0x17
 367 000d 11       		.uleb128 0x11
 368 000e 01       		.uleb128 0x1
 369 000f 10       		.uleb128 0x10
 370 0010 17       		.uleb128 0x17
 371 0011 00       		.byte	0
 372 0012 00       		.byte	0
 373 0013 02       		.uleb128 0x2
 374 0014 24       		.uleb128 0x24
 375 0015 00       		.byte	0
 376 0016 0B       		.uleb128 0xb
 377 0017 0B       		.uleb128 0xb
 378 0018 3E       		.uleb128 0x3e
 379 0019 0B       		.uleb128 0xb
 380 001a 03       		.uleb128 0x3
 381 001b 0E       		.uleb128 0xe
 382 001c 00       		.byte	0
 383 001d 00       		.byte	0
 384 001e 03       		.uleb128 0x3
 385 001f 24       		.uleb128 0x24
 386 0020 00       		.byte	0
 387 0021 0B       		.uleb128 0xb
 388 0022 0B       		.uleb128 0xb
 389 0023 3E       		.uleb128 0x3e
 390 0024 0B       		.uleb128 0xb
 391 0025 03       		.uleb128 0x3
 392 0026 08       		.uleb128 0x8
 393 0027 00       		.byte	0
 394 0028 00       		.byte	0
 395 0029 04       		.uleb128 0x4
 396 002a 16       		.uleb128 0x16
 397 002b 00       		.byte	0
 398 002c 03       		.uleb128 0x3
 399 002d 0E       		.uleb128 0xe
 400 002e 3A       		.uleb128 0x3a
 401 002f 0B       		.uleb128 0xb
 402 0030 3B       		.uleb128 0x3b
 403 0031 05       		.uleb128 0x5
 404 0032 49       		.uleb128 0x49
 405 0033 13       		.uleb128 0x13
 406 0034 00       		.byte	0
 407 0035 00       		.byte	0
 408 0036 05       		.uleb128 0x5
 409 0037 35       		.uleb128 0x35
 410 0038 00       		.byte	0
 411 0039 49       		.uleb128 0x49
 412 003a 13       		.uleb128 0x13
 413 003b 00       		.byte	0
 414 003c 00       		.byte	0
 415 003d 06       		.uleb128 0x6
ARM GAS  C:\Users\young\AppData\Local\Temp\ccuBlwrT.s 			page 11


 416 003e 2E       		.uleb128 0x2e
 417 003f 01       		.byte	0x1
 418 0040 3F       		.uleb128 0x3f
 419 0041 19       		.uleb128 0x19
 420 0042 03       		.uleb128 0x3
 421 0043 0E       		.uleb128 0xe
 422 0044 3A       		.uleb128 0x3a
 423 0045 0B       		.uleb128 0xb
 424 0046 3B       		.uleb128 0x3b
 425 0047 0B       		.uleb128 0xb
 426 0048 27       		.uleb128 0x27
 427 0049 19       		.uleb128 0x19
 428 004a 11       		.uleb128 0x11
 429 004b 01       		.uleb128 0x1
 430 004c 12       		.uleb128 0x12
 431 004d 06       		.uleb128 0x6
 432 004e 40       		.uleb128 0x40
 433 004f 18       		.uleb128 0x18
 434 0050 9742     		.uleb128 0x2117
 435 0052 19       		.uleb128 0x19
 436 0053 01       		.uleb128 0x1
 437 0054 13       		.uleb128 0x13
 438 0055 00       		.byte	0
 439 0056 00       		.byte	0
 440 0057 07       		.uleb128 0x7
 441 0058 05       		.uleb128 0x5
 442 0059 00       		.byte	0
 443 005a 03       		.uleb128 0x3
 444 005b 0E       		.uleb128 0xe
 445 005c 3A       		.uleb128 0x3a
 446 005d 0B       		.uleb128 0xb
 447 005e 3B       		.uleb128 0x3b
 448 005f 0B       		.uleb128 0xb
 449 0060 49       		.uleb128 0x49
 450 0061 13       		.uleb128 0x13
 451 0062 02       		.uleb128 0x2
 452 0063 17       		.uleb128 0x17
 453 0064 00       		.byte	0
 454 0065 00       		.byte	0
 455 0066 08       		.uleb128 0x8
 456 0067 34       		.uleb128 0x34
 457 0068 00       		.byte	0
 458 0069 03       		.uleb128 0x3
 459 006a 0E       		.uleb128 0xe
 460 006b 3A       		.uleb128 0x3a
 461 006c 0B       		.uleb128 0xb
 462 006d 3B       		.uleb128 0x3b
 463 006e 0B       		.uleb128 0xb
 464 006f 49       		.uleb128 0x49
 465 0070 13       		.uleb128 0x13
 466 0071 00       		.byte	0
 467 0072 00       		.byte	0
 468 0073 09       		.uleb128 0x9
 469 0074 2E       		.uleb128 0x2e
 470 0075 00       		.byte	0
 471 0076 3F       		.uleb128 0x3f
 472 0077 19       		.uleb128 0x19
ARM GAS  C:\Users\young\AppData\Local\Temp\ccuBlwrT.s 			page 12


 473 0078 03       		.uleb128 0x3
 474 0079 0E       		.uleb128 0xe
 475 007a 3A       		.uleb128 0x3a
 476 007b 0B       		.uleb128 0xb
 477 007c 3B       		.uleb128 0x3b
 478 007d 0B       		.uleb128 0xb
 479 007e 27       		.uleb128 0x27
 480 007f 19       		.uleb128 0x19
 481 0080 49       		.uleb128 0x49
 482 0081 13       		.uleb128 0x13
 483 0082 11       		.uleb128 0x11
 484 0083 01       		.uleb128 0x1
 485 0084 12       		.uleb128 0x12
 486 0085 06       		.uleb128 0x6
 487 0086 40       		.uleb128 0x40
 488 0087 18       		.uleb128 0x18
 489 0088 9742     		.uleb128 0x2117
 490 008a 19       		.uleb128 0x19
 491 008b 00       		.byte	0
 492 008c 00       		.byte	0
 493 008d 0A       		.uleb128 0xa
 494 008e 2E       		.uleb128 0x2e
 495 008f 01       		.byte	0x1
 496 0090 3F       		.uleb128 0x3f
 497 0091 19       		.uleb128 0x19
 498 0092 03       		.uleb128 0x3
 499 0093 0E       		.uleb128 0xe
 500 0094 3A       		.uleb128 0x3a
 501 0095 0B       		.uleb128 0xb
 502 0096 3B       		.uleb128 0x3b
 503 0097 0B       		.uleb128 0xb
 504 0098 27       		.uleb128 0x27
 505 0099 19       		.uleb128 0x19
 506 009a 49       		.uleb128 0x49
 507 009b 13       		.uleb128 0x13
 508 009c 11       		.uleb128 0x11
 509 009d 01       		.uleb128 0x1
 510 009e 12       		.uleb128 0x12
 511 009f 06       		.uleb128 0x6
 512 00a0 40       		.uleb128 0x40
 513 00a1 18       		.uleb128 0x18
 514 00a2 9742     		.uleb128 0x2117
 515 00a4 19       		.uleb128 0x19
 516 00a5 00       		.byte	0
 517 00a6 00       		.byte	0
 518 00a7 0B       		.uleb128 0xb
 519 00a8 34       		.uleb128 0x34
 520 00a9 00       		.byte	0
 521 00aa 03       		.uleb128 0x3
 522 00ab 0E       		.uleb128 0xe
 523 00ac 3A       		.uleb128 0x3a
 524 00ad 0B       		.uleb128 0xb
 525 00ae 3B       		.uleb128 0x3b
 526 00af 0B       		.uleb128 0xb
 527 00b0 49       		.uleb128 0x49
 528 00b1 13       		.uleb128 0x13
 529 00b2 02       		.uleb128 0x2
ARM GAS  C:\Users\young\AppData\Local\Temp\ccuBlwrT.s 			page 13


 530 00b3 17       		.uleb128 0x17
 531 00b4 00       		.byte	0
 532 00b5 00       		.byte	0
 533 00b6 00       		.byte	0
 534              		.section	.debug_loc,"",%progbits
 535              	.Ldebug_loc0:
 536              	.LLST0:
 537 0000 00000000 		.4byte	.LVL0
 538 0004 04000000 		.4byte	.LVL1
 539 0008 0100     		.2byte	0x1
 540 000a 50       		.byte	0x50
 541 000b 04000000 		.4byte	.LVL1
 542 000f 1C000000 		.4byte	.LFE0
 543 0013 0400     		.2byte	0x4
 544 0015 F3       		.byte	0xf3
 545 0016 01       		.uleb128 0x1
 546 0017 50       		.byte	0x50
 547 0018 9F       		.byte	0x9f
 548 0019 00000000 		.4byte	0
 549 001d 00000000 		.4byte	0
 550              	.LLST1:
 551 0021 00000000 		.4byte	.LVL2
 552 0025 06000000 		.4byte	.LVL3
 553 0029 0100     		.2byte	0x1
 554 002b 50       		.byte	0x50
 555 002c 06000000 		.4byte	.LVL3
 556 0030 14000000 		.4byte	.LFE1
 557 0034 0400     		.2byte	0x4
 558 0036 F3       		.byte	0xf3
 559 0037 01       		.uleb128 0x1
 560 0038 50       		.byte	0x50
 561 0039 9F       		.byte	0x9f
 562 003a 00000000 		.4byte	0
 563 003e 00000000 		.4byte	0
 564              	.LLST2:
 565 0042 08000000 		.4byte	.LVL4
 566 0046 0C000000 		.4byte	.LVL5
 567 004a 0100     		.2byte	0x1
 568 004c 50       		.byte	0x50
 569 004d 0C000000 		.4byte	.LVL5
 570 0051 14000000 		.4byte	.LFE4
 571 0055 0400     		.2byte	0x4
 572 0057 72       		.byte	0x72
 573 0058 00       		.sleb128 0
 574 0059 06       		.byte	0x6
 575 005a 9F       		.byte	0x9f
 576 005b 00000000 		.4byte	0
 577 005f 00000000 		.4byte	0
 578              		.section	.debug_aranges,"",%progbits
 579 0000 3C000000 		.4byte	0x3c
 580 0004 0200     		.2byte	0x2
 581 0006 00000000 		.4byte	.Ldebug_info0
 582 000a 04       		.byte	0x4
 583 000b 00       		.byte	0
 584 000c 0000     		.2byte	0
 585 000e 0000     		.2byte	0
 586 0010 00000000 		.4byte	.LFB0
ARM GAS  C:\Users\young\AppData\Local\Temp\ccuBlwrT.s 			page 14


 587 0014 1C000000 		.4byte	.LFE0-.LFB0
 588 0018 00000000 		.4byte	.LFB1
 589 001c 14000000 		.4byte	.LFE1-.LFB1
 590 0020 00000000 		.4byte	.LFB2
 591 0024 10000000 		.4byte	.LFE2-.LFB2
 592 0028 00000000 		.4byte	.LFB3
 593 002c 10000000 		.4byte	.LFE3-.LFB3
 594 0030 00000000 		.4byte	.LFB4
 595 0034 14000000 		.4byte	.LFE4-.LFB4
 596 0038 00000000 		.4byte	0
 597 003c 00000000 		.4byte	0
 598              		.section	.debug_ranges,"",%progbits
 599              	.Ldebug_ranges0:
 600 0000 00000000 		.4byte	.LFB0
 601 0004 1C000000 		.4byte	.LFE0
 602 0008 00000000 		.4byte	.LFB1
 603 000c 14000000 		.4byte	.LFE1
 604 0010 00000000 		.4byte	.LFB2
 605 0014 10000000 		.4byte	.LFE2
 606 0018 00000000 		.4byte	.LFB3
 607 001c 10000000 		.4byte	.LFE3
 608 0020 00000000 		.4byte	.LFB4
 609 0024 14000000 		.4byte	.LFE4
 610 0028 00000000 		.4byte	0
 611 002c 00000000 		.4byte	0
 612              		.section	.debug_line,"",%progbits
 613              	.Ldebug_line0:
 614 0000 B7000000 		.section	.debug_str,"MS",%progbits,1
 614      02004800 
 614      00000201 
 614      FB0E0D00 
 614      01010101 
 615              	.LASF14:
 616 0000 72656733 		.ascii	"reg32\000"
 616      3200
 617              	.LASF17:
 618 0006 76616C75 		.ascii	"value\000"
 618      6500
 619              	.LASF21:
 620 000c 6861776B 		.ascii	"hawkeye_clk_ClearInterrupt\000"
 620      6579655F 
 620      636C6B5F 
 620      436C6561 
 620      72496E74 
 621              	.LASF20:
 622 0027 6861776B 		.ascii	"hawkeye_clk_ReadDataReg\000"
 622      6579655F 
 622      636C6B5F 
 622      52656164 
 622      44617461 
 623              	.LASF23:
 624 003f 47656E65 		.ascii	"Generated_Source\\PSoC4\\hawkeye_clk.c\000"
 624      72617465 
 624      645F536F 
 624      75726365 
 624      5C50536F 
 625              	.LASF11:
ARM GAS  C:\Users\young\AppData\Local\Temp\ccuBlwrT.s 			page 15


 626 0064 666C6F61 		.ascii	"float\000"
 626      7400
 627              	.LASF24:
 628 006a 433A5C55 		.ascii	"C:\\Users\\Public\\touch\\(NowC302)A1_Global_Multi_"
 628      73657273 
 628      5C507562 
 628      6C69635C 
 628      746F7563 
 629 0099 43726561 		.ascii	"Creator4.1_hawkeye\\CapSense_CSD_P4_Example_WithTun"
 629      746F7234 
 629      2E315F68 
 629      61776B65 
 629      79655C43 
 630 00cb 65723031 		.ascii	"er01.cydsn\000"
 630      2E637964 
 630      736E00
 631              	.LASF1:
 632 00d6 756E7369 		.ascii	"unsigned char\000"
 632      676E6564 
 632      20636861 
 632      7200
 633              	.LASF25:
 634 00e4 64725661 		.ascii	"drVal\000"
 634      6C00
 635              	.LASF5:
 636 00ea 6C6F6E67 		.ascii	"long unsigned int\000"
 636      20756E73 
 636      69676E65 
 636      6420696E 
 636      7400
 637              	.LASF3:
 638 00fc 73686F72 		.ascii	"short unsigned int\000"
 638      7420756E 
 638      7369676E 
 638      65642069 
 638      6E7400
 639              	.LASF22:
 640 010f 474E5520 		.ascii	"GNU C11 5.4.1 20160609 (release) [ARM/embedded-5-br"
 640      43313120 
 640      352E342E 
 640      31203230 
 640      31363036 
 641 0142 616E6368 		.ascii	"anch revision 237715] -mcpu=cortex-m0 -mthumb -g -O"
 641      20726576 
 641      6973696F 
 641      6E203233 
 641      37373135 
 642 0175 33202D66 		.ascii	"3 -ffunction-sections -ffat-lto-objects\000"
 642      66756E63 
 642      74696F6E 
 642      2D736563 
 642      74696F6E 
 643              	.LASF12:
 644 019d 646F7562 		.ascii	"double\000"
 644      6C6500
 645              	.LASF10:
 646 01a4 75696E74 		.ascii	"uint32\000"
ARM GAS  C:\Users\young\AppData\Local\Temp\ccuBlwrT.s 			page 16


 646      333200
 647              	.LASF8:
 648 01ab 756E7369 		.ascii	"unsigned int\000"
 648      676E6564 
 648      20696E74 
 648      00
 649              	.LASF7:
 650 01b8 6C6F6E67 		.ascii	"long long unsigned int\000"
 650      206C6F6E 
 650      6720756E 
 650      7369676E 
 650      65642069 
 651              	.LASF18:
 652 01cf 6D6F6465 		.ascii	"mode\000"
 652      00
 653              	.LASF15:
 654 01d4 6861776B 		.ascii	"hawkeye_clk_Write\000"
 654      6579655F 
 654      636C6B5F 
 654      57726974 
 654      6500
 655              	.LASF19:
 656 01e6 6861776B 		.ascii	"hawkeye_clk_Read\000"
 656      6579655F 
 656      636C6B5F 
 656      52656164 
 656      00
 657              	.LASF6:
 658 01f7 6C6F6E67 		.ascii	"long long int\000"
 658      206C6F6E 
 658      6720696E 
 658      7400
 659              	.LASF26:
 660 0205 6D61736B 		.ascii	"maskedStatus\000"
 660      65645374 
 660      61747573 
 660      00
 661              	.LASF13:
 662 0212 63686172 		.ascii	"char\000"
 662      00
 663              	.LASF2:
 664 0217 73686F72 		.ascii	"short int\000"
 664      7420696E 
 664      7400
 665              	.LASF16:
 666 0221 6861776B 		.ascii	"hawkeye_clk_SetDriveMode\000"
 666      6579655F 
 666      636C6B5F 
 666      53657444 
 666      72697665 
 667              	.LASF9:
 668 023a 75696E74 		.ascii	"uint8\000"
 668      3800
 669              	.LASF4:
 670 0240 6C6F6E67 		.ascii	"long int\000"
 670      20696E74 
 670      00
ARM GAS  C:\Users\young\AppData\Local\Temp\ccuBlwrT.s 			page 17


 671              	.LASF0:
 672 0249 7369676E 		.ascii	"signed char\000"
 672      65642063 
 672      68617200 
 673              		.ident	"GCC: (GNU Tools for ARM Embedded Processors) 5.4.1 20160609 (release) [ARM/embedded-5-bran
