ARM GAS  C:\Users\young\AppData\Local\Temp\cc2o71pb.s 			page 1


   1              		.syntax unified
   2              		.cpu cortex-m0
   3              		.fpu softvfp
   4              		.eabi_attribute 20, 1
   5              		.eabi_attribute 21, 1
   6              		.eabi_attribute 23, 3
   7              		.eabi_attribute 24, 1
   8              		.eabi_attribute 25, 1
   9              		.eabi_attribute 26, 1
  10              		.eabi_attribute 30, 2
  11              		.eabi_attribute 34, 0
  12              		.eabi_attribute 18, 4
  13              		.thumb
  14              		.syntax unified
  15              		.file	"hawkeye_data.c"
  16              		.text
  17              	.Ltext0:
  18              		.cfi_sections	.debug_frame
  19              		.section	.text.hawkeye_data_Write,"ax",%progbits
  20              		.align	2
  21              		.global	hawkeye_data_Write
  22              		.code	16
  23              		.thumb_func
  24              		.type	hawkeye_data_Write, %function
  25              	hawkeye_data_Write:
  26              	.LFB0:
  27              		.file 1 "Generated_Source\\PSoC4\\hawkeye_data.c"
   1:Generated_Source\PSoC4/hawkeye_data.c **** /*******************************************************************************
   2:Generated_Source\PSoC4/hawkeye_data.c **** * File Name: hawkeye_data.c  
   3:Generated_Source\PSoC4/hawkeye_data.c **** * Version 2.10
   4:Generated_Source\PSoC4/hawkeye_data.c **** *
   5:Generated_Source\PSoC4/hawkeye_data.c **** * Description:
   6:Generated_Source\PSoC4/hawkeye_data.c **** *  This file contains API to enable firmware control of a Pins component.
   7:Generated_Source\PSoC4/hawkeye_data.c **** *
   8:Generated_Source\PSoC4/hawkeye_data.c **** * Note:
   9:Generated_Source\PSoC4/hawkeye_data.c **** *
  10:Generated_Source\PSoC4/hawkeye_data.c **** ********************************************************************************
  11:Generated_Source\PSoC4/hawkeye_data.c **** * Copyright 2008-2014, Cypress Semiconductor Corporation.  All rights reserved.
  12:Generated_Source\PSoC4/hawkeye_data.c **** * You may use this file only in accordance with the license, terms, conditions, 
  13:Generated_Source\PSoC4/hawkeye_data.c **** * disclaimers, and limitations in the end user license agreement accompanying 
  14:Generated_Source\PSoC4/hawkeye_data.c **** * the software package with which this file was provided.
  15:Generated_Source\PSoC4/hawkeye_data.c **** *******************************************************************************/
  16:Generated_Source\PSoC4/hawkeye_data.c **** 
  17:Generated_Source\PSoC4/hawkeye_data.c **** #include "cytypes.h"
  18:Generated_Source\PSoC4/hawkeye_data.c **** #include "hawkeye_data.h"
  19:Generated_Source\PSoC4/hawkeye_data.c **** 
  20:Generated_Source\PSoC4/hawkeye_data.c **** #define SetP4PinDriveMode(shift, mode)  \
  21:Generated_Source\PSoC4/hawkeye_data.c ****     do { \
  22:Generated_Source\PSoC4/hawkeye_data.c ****         hawkeye_data_PC =   (hawkeye_data_PC & \
  23:Generated_Source\PSoC4/hawkeye_data.c ****                                 (uint32)(~(uint32)(hawkeye_data_DRIVE_MODE_IND_MASK << (hawkeye_dat
  24:Generated_Source\PSoC4/hawkeye_data.c ****                                 (uint32)((uint32)(mode) << (hawkeye_data_DRIVE_MODE_BITS * (shift))
  25:Generated_Source\PSoC4/hawkeye_data.c ****     } while (0)
  26:Generated_Source\PSoC4/hawkeye_data.c **** 
  27:Generated_Source\PSoC4/hawkeye_data.c **** 
  28:Generated_Source\PSoC4/hawkeye_data.c **** /*******************************************************************************
  29:Generated_Source\PSoC4/hawkeye_data.c **** * Function Name: hawkeye_data_Write
  30:Generated_Source\PSoC4/hawkeye_data.c **** ********************************************************************************
ARM GAS  C:\Users\young\AppData\Local\Temp\cc2o71pb.s 			page 2


  31:Generated_Source\PSoC4/hawkeye_data.c **** *
  32:Generated_Source\PSoC4/hawkeye_data.c **** * Summary:
  33:Generated_Source\PSoC4/hawkeye_data.c **** *  Assign a new value to the digital port's data output register.  
  34:Generated_Source\PSoC4/hawkeye_data.c **** *
  35:Generated_Source\PSoC4/hawkeye_data.c **** * Parameters:  
  36:Generated_Source\PSoC4/hawkeye_data.c **** *  prtValue:  The value to be assigned to the Digital Port. 
  37:Generated_Source\PSoC4/hawkeye_data.c **** *
  38:Generated_Source\PSoC4/hawkeye_data.c **** * Return: 
  39:Generated_Source\PSoC4/hawkeye_data.c **** *  None 
  40:Generated_Source\PSoC4/hawkeye_data.c **** *  
  41:Generated_Source\PSoC4/hawkeye_data.c **** *******************************************************************************/
  42:Generated_Source\PSoC4/hawkeye_data.c **** void hawkeye_data_Write(uint8 value) 
  43:Generated_Source\PSoC4/hawkeye_data.c **** {
  28              		.loc 1 43 0
  29              		.cfi_startproc
  30              		@ args = 0, pretend = 0, frame = 0
  31              		@ frame_needed = 0, uses_anonymous_args = 0
  32              		@ link register save eliminated.
  33              	.LVL0:
  44:Generated_Source\PSoC4/hawkeye_data.c ****     uint8 drVal = (uint8)(hawkeye_data_DR & (uint8)(~hawkeye_data_MASK));
  34              		.loc 1 44 0
  35 0000 0121     		movs	r1, #1
  36 0002 044A     		ldr	r2, .L2
  45:Generated_Source\PSoC4/hawkeye_data.c ****     drVal = (drVal | ((uint8)(value << hawkeye_data_SHIFT) & hawkeye_data_MASK));
  46:Generated_Source\PSoC4/hawkeye_data.c ****     hawkeye_data_DR = (uint32)drVal;
  37              		.loc 1 46 0
  38 0004 0840     		ands	r0, r1
  39              	.LVL1:
  44:Generated_Source\PSoC4/hawkeye_data.c ****     uint8 drVal = (uint8)(hawkeye_data_DR & (uint8)(~hawkeye_data_MASK));
  40              		.loc 1 44 0
  41 0006 1368     		ldr	r3, [r2]
  47:Generated_Source\PSoC4/hawkeye_data.c **** }
  42              		.loc 1 47 0
  43              		@ sp needed
  44:Generated_Source\PSoC4/hawkeye_data.c ****     uint8 drVal = (uint8)(hawkeye_data_DR & (uint8)(~hawkeye_data_MASK));
  44              		.loc 1 44 0
  45 0008 8B43     		bics	r3, r1
  46 000a DBB2     		uxtb	r3, r3
  46:Generated_Source\PSoC4/hawkeye_data.c **** }
  47              		.loc 1 46 0
  48 000c 1843     		orrs	r0, r3
  49 000e 1060     		str	r0, [r2]
  50              		.loc 1 47 0
  51 0010 7047     		bx	lr
  52              	.L3:
  53 0012 C046     		.align	2
  54              	.L2:
  55 0014 00030440 		.word	1074004736
  56              		.cfi_endproc
  57              	.LFE0:
  58              		.size	hawkeye_data_Write, .-hawkeye_data_Write
  59              		.section	.text.hawkeye_data_SetDriveMode,"ax",%progbits
  60              		.align	2
  61              		.global	hawkeye_data_SetDriveMode
  62              		.code	16
  63              		.thumb_func
  64              		.type	hawkeye_data_SetDriveMode, %function
ARM GAS  C:\Users\young\AppData\Local\Temp\cc2o71pb.s 			page 3


  65              	hawkeye_data_SetDriveMode:
  66              	.LFB1:
  48:Generated_Source\PSoC4/hawkeye_data.c **** 
  49:Generated_Source\PSoC4/hawkeye_data.c **** 
  50:Generated_Source\PSoC4/hawkeye_data.c **** /*******************************************************************************
  51:Generated_Source\PSoC4/hawkeye_data.c **** * Function Name: hawkeye_data_SetDriveMode
  52:Generated_Source\PSoC4/hawkeye_data.c **** ********************************************************************************
  53:Generated_Source\PSoC4/hawkeye_data.c **** *
  54:Generated_Source\PSoC4/hawkeye_data.c **** * Summary:
  55:Generated_Source\PSoC4/hawkeye_data.c **** *  Change the drive mode on the pins of the port.
  56:Generated_Source\PSoC4/hawkeye_data.c **** * 
  57:Generated_Source\PSoC4/hawkeye_data.c **** * Parameters:  
  58:Generated_Source\PSoC4/hawkeye_data.c **** *  mode:  Change the pins to one of the following drive modes.
  59:Generated_Source\PSoC4/hawkeye_data.c **** *
  60:Generated_Source\PSoC4/hawkeye_data.c **** *  hawkeye_data_DM_STRONG     Strong Drive 
  61:Generated_Source\PSoC4/hawkeye_data.c **** *  hawkeye_data_DM_OD_HI      Open Drain, Drives High 
  62:Generated_Source\PSoC4/hawkeye_data.c **** *  hawkeye_data_DM_OD_LO      Open Drain, Drives Low 
  63:Generated_Source\PSoC4/hawkeye_data.c **** *  hawkeye_data_DM_RES_UP     Resistive Pull Up 
  64:Generated_Source\PSoC4/hawkeye_data.c **** *  hawkeye_data_DM_RES_DWN    Resistive Pull Down 
  65:Generated_Source\PSoC4/hawkeye_data.c **** *  hawkeye_data_DM_RES_UPDWN  Resistive Pull Up/Down 
  66:Generated_Source\PSoC4/hawkeye_data.c **** *  hawkeye_data_DM_DIG_HIZ    High Impedance Digital 
  67:Generated_Source\PSoC4/hawkeye_data.c **** *  hawkeye_data_DM_ALG_HIZ    High Impedance Analog 
  68:Generated_Source\PSoC4/hawkeye_data.c **** *
  69:Generated_Source\PSoC4/hawkeye_data.c **** * Return: 
  70:Generated_Source\PSoC4/hawkeye_data.c **** *  None
  71:Generated_Source\PSoC4/hawkeye_data.c **** *
  72:Generated_Source\PSoC4/hawkeye_data.c **** *******************************************************************************/
  73:Generated_Source\PSoC4/hawkeye_data.c **** void hawkeye_data_SetDriveMode(uint8 mode) 
  74:Generated_Source\PSoC4/hawkeye_data.c **** {
  67              		.loc 1 74 0
  68              		.cfi_startproc
  69              		@ args = 0, pretend = 0, frame = 0
  70              		@ frame_needed = 0, uses_anonymous_args = 0
  71              		@ link register save eliminated.
  72              	.LVL2:
  75:Generated_Source\PSoC4/hawkeye_data.c **** 	SetP4PinDriveMode(hawkeye_data__0__SHIFT, mode);
  73              		.loc 1 75 0
  74 0000 0721     		movs	r1, #7
  75 0002 034A     		ldr	r2, .L5
  76:Generated_Source\PSoC4/hawkeye_data.c **** }
  76              		.loc 1 76 0
  77              		@ sp needed
  75:Generated_Source\PSoC4/hawkeye_data.c **** 	SetP4PinDriveMode(hawkeye_data__0__SHIFT, mode);
  78              		.loc 1 75 0
  79 0004 1368     		ldr	r3, [r2]
  80 0006 8B43     		bics	r3, r1
  81 0008 1843     		orrs	r0, r3
  82              	.LVL3:
  83 000a 1060     		str	r0, [r2]
  84              		.loc 1 76 0
  85 000c 7047     		bx	lr
  86              	.L6:
  87 000e C046     		.align	2
  88              	.L5:
  89 0010 08030440 		.word	1074004744
  90              		.cfi_endproc
  91              	.LFE1:
ARM GAS  C:\Users\young\AppData\Local\Temp\cc2o71pb.s 			page 4


  92              		.size	hawkeye_data_SetDriveMode, .-hawkeye_data_SetDriveMode
  93              		.section	.text.hawkeye_data_Read,"ax",%progbits
  94              		.align	2
  95              		.global	hawkeye_data_Read
  96              		.code	16
  97              		.thumb_func
  98              		.type	hawkeye_data_Read, %function
  99              	hawkeye_data_Read:
 100              	.LFB2:
  77:Generated_Source\PSoC4/hawkeye_data.c **** 
  78:Generated_Source\PSoC4/hawkeye_data.c **** 
  79:Generated_Source\PSoC4/hawkeye_data.c **** /*******************************************************************************
  80:Generated_Source\PSoC4/hawkeye_data.c **** * Function Name: hawkeye_data_Read
  81:Generated_Source\PSoC4/hawkeye_data.c **** ********************************************************************************
  82:Generated_Source\PSoC4/hawkeye_data.c **** *
  83:Generated_Source\PSoC4/hawkeye_data.c **** * Summary:
  84:Generated_Source\PSoC4/hawkeye_data.c **** *  Read the current value on the pins of the Digital Port in right justified 
  85:Generated_Source\PSoC4/hawkeye_data.c **** *  form.
  86:Generated_Source\PSoC4/hawkeye_data.c **** *
  87:Generated_Source\PSoC4/hawkeye_data.c **** * Parameters:  
  88:Generated_Source\PSoC4/hawkeye_data.c **** *  None 
  89:Generated_Source\PSoC4/hawkeye_data.c **** *
  90:Generated_Source\PSoC4/hawkeye_data.c **** * Return: 
  91:Generated_Source\PSoC4/hawkeye_data.c **** *  Returns the current value of the Digital Port as a right justified number
  92:Generated_Source\PSoC4/hawkeye_data.c **** *  
  93:Generated_Source\PSoC4/hawkeye_data.c **** * Note:
  94:Generated_Source\PSoC4/hawkeye_data.c **** *  Macro hawkeye_data_ReadPS calls this function. 
  95:Generated_Source\PSoC4/hawkeye_data.c **** *  
  96:Generated_Source\PSoC4/hawkeye_data.c **** *******************************************************************************/
  97:Generated_Source\PSoC4/hawkeye_data.c **** uint8 hawkeye_data_Read(void) 
  98:Generated_Source\PSoC4/hawkeye_data.c **** {
 101              		.loc 1 98 0
 102              		.cfi_startproc
 103              		@ args = 0, pretend = 0, frame = 0
 104              		@ frame_needed = 0, uses_anonymous_args = 0
 105              		@ link register save eliminated.
  99:Generated_Source\PSoC4/hawkeye_data.c ****     return (uint8)((hawkeye_data_PS & hawkeye_data_MASK) >> hawkeye_data_SHIFT);
 106              		.loc 1 99 0
 107 0000 0120     		movs	r0, #1
 108 0002 024B     		ldr	r3, .L8
 100:Generated_Source\PSoC4/hawkeye_data.c **** }
 109              		.loc 1 100 0
 110              		@ sp needed
  99:Generated_Source\PSoC4/hawkeye_data.c ****     return (uint8)((hawkeye_data_PS & hawkeye_data_MASK) >> hawkeye_data_SHIFT);
 111              		.loc 1 99 0
 112 0004 1B68     		ldr	r3, [r3]
 113 0006 1840     		ands	r0, r3
 114              		.loc 1 100 0
 115 0008 7047     		bx	lr
 116              	.L9:
 117 000a C046     		.align	2
 118              	.L8:
 119 000c 04030440 		.word	1074004740
 120              		.cfi_endproc
 121              	.LFE2:
 122              		.size	hawkeye_data_Read, .-hawkeye_data_Read
 123              		.section	.text.hawkeye_data_ReadDataReg,"ax",%progbits
ARM GAS  C:\Users\young\AppData\Local\Temp\cc2o71pb.s 			page 5


 124              		.align	2
 125              		.global	hawkeye_data_ReadDataReg
 126              		.code	16
 127              		.thumb_func
 128              		.type	hawkeye_data_ReadDataReg, %function
 129              	hawkeye_data_ReadDataReg:
 130              	.LFB3:
 101:Generated_Source\PSoC4/hawkeye_data.c **** 
 102:Generated_Source\PSoC4/hawkeye_data.c **** 
 103:Generated_Source\PSoC4/hawkeye_data.c **** /*******************************************************************************
 104:Generated_Source\PSoC4/hawkeye_data.c **** * Function Name: hawkeye_data_ReadDataReg
 105:Generated_Source\PSoC4/hawkeye_data.c **** ********************************************************************************
 106:Generated_Source\PSoC4/hawkeye_data.c **** *
 107:Generated_Source\PSoC4/hawkeye_data.c **** * Summary:
 108:Generated_Source\PSoC4/hawkeye_data.c **** *  Read the current value assigned to a Digital Port's data output register
 109:Generated_Source\PSoC4/hawkeye_data.c **** *
 110:Generated_Source\PSoC4/hawkeye_data.c **** * Parameters:  
 111:Generated_Source\PSoC4/hawkeye_data.c **** *  None 
 112:Generated_Source\PSoC4/hawkeye_data.c **** *
 113:Generated_Source\PSoC4/hawkeye_data.c **** * Return: 
 114:Generated_Source\PSoC4/hawkeye_data.c **** *  Returns the current value assigned to the Digital Port's data output register
 115:Generated_Source\PSoC4/hawkeye_data.c **** *  
 116:Generated_Source\PSoC4/hawkeye_data.c **** *******************************************************************************/
 117:Generated_Source\PSoC4/hawkeye_data.c **** uint8 hawkeye_data_ReadDataReg(void) 
 118:Generated_Source\PSoC4/hawkeye_data.c **** {
 131              		.loc 1 118 0
 132              		.cfi_startproc
 133              		@ args = 0, pretend = 0, frame = 0
 134              		@ frame_needed = 0, uses_anonymous_args = 0
 135              		@ link register save eliminated.
 119:Generated_Source\PSoC4/hawkeye_data.c ****     return (uint8)((hawkeye_data_DR & hawkeye_data_MASK) >> hawkeye_data_SHIFT);
 136              		.loc 1 119 0
 137 0000 0120     		movs	r0, #1
 138 0002 024B     		ldr	r3, .L11
 120:Generated_Source\PSoC4/hawkeye_data.c **** }
 139              		.loc 1 120 0
 140              		@ sp needed
 119:Generated_Source\PSoC4/hawkeye_data.c ****     return (uint8)((hawkeye_data_DR & hawkeye_data_MASK) >> hawkeye_data_SHIFT);
 141              		.loc 1 119 0
 142 0004 1B68     		ldr	r3, [r3]
 143 0006 1840     		ands	r0, r3
 144              		.loc 1 120 0
 145 0008 7047     		bx	lr
 146              	.L12:
 147 000a C046     		.align	2
 148              	.L11:
 149 000c 00030440 		.word	1074004736
 150              		.cfi_endproc
 151              	.LFE3:
 152              		.size	hawkeye_data_ReadDataReg, .-hawkeye_data_ReadDataReg
 153              		.section	.text.hawkeye_data_ClearInterrupt,"ax",%progbits
 154              		.align	2
 155              		.global	hawkeye_data_ClearInterrupt
 156              		.code	16
 157              		.thumb_func
 158              		.type	hawkeye_data_ClearInterrupt, %function
 159              	hawkeye_data_ClearInterrupt:
ARM GAS  C:\Users\young\AppData\Local\Temp\cc2o71pb.s 			page 6


 160              	.LFB4:
 121:Generated_Source\PSoC4/hawkeye_data.c **** 
 122:Generated_Source\PSoC4/hawkeye_data.c **** 
 123:Generated_Source\PSoC4/hawkeye_data.c **** /* If Interrupts Are Enabled for this Pins component */ 
 124:Generated_Source\PSoC4/hawkeye_data.c **** #if defined(hawkeye_data_INTSTAT) 
 125:Generated_Source\PSoC4/hawkeye_data.c **** 
 126:Generated_Source\PSoC4/hawkeye_data.c ****     /*******************************************************************************
 127:Generated_Source\PSoC4/hawkeye_data.c ****     * Function Name: hawkeye_data_ClearInterrupt
 128:Generated_Source\PSoC4/hawkeye_data.c ****     ********************************************************************************
 129:Generated_Source\PSoC4/hawkeye_data.c ****     *
 130:Generated_Source\PSoC4/hawkeye_data.c ****     * Summary:
 131:Generated_Source\PSoC4/hawkeye_data.c ****     *  Clears any active interrupts attached to port and returns the value of the 
 132:Generated_Source\PSoC4/hawkeye_data.c ****     *  interrupt status register.
 133:Generated_Source\PSoC4/hawkeye_data.c ****     *
 134:Generated_Source\PSoC4/hawkeye_data.c ****     * Parameters:  
 135:Generated_Source\PSoC4/hawkeye_data.c ****     *  None 
 136:Generated_Source\PSoC4/hawkeye_data.c ****     *
 137:Generated_Source\PSoC4/hawkeye_data.c ****     * Return: 
 138:Generated_Source\PSoC4/hawkeye_data.c ****     *  Returns the value of the interrupt status register
 139:Generated_Source\PSoC4/hawkeye_data.c ****     *  
 140:Generated_Source\PSoC4/hawkeye_data.c ****     *******************************************************************************/
 141:Generated_Source\PSoC4/hawkeye_data.c ****     uint8 hawkeye_data_ClearInterrupt(void) 
 142:Generated_Source\PSoC4/hawkeye_data.c ****     {
 161              		.loc 1 142 0
 162              		.cfi_startproc
 163              		@ args = 0, pretend = 0, frame = 0
 164              		@ frame_needed = 0, uses_anonymous_args = 0
 165              		@ link register save eliminated.
 143:Generated_Source\PSoC4/hawkeye_data.c **** 		uint8 maskedStatus = (uint8)(hawkeye_data_INTSTAT & hawkeye_data_MASK);
 166              		.loc 1 143 0
 167 0000 0120     		movs	r0, #1
 168 0002 024A     		ldr	r2, .L14
 144:Generated_Source\PSoC4/hawkeye_data.c **** 		hawkeye_data_INTSTAT = maskedStatus;
 145:Generated_Source\PSoC4/hawkeye_data.c ****         return maskedStatus >> hawkeye_data_SHIFT;
 146:Generated_Source\PSoC4/hawkeye_data.c ****     }
 169              		.loc 1 146 0
 170              		@ sp needed
 143:Generated_Source\PSoC4/hawkeye_data.c **** 		uint8 maskedStatus = (uint8)(hawkeye_data_INTSTAT & hawkeye_data_MASK);
 171              		.loc 1 143 0
 172 0004 1368     		ldr	r3, [r2]
 173 0006 1840     		ands	r0, r3
 174              	.LVL4:
 144:Generated_Source\PSoC4/hawkeye_data.c **** 		hawkeye_data_INTSTAT = maskedStatus;
 175              		.loc 1 144 0
 176 0008 1060     		str	r0, [r2]
 177              		.loc 1 146 0
 178 000a 7047     		bx	lr
 179              	.L15:
 180              		.align	2
 181              	.L14:
 182 000c 10030440 		.word	1074004752
 183              		.cfi_endproc
 184              	.LFE4:
 185              		.size	hawkeye_data_ClearInterrupt, .-hawkeye_data_ClearInterrupt
 186              		.text
 187              	.Letext0:
 188              		.file 2 "Generated_Source\\PSoC4\\cytypes.h"
ARM GAS  C:\Users\young\AppData\Local\Temp\cc2o71pb.s 			page 7


 189              		.section	.debug_info,"",%progbits
 190              	.Ldebug_info0:
 191 0000 48010000 		.4byte	0x148
 192 0004 0400     		.2byte	0x4
 193 0006 00000000 		.4byte	.Ldebug_abbrev0
 194 000a 04       		.byte	0x4
 195 000b 01       		.uleb128 0x1
 196 000c 12010000 		.4byte	.LASF22
 197 0010 0C       		.byte	0xc
 198 0011 A7010000 		.4byte	.LASF23
 199 0015 48000000 		.4byte	.LASF24
 200 0019 00000000 		.4byte	.Ldebug_ranges0+0
 201 001d 00000000 		.4byte	0
 202 0021 00000000 		.4byte	.Ldebug_line0
 203 0025 02       		.uleb128 0x2
 204 0026 01       		.byte	0x1
 205 0027 06       		.byte	0x6
 206 0028 4F020000 		.4byte	.LASF0
 207 002c 02       		.uleb128 0x2
 208 002d 01       		.byte	0x1
 209 002e 08       		.byte	0x8
 210 002f B4000000 		.4byte	.LASF1
 211 0033 02       		.uleb128 0x2
 212 0034 02       		.byte	0x2
 213 0035 05       		.byte	0x5
 214 0036 1D020000 		.4byte	.LASF2
 215 003a 02       		.uleb128 0x2
 216 003b 02       		.byte	0x2
 217 003c 07       		.byte	0x7
 218 003d EC000000 		.4byte	.LASF3
 219 0041 02       		.uleb128 0x2
 220 0042 04       		.byte	0x4
 221 0043 05       		.byte	0x5
 222 0044 2D020000 		.4byte	.LASF4
 223 0048 02       		.uleb128 0x2
 224 0049 04       		.byte	0x4
 225 004a 07       		.byte	0x7
 226 004b DA000000 		.4byte	.LASF5
 227 004f 02       		.uleb128 0x2
 228 0050 08       		.byte	0x8
 229 0051 05       		.byte	0x5
 230 0052 FD010000 		.4byte	.LASF6
 231 0056 02       		.uleb128 0x2
 232 0057 08       		.byte	0x8
 233 0058 07       		.byte	0x7
 234 0059 E1010000 		.4byte	.LASF7
 235 005d 03       		.uleb128 0x3
 236 005e 04       		.byte	0x4
 237 005f 05       		.byte	0x5
 238 0060 696E7400 		.ascii	"int\000"
 239 0064 02       		.uleb128 0x2
 240 0065 04       		.byte	0x4
 241 0066 07       		.byte	0x7
 242 0067 D4010000 		.4byte	.LASF8
 243 006b 04       		.uleb128 0x4
 244 006c 27020000 		.4byte	.LASF9
 245 0070 02       		.byte	0x2
ARM GAS  C:\Users\young\AppData\Local\Temp\cc2o71pb.s 			page 8


 246 0071 D201     		.2byte	0x1d2
 247 0073 2C000000 		.4byte	0x2c
 248 0077 04       		.uleb128 0x4
 249 0078 CD010000 		.4byte	.LASF10
 250 007c 02       		.byte	0x2
 251 007d D401     		.2byte	0x1d4
 252 007f 48000000 		.4byte	0x48
 253 0083 02       		.uleb128 0x2
 254 0084 04       		.byte	0x4
 255 0085 04       		.byte	0x4
 256 0086 42000000 		.4byte	.LASF11
 257 008a 02       		.uleb128 0x2
 258 008b 08       		.byte	0x8
 259 008c 04       		.byte	0x4
 260 008d A0010000 		.4byte	.LASF12
 261 0091 02       		.uleb128 0x2
 262 0092 01       		.byte	0x1
 263 0093 08       		.byte	0x8
 264 0094 18020000 		.4byte	.LASF13
 265 0098 04       		.uleb128 0x4
 266 0099 1C000000 		.4byte	.LASF14
 267 009d 02       		.byte	0x2
 268 009e 7E02     		.2byte	0x27e
 269 00a0 A4000000 		.4byte	0xa4
 270 00a4 05       		.uleb128 0x5
 271 00a5 77000000 		.4byte	0x77
 272 00a9 06       		.uleb128 0x6
 273 00aa FF000000 		.4byte	.LASF15
 274 00ae 01       		.byte	0x1
 275 00af 2A       		.byte	0x2a
 276 00b0 00000000 		.4byte	.LFB0
 277 00b4 18000000 		.4byte	.LFE0-.LFB0
 278 00b8 01       		.uleb128 0x1
 279 00b9 9C       		.byte	0x9c
 280 00ba D9000000 		.4byte	0xd9
 281 00be 07       		.uleb128 0x7
 282 00bf 22000000 		.4byte	.LASF17
 283 00c3 01       		.byte	0x1
 284 00c4 2A       		.byte	0x2a
 285 00c5 6B000000 		.4byte	0x6b
 286 00c9 00000000 		.4byte	.LLST0
 287 00cd 08       		.uleb128 0x8
 288 00ce D4000000 		.4byte	.LASF25
 289 00d2 01       		.byte	0x1
 290 00d3 2C       		.byte	0x2c
 291 00d4 6B000000 		.4byte	0x6b
 292 00d8 00       		.byte	0
 293 00d9 06       		.uleb128 0x6
 294 00da 28000000 		.4byte	.LASF16
 295 00de 01       		.byte	0x1
 296 00df 49       		.byte	0x49
 297 00e0 00000000 		.4byte	.LFB1
 298 00e4 14000000 		.4byte	.LFE1-.LFB1
 299 00e8 01       		.uleb128 0x1
 300 00e9 9C       		.byte	0x9c
 301 00ea FE000000 		.4byte	0xfe
 302 00ee 07       		.uleb128 0x7
ARM GAS  C:\Users\young\AppData\Local\Temp\cc2o71pb.s 			page 9


 303 00ef F8010000 		.4byte	.LASF18
 304 00f3 01       		.byte	0x1
 305 00f4 49       		.byte	0x49
 306 00f5 6B000000 		.4byte	0x6b
 307 00f9 21000000 		.4byte	.LLST1
 308 00fd 00       		.byte	0
 309 00fe 09       		.uleb128 0x9
 310 00ff C2000000 		.4byte	.LASF19
 311 0103 01       		.byte	0x1
 312 0104 61       		.byte	0x61
 313 0105 6B000000 		.4byte	0x6b
 314 0109 00000000 		.4byte	.LFB2
 315 010d 10000000 		.4byte	.LFE2-.LFB2
 316 0111 01       		.uleb128 0x1
 317 0112 9C       		.byte	0x9c
 318 0113 09       		.uleb128 0x9
 319 0114 36020000 		.4byte	.LASF20
 320 0118 01       		.byte	0x1
 321 0119 75       		.byte	0x75
 322 011a 6B000000 		.4byte	0x6b
 323 011e 00000000 		.4byte	.LFB3
 324 0122 10000000 		.4byte	.LFE3-.LFB3
 325 0126 01       		.uleb128 0x1
 326 0127 9C       		.byte	0x9c
 327 0128 0A       		.uleb128 0xa
 328 0129 00000000 		.4byte	.LASF21
 329 012d 01       		.byte	0x1
 330 012e 8D       		.byte	0x8d
 331 012f 6B000000 		.4byte	0x6b
 332 0133 00000000 		.4byte	.LFB4
 333 0137 10000000 		.4byte	.LFE4-.LFB4
 334 013b 01       		.uleb128 0x1
 335 013c 9C       		.byte	0x9c
 336 013d 0B       		.uleb128 0xb
 337 013e 0B020000 		.4byte	.LASF26
 338 0142 01       		.byte	0x1
 339 0143 8F       		.byte	0x8f
 340 0144 6B000000 		.4byte	0x6b
 341 0148 01       		.uleb128 0x1
 342 0149 50       		.byte	0x50
 343 014a 00       		.byte	0
 344 014b 00       		.byte	0
 345              		.section	.debug_abbrev,"",%progbits
 346              	.Ldebug_abbrev0:
 347 0000 01       		.uleb128 0x1
 348 0001 11       		.uleb128 0x11
 349 0002 01       		.byte	0x1
 350 0003 25       		.uleb128 0x25
 351 0004 0E       		.uleb128 0xe
 352 0005 13       		.uleb128 0x13
 353 0006 0B       		.uleb128 0xb
 354 0007 03       		.uleb128 0x3
 355 0008 0E       		.uleb128 0xe
 356 0009 1B       		.uleb128 0x1b
 357 000a 0E       		.uleb128 0xe
 358 000b 55       		.uleb128 0x55
 359 000c 17       		.uleb128 0x17
ARM GAS  C:\Users\young\AppData\Local\Temp\cc2o71pb.s 			page 10


 360 000d 11       		.uleb128 0x11
 361 000e 01       		.uleb128 0x1
 362 000f 10       		.uleb128 0x10
 363 0010 17       		.uleb128 0x17
 364 0011 00       		.byte	0
 365 0012 00       		.byte	0
 366 0013 02       		.uleb128 0x2
 367 0014 24       		.uleb128 0x24
 368 0015 00       		.byte	0
 369 0016 0B       		.uleb128 0xb
 370 0017 0B       		.uleb128 0xb
 371 0018 3E       		.uleb128 0x3e
 372 0019 0B       		.uleb128 0xb
 373 001a 03       		.uleb128 0x3
 374 001b 0E       		.uleb128 0xe
 375 001c 00       		.byte	0
 376 001d 00       		.byte	0
 377 001e 03       		.uleb128 0x3
 378 001f 24       		.uleb128 0x24
 379 0020 00       		.byte	0
 380 0021 0B       		.uleb128 0xb
 381 0022 0B       		.uleb128 0xb
 382 0023 3E       		.uleb128 0x3e
 383 0024 0B       		.uleb128 0xb
 384 0025 03       		.uleb128 0x3
 385 0026 08       		.uleb128 0x8
 386 0027 00       		.byte	0
 387 0028 00       		.byte	0
 388 0029 04       		.uleb128 0x4
 389 002a 16       		.uleb128 0x16
 390 002b 00       		.byte	0
 391 002c 03       		.uleb128 0x3
 392 002d 0E       		.uleb128 0xe
 393 002e 3A       		.uleb128 0x3a
 394 002f 0B       		.uleb128 0xb
 395 0030 3B       		.uleb128 0x3b
 396 0031 05       		.uleb128 0x5
 397 0032 49       		.uleb128 0x49
 398 0033 13       		.uleb128 0x13
 399 0034 00       		.byte	0
 400 0035 00       		.byte	0
 401 0036 05       		.uleb128 0x5
 402 0037 35       		.uleb128 0x35
 403 0038 00       		.byte	0
 404 0039 49       		.uleb128 0x49
 405 003a 13       		.uleb128 0x13
 406 003b 00       		.byte	0
 407 003c 00       		.byte	0
 408 003d 06       		.uleb128 0x6
 409 003e 2E       		.uleb128 0x2e
 410 003f 01       		.byte	0x1
 411 0040 3F       		.uleb128 0x3f
 412 0041 19       		.uleb128 0x19
 413 0042 03       		.uleb128 0x3
 414 0043 0E       		.uleb128 0xe
 415 0044 3A       		.uleb128 0x3a
 416 0045 0B       		.uleb128 0xb
ARM GAS  C:\Users\young\AppData\Local\Temp\cc2o71pb.s 			page 11


 417 0046 3B       		.uleb128 0x3b
 418 0047 0B       		.uleb128 0xb
 419 0048 27       		.uleb128 0x27
 420 0049 19       		.uleb128 0x19
 421 004a 11       		.uleb128 0x11
 422 004b 01       		.uleb128 0x1
 423 004c 12       		.uleb128 0x12
 424 004d 06       		.uleb128 0x6
 425 004e 40       		.uleb128 0x40
 426 004f 18       		.uleb128 0x18
 427 0050 9742     		.uleb128 0x2117
 428 0052 19       		.uleb128 0x19
 429 0053 01       		.uleb128 0x1
 430 0054 13       		.uleb128 0x13
 431 0055 00       		.byte	0
 432 0056 00       		.byte	0
 433 0057 07       		.uleb128 0x7
 434 0058 05       		.uleb128 0x5
 435 0059 00       		.byte	0
 436 005a 03       		.uleb128 0x3
 437 005b 0E       		.uleb128 0xe
 438 005c 3A       		.uleb128 0x3a
 439 005d 0B       		.uleb128 0xb
 440 005e 3B       		.uleb128 0x3b
 441 005f 0B       		.uleb128 0xb
 442 0060 49       		.uleb128 0x49
 443 0061 13       		.uleb128 0x13
 444 0062 02       		.uleb128 0x2
 445 0063 17       		.uleb128 0x17
 446 0064 00       		.byte	0
 447 0065 00       		.byte	0
 448 0066 08       		.uleb128 0x8
 449 0067 34       		.uleb128 0x34
 450 0068 00       		.byte	0
 451 0069 03       		.uleb128 0x3
 452 006a 0E       		.uleb128 0xe
 453 006b 3A       		.uleb128 0x3a
 454 006c 0B       		.uleb128 0xb
 455 006d 3B       		.uleb128 0x3b
 456 006e 0B       		.uleb128 0xb
 457 006f 49       		.uleb128 0x49
 458 0070 13       		.uleb128 0x13
 459 0071 00       		.byte	0
 460 0072 00       		.byte	0
 461 0073 09       		.uleb128 0x9
 462 0074 2E       		.uleb128 0x2e
 463 0075 00       		.byte	0
 464 0076 3F       		.uleb128 0x3f
 465 0077 19       		.uleb128 0x19
 466 0078 03       		.uleb128 0x3
 467 0079 0E       		.uleb128 0xe
 468 007a 3A       		.uleb128 0x3a
 469 007b 0B       		.uleb128 0xb
 470 007c 3B       		.uleb128 0x3b
 471 007d 0B       		.uleb128 0xb
 472 007e 27       		.uleb128 0x27
 473 007f 19       		.uleb128 0x19
ARM GAS  C:\Users\young\AppData\Local\Temp\cc2o71pb.s 			page 12


 474 0080 49       		.uleb128 0x49
 475 0081 13       		.uleb128 0x13
 476 0082 11       		.uleb128 0x11
 477 0083 01       		.uleb128 0x1
 478 0084 12       		.uleb128 0x12
 479 0085 06       		.uleb128 0x6
 480 0086 40       		.uleb128 0x40
 481 0087 18       		.uleb128 0x18
 482 0088 9742     		.uleb128 0x2117
 483 008a 19       		.uleb128 0x19
 484 008b 00       		.byte	0
 485 008c 00       		.byte	0
 486 008d 0A       		.uleb128 0xa
 487 008e 2E       		.uleb128 0x2e
 488 008f 01       		.byte	0x1
 489 0090 3F       		.uleb128 0x3f
 490 0091 19       		.uleb128 0x19
 491 0092 03       		.uleb128 0x3
 492 0093 0E       		.uleb128 0xe
 493 0094 3A       		.uleb128 0x3a
 494 0095 0B       		.uleb128 0xb
 495 0096 3B       		.uleb128 0x3b
 496 0097 0B       		.uleb128 0xb
 497 0098 27       		.uleb128 0x27
 498 0099 19       		.uleb128 0x19
 499 009a 49       		.uleb128 0x49
 500 009b 13       		.uleb128 0x13
 501 009c 11       		.uleb128 0x11
 502 009d 01       		.uleb128 0x1
 503 009e 12       		.uleb128 0x12
 504 009f 06       		.uleb128 0x6
 505 00a0 40       		.uleb128 0x40
 506 00a1 18       		.uleb128 0x18
 507 00a2 9742     		.uleb128 0x2117
 508 00a4 19       		.uleb128 0x19
 509 00a5 00       		.byte	0
 510 00a6 00       		.byte	0
 511 00a7 0B       		.uleb128 0xb
 512 00a8 34       		.uleb128 0x34
 513 00a9 00       		.byte	0
 514 00aa 03       		.uleb128 0x3
 515 00ab 0E       		.uleb128 0xe
 516 00ac 3A       		.uleb128 0x3a
 517 00ad 0B       		.uleb128 0xb
 518 00ae 3B       		.uleb128 0x3b
 519 00af 0B       		.uleb128 0xb
 520 00b0 49       		.uleb128 0x49
 521 00b1 13       		.uleb128 0x13
 522 00b2 02       		.uleb128 0x2
 523 00b3 18       		.uleb128 0x18
 524 00b4 00       		.byte	0
 525 00b5 00       		.byte	0
 526 00b6 00       		.byte	0
 527              		.section	.debug_loc,"",%progbits
 528              	.Ldebug_loc0:
 529              	.LLST0:
 530 0000 00000000 		.4byte	.LVL0
ARM GAS  C:\Users\young\AppData\Local\Temp\cc2o71pb.s 			page 13


 531 0004 06000000 		.4byte	.LVL1
 532 0008 0100     		.2byte	0x1
 533 000a 50       		.byte	0x50
 534 000b 06000000 		.4byte	.LVL1
 535 000f 18000000 		.4byte	.LFE0
 536 0013 0400     		.2byte	0x4
 537 0015 F3       		.byte	0xf3
 538 0016 01       		.uleb128 0x1
 539 0017 50       		.byte	0x50
 540 0018 9F       		.byte	0x9f
 541 0019 00000000 		.4byte	0
 542 001d 00000000 		.4byte	0
 543              	.LLST1:
 544 0021 00000000 		.4byte	.LVL2
 545 0025 0A000000 		.4byte	.LVL3
 546 0029 0100     		.2byte	0x1
 547 002b 50       		.byte	0x50
 548 002c 0A000000 		.4byte	.LVL3
 549 0030 14000000 		.4byte	.LFE1
 550 0034 0400     		.2byte	0x4
 551 0036 F3       		.byte	0xf3
 552 0037 01       		.uleb128 0x1
 553 0038 50       		.byte	0x50
 554 0039 9F       		.byte	0x9f
 555 003a 00000000 		.4byte	0
 556 003e 00000000 		.4byte	0
 557              		.section	.debug_aranges,"",%progbits
 558 0000 3C000000 		.4byte	0x3c
 559 0004 0200     		.2byte	0x2
 560 0006 00000000 		.4byte	.Ldebug_info0
 561 000a 04       		.byte	0x4
 562 000b 00       		.byte	0
 563 000c 0000     		.2byte	0
 564 000e 0000     		.2byte	0
 565 0010 00000000 		.4byte	.LFB0
 566 0014 18000000 		.4byte	.LFE0-.LFB0
 567 0018 00000000 		.4byte	.LFB1
 568 001c 14000000 		.4byte	.LFE1-.LFB1
 569 0020 00000000 		.4byte	.LFB2
 570 0024 10000000 		.4byte	.LFE2-.LFB2
 571 0028 00000000 		.4byte	.LFB3
 572 002c 10000000 		.4byte	.LFE3-.LFB3
 573 0030 00000000 		.4byte	.LFB4
 574 0034 10000000 		.4byte	.LFE4-.LFB4
 575 0038 00000000 		.4byte	0
 576 003c 00000000 		.4byte	0
 577              		.section	.debug_ranges,"",%progbits
 578              	.Ldebug_ranges0:
 579 0000 00000000 		.4byte	.LFB0
 580 0004 18000000 		.4byte	.LFE0
 581 0008 00000000 		.4byte	.LFB1
 582 000c 14000000 		.4byte	.LFE1
 583 0010 00000000 		.4byte	.LFB2
 584 0014 10000000 		.4byte	.LFE2
 585 0018 00000000 		.4byte	.LFB3
 586 001c 10000000 		.4byte	.LFE3
 587 0020 00000000 		.4byte	.LFB4
ARM GAS  C:\Users\young\AppData\Local\Temp\cc2o71pb.s 			page 14


 588 0024 10000000 		.4byte	.LFE4
 589 0028 00000000 		.4byte	0
 590 002c 00000000 		.4byte	0
 591              		.section	.debug_line,"",%progbits
 592              	.Ldebug_line0:
 593 0000 B6000000 		.section	.debug_str,"MS",%progbits,1
 593      02004900 
 593      00000201 
 593      FB0E0D00 
 593      01010101 
 594              	.LASF21:
 595 0000 6861776B 		.ascii	"hawkeye_data_ClearInterrupt\000"
 595      6579655F 
 595      64617461 
 595      5F436C65 
 595      6172496E 
 596              	.LASF14:
 597 001c 72656733 		.ascii	"reg32\000"
 597      3200
 598              	.LASF17:
 599 0022 76616C75 		.ascii	"value\000"
 599      6500
 600              	.LASF16:
 601 0028 6861776B 		.ascii	"hawkeye_data_SetDriveMode\000"
 601      6579655F 
 601      64617461 
 601      5F536574 
 601      44726976 
 602              	.LASF11:
 603 0042 666C6F61 		.ascii	"float\000"
 603      7400
 604              	.LASF24:
 605 0048 433A5C55 		.ascii	"C:\\Users\\Public\\touch\\(NowC302)A1_Global_Multi_"
 605      73657273 
 605      5C507562 
 605      6C69635C 
 605      746F7563 
 606 0077 43726561 		.ascii	"Creator4.1_hawkeye\\CapSense_CSD_P4_Example_WithTun"
 606      746F7234 
 606      2E315F68 
 606      61776B65 
 606      79655C43 
 607 00a9 65723031 		.ascii	"er01.cydsn\000"
 607      2E637964 
 607      736E00
 608              	.LASF1:
 609 00b4 756E7369 		.ascii	"unsigned char\000"
 609      676E6564 
 609      20636861 
 609      7200
 610              	.LASF19:
 611 00c2 6861776B 		.ascii	"hawkeye_data_Read\000"
 611      6579655F 
 611      64617461 
 611      5F526561 
 611      6400
 612              	.LASF25:
ARM GAS  C:\Users\young\AppData\Local\Temp\cc2o71pb.s 			page 15


 613 00d4 64725661 		.ascii	"drVal\000"
 613      6C00
 614              	.LASF5:
 615 00da 6C6F6E67 		.ascii	"long unsigned int\000"
 615      20756E73 
 615      69676E65 
 615      6420696E 
 615      7400
 616              	.LASF3:
 617 00ec 73686F72 		.ascii	"short unsigned int\000"
 617      7420756E 
 617      7369676E 
 617      65642069 
 617      6E7400
 618              	.LASF15:
 619 00ff 6861776B 		.ascii	"hawkeye_data_Write\000"
 619      6579655F 
 619      64617461 
 619      5F577269 
 619      746500
 620              	.LASF22:
 621 0112 474E5520 		.ascii	"GNU C11 5.4.1 20160609 (release) [ARM/embedded-5-br"
 621      43313120 
 621      352E342E 
 621      31203230 
 621      31363036 
 622 0145 616E6368 		.ascii	"anch revision 237715] -mcpu=cortex-m0 -mthumb -g -O"
 622      20726576 
 622      6973696F 
 622      6E203233 
 622      37373135 
 623 0178 33202D66 		.ascii	"3 -ffunction-sections -ffat-lto-objects\000"
 623      66756E63 
 623      74696F6E 
 623      2D736563 
 623      74696F6E 
 624              	.LASF12:
 625 01a0 646F7562 		.ascii	"double\000"
 625      6C6500
 626              	.LASF23:
 627 01a7 47656E65 		.ascii	"Generated_Source\\PSoC4\\hawkeye_data.c\000"
 627      72617465 
 627      645F536F 
 627      75726365 
 627      5C50536F 
 628              	.LASF10:
 629 01cd 75696E74 		.ascii	"uint32\000"
 629      333200
 630              	.LASF8:
 631 01d4 756E7369 		.ascii	"unsigned int\000"
 631      676E6564 
 631      20696E74 
 631      00
 632              	.LASF7:
 633 01e1 6C6F6E67 		.ascii	"long long unsigned int\000"
 633      206C6F6E 
 633      6720756E 
ARM GAS  C:\Users\young\AppData\Local\Temp\cc2o71pb.s 			page 16


 633      7369676E 
 633      65642069 
 634              	.LASF18:
 635 01f8 6D6F6465 		.ascii	"mode\000"
 635      00
 636              	.LASF6:
 637 01fd 6C6F6E67 		.ascii	"long long int\000"
 637      206C6F6E 
 637      6720696E 
 637      7400
 638              	.LASF26:
 639 020b 6D61736B 		.ascii	"maskedStatus\000"
 639      65645374 
 639      61747573 
 639      00
 640              	.LASF13:
 641 0218 63686172 		.ascii	"char\000"
 641      00
 642              	.LASF2:
 643 021d 73686F72 		.ascii	"short int\000"
 643      7420696E 
 643      7400
 644              	.LASF9:
 645 0227 75696E74 		.ascii	"uint8\000"
 645      3800
 646              	.LASF4:
 647 022d 6C6F6E67 		.ascii	"long int\000"
 647      20696E74 
 647      00
 648              	.LASF20:
 649 0236 6861776B 		.ascii	"hawkeye_data_ReadDataReg\000"
 649      6579655F 
 649      64617461 
 649      5F526561 
 649      64446174 
 650              	.LASF0:
 651 024f 7369676E 		.ascii	"signed char\000"
 651      65642063 
 651      68617200 
 652              		.ident	"GCC: (GNU Tools for ARM Embedded Processors) 5.4.1 20160609 (release) [ARM/embedded-5-bran
