ARM GAS  C:\Users\jhkim\AppData\Local\Temp\ccEu0p9S.s 			page 1


   1              		.syntax unified
   2              		.cpu cortex-m0
   3              		.fpu softvfp
   4              		.eabi_attribute 20, 1
   5              		.eabi_attribute 21, 1
   6              		.eabi_attribute 23, 3
   7              		.eabi_attribute 24, 1
   8              		.eabi_attribute 25, 1
   9              		.eabi_attribute 26, 1
  10              		.eabi_attribute 30, 2
  11              		.eabi_attribute 34, 0
  12              		.eabi_attribute 18, 4
  13              		.thumb
  14              		.syntax unified
  15              		.file	"I2CS_I2C.c"
  16              		.text
  17              	.Ltext0:
  18              		.cfi_sections	.debug_frame
  19              		.section	.text.I2CS_I2CInit,"ax",%progbits
  20              		.align	2
  21              		.global	I2CS_I2CInit
  22              		.code	16
  23              		.thumb_func
  24              		.type	I2CS_I2CInit, %function
  25              	I2CS_I2CInit:
  26              	.LFB0:
  27              		.file 1 "Generated_Source\\PSoC4\\I2CS_I2C.c"
   1:Generated_Source\PSoC4/I2CS_I2C.c **** /***************************************************************************//**
   2:Generated_Source\PSoC4/I2CS_I2C.c **** * \file I2CS_I2C.c
   3:Generated_Source\PSoC4/I2CS_I2C.c **** * \version 4.0
   4:Generated_Source\PSoC4/I2CS_I2C.c **** *
   5:Generated_Source\PSoC4/I2CS_I2C.c **** * \brief
   6:Generated_Source\PSoC4/I2CS_I2C.c **** *  This file provides the source code to the API for the SCB Component in
   7:Generated_Source\PSoC4/I2CS_I2C.c **** *  I2C mode.
   8:Generated_Source\PSoC4/I2CS_I2C.c **** *
   9:Generated_Source\PSoC4/I2CS_I2C.c **** * Note:
  10:Generated_Source\PSoC4/I2CS_I2C.c **** *
  11:Generated_Source\PSoC4/I2CS_I2C.c **** *******************************************************************************
  12:Generated_Source\PSoC4/I2CS_I2C.c **** * \copyright
  13:Generated_Source\PSoC4/I2CS_I2C.c **** * Copyright 2013-2017, Cypress Semiconductor Corporation.  All rights reserved.
  14:Generated_Source\PSoC4/I2CS_I2C.c **** * You may use this file only in accordance with the license, terms, conditions,
  15:Generated_Source\PSoC4/I2CS_I2C.c **** * disclaimers, and limitations in the end user license agreement accompanying
  16:Generated_Source\PSoC4/I2CS_I2C.c **** * the software package with which this file was provided.
  17:Generated_Source\PSoC4/I2CS_I2C.c **** *******************************************************************************/
  18:Generated_Source\PSoC4/I2CS_I2C.c **** 
  19:Generated_Source\PSoC4/I2CS_I2C.c **** #include "I2CS_PVT.h"
  20:Generated_Source\PSoC4/I2CS_I2C.c **** #include "I2CS_I2C_PVT.h"
  21:Generated_Source\PSoC4/I2CS_I2C.c **** 
  22:Generated_Source\PSoC4/I2CS_I2C.c **** 
  23:Generated_Source\PSoC4/I2CS_I2C.c **** /***************************************
  24:Generated_Source\PSoC4/I2CS_I2C.c **** *      I2C Private Vars
  25:Generated_Source\PSoC4/I2CS_I2C.c **** ***************************************/
  26:Generated_Source\PSoC4/I2CS_I2C.c **** 
  27:Generated_Source\PSoC4/I2CS_I2C.c **** volatile uint8 I2CS_state;  /* Current state of I2C FSM */
  28:Generated_Source\PSoC4/I2CS_I2C.c **** 
  29:Generated_Source\PSoC4/I2CS_I2C.c **** #if(I2CS_SCB_MODE_UNCONFIG_CONST_CFG)
  30:Generated_Source\PSoC4/I2CS_I2C.c **** 
ARM GAS  C:\Users\jhkim\AppData\Local\Temp\ccEu0p9S.s 			page 2


  31:Generated_Source\PSoC4/I2CS_I2C.c ****     /***************************************
  32:Generated_Source\PSoC4/I2CS_I2C.c ****     *  Configuration Structure Initialization
  33:Generated_Source\PSoC4/I2CS_I2C.c ****     ***************************************/
  34:Generated_Source\PSoC4/I2CS_I2C.c **** 
  35:Generated_Source\PSoC4/I2CS_I2C.c ****     /* Constant configuration of I2C */
  36:Generated_Source\PSoC4/I2CS_I2C.c ****     const I2CS_I2C_INIT_STRUCT I2CS_configI2C =
  37:Generated_Source\PSoC4/I2CS_I2C.c ****     {
  38:Generated_Source\PSoC4/I2CS_I2C.c ****         I2CS_I2C_MODE,
  39:Generated_Source\PSoC4/I2CS_I2C.c ****         I2CS_I2C_OVS_FACTOR_LOW,
  40:Generated_Source\PSoC4/I2CS_I2C.c ****         I2CS_I2C_OVS_FACTOR_HIGH,
  41:Generated_Source\PSoC4/I2CS_I2C.c ****         I2CS_I2C_MEDIAN_FILTER_ENABLE,
  42:Generated_Source\PSoC4/I2CS_I2C.c ****         I2CS_I2C_SLAVE_ADDRESS,
  43:Generated_Source\PSoC4/I2CS_I2C.c ****         I2CS_I2C_SLAVE_ADDRESS_MASK,
  44:Generated_Source\PSoC4/I2CS_I2C.c ****         I2CS_I2C_ACCEPT_ADDRESS,
  45:Generated_Source\PSoC4/I2CS_I2C.c ****         I2CS_I2C_WAKE_ENABLE,
  46:Generated_Source\PSoC4/I2CS_I2C.c ****         I2CS_I2C_BYTE_MODE_ENABLE,
  47:Generated_Source\PSoC4/I2CS_I2C.c ****         I2CS_I2C_DATA_RATE,
  48:Generated_Source\PSoC4/I2CS_I2C.c ****         I2CS_I2C_ACCEPT_GENERAL_CALL,
  49:Generated_Source\PSoC4/I2CS_I2C.c ****     };
  50:Generated_Source\PSoC4/I2CS_I2C.c **** 
  51:Generated_Source\PSoC4/I2CS_I2C.c ****     /*******************************************************************************
  52:Generated_Source\PSoC4/I2CS_I2C.c ****     * Function Name: I2CS_I2CInit
  53:Generated_Source\PSoC4/I2CS_I2C.c ****     ****************************************************************************//**
  54:Generated_Source\PSoC4/I2CS_I2C.c ****     *
  55:Generated_Source\PSoC4/I2CS_I2C.c ****     *
  56:Generated_Source\PSoC4/I2CS_I2C.c ****     *  Configures the I2CS for I2C operation.
  57:Generated_Source\PSoC4/I2CS_I2C.c ****     *
  58:Generated_Source\PSoC4/I2CS_I2C.c ****     *  This function is intended specifically to be used when the I2CS 
  59:Generated_Source\PSoC4/I2CS_I2C.c ****     *  configuration is set to “Unconfigured I2CS” in the customizer. 
  60:Generated_Source\PSoC4/I2CS_I2C.c ****     *  After initializing the I2CS in I2C mode using this function, 
  61:Generated_Source\PSoC4/I2CS_I2C.c ****     *  the component can be enabled using the I2CS_Start() or 
  62:Generated_Source\PSoC4/I2CS_I2C.c ****     * I2CS_Enable() function.
  63:Generated_Source\PSoC4/I2CS_I2C.c ****     *  This function uses a pointer to a structure that provides the configuration 
  64:Generated_Source\PSoC4/I2CS_I2C.c ****     *  settings. This structure contains the same information that would otherwise 
  65:Generated_Source\PSoC4/I2CS_I2C.c ****     *  be provided by the customizer settings.
  66:Generated_Source\PSoC4/I2CS_I2C.c ****     *
  67:Generated_Source\PSoC4/I2CS_I2C.c ****     *  \param config: pointer to a structure that contains the following list of 
  68:Generated_Source\PSoC4/I2CS_I2C.c ****     *   fields. These fields match the selections available in the customizer. 
  69:Generated_Source\PSoC4/I2CS_I2C.c ****     *   Refer to the customizer for further description of the settings.
  70:Generated_Source\PSoC4/I2CS_I2C.c ****     *
  71:Generated_Source\PSoC4/I2CS_I2C.c ****     *******************************************************************************/
  72:Generated_Source\PSoC4/I2CS_I2C.c ****     void I2CS_I2CInit(const I2CS_I2C_INIT_STRUCT *config)
  73:Generated_Source\PSoC4/I2CS_I2C.c ****     {
  74:Generated_Source\PSoC4/I2CS_I2C.c ****         uint32 medianFilter;
  75:Generated_Source\PSoC4/I2CS_I2C.c ****         uint32 locEnableWake;
  76:Generated_Source\PSoC4/I2CS_I2C.c **** 
  77:Generated_Source\PSoC4/I2CS_I2C.c ****         if(NULL == config)
  78:Generated_Source\PSoC4/I2CS_I2C.c ****         {
  79:Generated_Source\PSoC4/I2CS_I2C.c ****             CYASSERT(0u != 0u); /* Halt execution due to bad function parameter */
  80:Generated_Source\PSoC4/I2CS_I2C.c ****         }
  81:Generated_Source\PSoC4/I2CS_I2C.c ****         else
  82:Generated_Source\PSoC4/I2CS_I2C.c ****         {
  83:Generated_Source\PSoC4/I2CS_I2C.c ****             /* Configure pins */
  84:Generated_Source\PSoC4/I2CS_I2C.c ****             I2CS_SetPins(I2CS_SCB_MODE_I2C, I2CS_DUMMY_PARAM,
  85:Generated_Source\PSoC4/I2CS_I2C.c ****                                      I2CS_DUMMY_PARAM);
  86:Generated_Source\PSoC4/I2CS_I2C.c **** 
  87:Generated_Source\PSoC4/I2CS_I2C.c ****             /* Store internal configuration */
ARM GAS  C:\Users\jhkim\AppData\Local\Temp\ccEu0p9S.s 			page 3


  88:Generated_Source\PSoC4/I2CS_I2C.c ****             I2CS_scbMode       = (uint8) I2CS_SCB_MODE_I2C;
  89:Generated_Source\PSoC4/I2CS_I2C.c ****             I2CS_scbEnableWake = (uint8) config->enableWake;
  90:Generated_Source\PSoC4/I2CS_I2C.c ****             I2CS_scbEnableIntr = (uint8) I2CS_SCB_IRQ_INTERNAL;
  91:Generated_Source\PSoC4/I2CS_I2C.c **** 
  92:Generated_Source\PSoC4/I2CS_I2C.c ****             I2CS_mode          = (uint8) config->mode;
  93:Generated_Source\PSoC4/I2CS_I2C.c ****             I2CS_acceptAddr    = (uint8) config->acceptAddr;
  94:Generated_Source\PSoC4/I2CS_I2C.c **** 
  95:Generated_Source\PSoC4/I2CS_I2C.c ****         #if (I2CS_CY_SCBIP_V0)
  96:Generated_Source\PSoC4/I2CS_I2C.c ****             /* Adjust SDA filter settings. Ticket ID#150521 */
  97:Generated_Source\PSoC4/I2CS_I2C.c ****             I2CS_SET_I2C_CFG_SDA_FILT_TRIM(I2CS_EC_AM_I2C_CFG_SDA_FILT_TRIM);
  98:Generated_Source\PSoC4/I2CS_I2C.c ****         #endif /* (I2CS_CY_SCBIP_V0) */
  99:Generated_Source\PSoC4/I2CS_I2C.c **** 
 100:Generated_Source\PSoC4/I2CS_I2C.c ****             /* Adjust AF and DF filter settings. Ticket ID#176179 */
 101:Generated_Source\PSoC4/I2CS_I2C.c ****             if (((I2CS_I2C_MODE_SLAVE != config->mode) &&
 102:Generated_Source\PSoC4/I2CS_I2C.c ****                  (config->dataRate <= I2CS_I2C_DATA_RATE_FS_MODE_MAX)) ||
 103:Generated_Source\PSoC4/I2CS_I2C.c ****                  (I2CS_I2C_MODE_SLAVE == config->mode))
 104:Generated_Source\PSoC4/I2CS_I2C.c ****             {
 105:Generated_Source\PSoC4/I2CS_I2C.c ****                 /* AF = 1, DF = 0 */
 106:Generated_Source\PSoC4/I2CS_I2C.c ****                 I2CS_I2C_CFG_ANALOG_FITER_ENABLE;
 107:Generated_Source\PSoC4/I2CS_I2C.c ****                 medianFilter = I2CS_DIGITAL_FILTER_DISABLE;
 108:Generated_Source\PSoC4/I2CS_I2C.c ****             }
 109:Generated_Source\PSoC4/I2CS_I2C.c ****             else
 110:Generated_Source\PSoC4/I2CS_I2C.c ****             {
 111:Generated_Source\PSoC4/I2CS_I2C.c ****                 /* AF = 0, DF = 1 */
 112:Generated_Source\PSoC4/I2CS_I2C.c ****                 I2CS_I2C_CFG_ANALOG_FITER_DISABLE;
 113:Generated_Source\PSoC4/I2CS_I2C.c ****                 medianFilter = I2CS_DIGITAL_FILTER_ENABLE;
 114:Generated_Source\PSoC4/I2CS_I2C.c ****             }
 115:Generated_Source\PSoC4/I2CS_I2C.c **** 
 116:Generated_Source\PSoC4/I2CS_I2C.c ****         #if (!I2CS_CY_SCBIP_V0)
 117:Generated_Source\PSoC4/I2CS_I2C.c ****             locEnableWake = (I2CS_I2C_MULTI_MASTER_SLAVE) ? (0u) : (config->enableWake);
 118:Generated_Source\PSoC4/I2CS_I2C.c ****         #else
 119:Generated_Source\PSoC4/I2CS_I2C.c ****             locEnableWake = config->enableWake;
 120:Generated_Source\PSoC4/I2CS_I2C.c ****         #endif /* (!I2CS_CY_SCBIP_V0) */
 121:Generated_Source\PSoC4/I2CS_I2C.c **** 
 122:Generated_Source\PSoC4/I2CS_I2C.c ****             /* Configure I2C interface */
 123:Generated_Source\PSoC4/I2CS_I2C.c ****             I2CS_CTRL_REG     = I2CS_GET_CTRL_BYTE_MODE  (config->enableByteMode) |
 124:Generated_Source\PSoC4/I2CS_I2C.c ****                                             I2CS_GET_CTRL_ADDR_ACCEPT(config->acceptAddr)     |
 125:Generated_Source\PSoC4/I2CS_I2C.c ****                                             I2CS_GET_CTRL_EC_AM_MODE (locEnableWake);
 126:Generated_Source\PSoC4/I2CS_I2C.c **** 
 127:Generated_Source\PSoC4/I2CS_I2C.c ****             I2CS_I2C_CTRL_REG = I2CS_GET_I2C_CTRL_HIGH_PHASE_OVS(config->oversampleHigh) |
 128:Generated_Source\PSoC4/I2CS_I2C.c ****                     I2CS_GET_I2C_CTRL_LOW_PHASE_OVS (config->oversampleLow)                        
 129:Generated_Source\PSoC4/I2CS_I2C.c ****                     I2CS_GET_I2C_CTRL_S_GENERAL_IGNORE((uint32)(0u == config->acceptGeneralAddr))  
 130:Generated_Source\PSoC4/I2CS_I2C.c ****                     I2CS_GET_I2C_CTRL_SL_MSTR_MODE  (config->mode);
 131:Generated_Source\PSoC4/I2CS_I2C.c **** 
 132:Generated_Source\PSoC4/I2CS_I2C.c ****             /* Configure RX direction */
 133:Generated_Source\PSoC4/I2CS_I2C.c ****             I2CS_RX_CTRL_REG      = I2CS_GET_RX_CTRL_MEDIAN(medianFilter) |
 134:Generated_Source\PSoC4/I2CS_I2C.c ****                                                 I2CS_I2C_RX_CTRL;
 135:Generated_Source\PSoC4/I2CS_I2C.c ****             I2CS_RX_FIFO_CTRL_REG = I2CS_CLEAR_REG;
 136:Generated_Source\PSoC4/I2CS_I2C.c **** 
 137:Generated_Source\PSoC4/I2CS_I2C.c ****             /* Set default address and mask */
 138:Generated_Source\PSoC4/I2CS_I2C.c ****             I2CS_RX_MATCH_REG    = ((I2CS_I2C_SLAVE) ?
 139:Generated_Source\PSoC4/I2CS_I2C.c ****                                                 (I2CS_GET_I2C_8BIT_ADDRESS(config->slaveAddr) |
 140:Generated_Source\PSoC4/I2CS_I2C.c ****                                                  I2CS_GET_RX_MATCH_MASK(config->slaveAddrMask)) :
 141:Generated_Source\PSoC4/I2CS_I2C.c ****                                                 (I2CS_CLEAR_REG));
 142:Generated_Source\PSoC4/I2CS_I2C.c **** 
 143:Generated_Source\PSoC4/I2CS_I2C.c **** 
 144:Generated_Source\PSoC4/I2CS_I2C.c ****             /* Configure TX direction */
ARM GAS  C:\Users\jhkim\AppData\Local\Temp\ccEu0p9S.s 			page 4


 145:Generated_Source\PSoC4/I2CS_I2C.c ****             I2CS_TX_CTRL_REG      = I2CS_I2C_TX_CTRL;
 146:Generated_Source\PSoC4/I2CS_I2C.c ****             I2CS_TX_FIFO_CTRL_REG = I2CS_CLEAR_REG;
 147:Generated_Source\PSoC4/I2CS_I2C.c **** 
 148:Generated_Source\PSoC4/I2CS_I2C.c ****             /* Configure interrupt with I2C handler but do not enable it */
 149:Generated_Source\PSoC4/I2CS_I2C.c ****             CyIntDisable    (I2CS_ISR_NUMBER);
 150:Generated_Source\PSoC4/I2CS_I2C.c ****             CyIntSetPriority(I2CS_ISR_NUMBER, I2CS_ISR_PRIORITY);
 151:Generated_Source\PSoC4/I2CS_I2C.c ****             (void) CyIntSetVector(I2CS_ISR_NUMBER, &I2CS_I2C_ISR);
 152:Generated_Source\PSoC4/I2CS_I2C.c **** 
 153:Generated_Source\PSoC4/I2CS_I2C.c ****             /* Configure interrupt sources */
 154:Generated_Source\PSoC4/I2CS_I2C.c ****         #if(!I2CS_CY_SCBIP_V1)
 155:Generated_Source\PSoC4/I2CS_I2C.c ****             I2CS_INTR_SPI_EC_MASK_REG = I2CS_NO_INTR_SOURCES;
 156:Generated_Source\PSoC4/I2CS_I2C.c ****         #endif /* (!I2CS_CY_SCBIP_V1) */
 157:Generated_Source\PSoC4/I2CS_I2C.c **** 
 158:Generated_Source\PSoC4/I2CS_I2C.c ****             I2CS_INTR_I2C_EC_MASK_REG = I2CS_NO_INTR_SOURCES;
 159:Generated_Source\PSoC4/I2CS_I2C.c ****             I2CS_INTR_RX_MASK_REG     = I2CS_NO_INTR_SOURCES;
 160:Generated_Source\PSoC4/I2CS_I2C.c ****             I2CS_INTR_TX_MASK_REG     = I2CS_NO_INTR_SOURCES;
 161:Generated_Source\PSoC4/I2CS_I2C.c **** 
 162:Generated_Source\PSoC4/I2CS_I2C.c ****             I2CS_INTR_SLAVE_MASK_REG  = ((I2CS_I2C_SLAVE) ?
 163:Generated_Source\PSoC4/I2CS_I2C.c ****                             (I2CS_GET_INTR_SLAVE_I2C_GENERAL(config->acceptGeneralAddr) |
 164:Generated_Source\PSoC4/I2CS_I2C.c ****                              I2CS_I2C_INTR_SLAVE_MASK) : (I2CS_CLEAR_REG));
 165:Generated_Source\PSoC4/I2CS_I2C.c **** 
 166:Generated_Source\PSoC4/I2CS_I2C.c ****             I2CS_INTR_MASTER_MASK_REG = I2CS_NO_INTR_SOURCES;
 167:Generated_Source\PSoC4/I2CS_I2C.c **** 
 168:Generated_Source\PSoC4/I2CS_I2C.c ****             /* Configure global variables */
 169:Generated_Source\PSoC4/I2CS_I2C.c ****             I2CS_state = I2CS_I2C_FSM_IDLE;
 170:Generated_Source\PSoC4/I2CS_I2C.c **** 
 171:Generated_Source\PSoC4/I2CS_I2C.c ****             /* Internal slave variables */
 172:Generated_Source\PSoC4/I2CS_I2C.c ****             I2CS_slStatus        = 0u;
 173:Generated_Source\PSoC4/I2CS_I2C.c ****             I2CS_slRdBufIndex    = 0u;
 174:Generated_Source\PSoC4/I2CS_I2C.c ****             I2CS_slWrBufIndex    = 0u;
 175:Generated_Source\PSoC4/I2CS_I2C.c ****             I2CS_slOverFlowCount = 0u;
 176:Generated_Source\PSoC4/I2CS_I2C.c **** 
 177:Generated_Source\PSoC4/I2CS_I2C.c ****             /* Internal master variables */
 178:Generated_Source\PSoC4/I2CS_I2C.c ****             I2CS_mstrStatus     = 0u;
 179:Generated_Source\PSoC4/I2CS_I2C.c ****             I2CS_mstrRdBufIndex = 0u;
 180:Generated_Source\PSoC4/I2CS_I2C.c ****             I2CS_mstrWrBufIndex = 0u;
 181:Generated_Source\PSoC4/I2CS_I2C.c ****         }
 182:Generated_Source\PSoC4/I2CS_I2C.c ****     }
 183:Generated_Source\PSoC4/I2CS_I2C.c **** 
 184:Generated_Source\PSoC4/I2CS_I2C.c **** #else
 185:Generated_Source\PSoC4/I2CS_I2C.c **** 
 186:Generated_Source\PSoC4/I2CS_I2C.c ****     /*******************************************************************************
 187:Generated_Source\PSoC4/I2CS_I2C.c ****     * Function Name: I2CS_I2CInit
 188:Generated_Source\PSoC4/I2CS_I2C.c ****     ****************************************************************************//**
 189:Generated_Source\PSoC4/I2CS_I2C.c ****     *
 190:Generated_Source\PSoC4/I2CS_I2C.c ****     *  Configures the SCB for the I2C operation.
 191:Generated_Source\PSoC4/I2CS_I2C.c ****     *
 192:Generated_Source\PSoC4/I2CS_I2C.c ****     *******************************************************************************/
 193:Generated_Source\PSoC4/I2CS_I2C.c ****     void I2CS_I2CInit(void)
 194:Generated_Source\PSoC4/I2CS_I2C.c ****     {
  28              		.loc 1 194 0
  29              		.cfi_startproc
  30              		@ args = 0, pretend = 0, frame = 0
  31              		@ frame_needed = 0, uses_anonymous_args = 0
  32 0000 10B5     		push	{r4, lr}
  33              		.cfi_def_cfa_offset 8
  34              		.cfi_offset 4, -8
ARM GAS  C:\Users\jhkim\AppData\Local\Temp\ccEu0p9S.s 			page 5


  35              		.cfi_offset 14, -4
 195:Generated_Source\PSoC4/I2CS_I2C.c ****     #if(I2CS_CY_SCBIP_V0)
 196:Generated_Source\PSoC4/I2CS_I2C.c ****         /* Adjust SDA filter settings. Ticket ID#150521 */
 197:Generated_Source\PSoC4/I2CS_I2C.c ****         I2CS_SET_I2C_CFG_SDA_FILT_TRIM(I2CS_EC_AM_I2C_CFG_SDA_FILT_TRIM);
 198:Generated_Source\PSoC4/I2CS_I2C.c ****     #endif /* (I2CS_CY_SCBIP_V0) */
 199:Generated_Source\PSoC4/I2CS_I2C.c **** 
 200:Generated_Source\PSoC4/I2CS_I2C.c ****         /* Adjust AF and DF filter settings. Ticket ID#176179 */
 201:Generated_Source\PSoC4/I2CS_I2C.c ****         I2CS_I2C_CFG_ANALOG_FITER_ENABLE_ADJ;
 202:Generated_Source\PSoC4/I2CS_I2C.c **** 
 203:Generated_Source\PSoC4/I2CS_I2C.c ****         /* Configure I2C interface */
 204:Generated_Source\PSoC4/I2CS_I2C.c ****         I2CS_CTRL_REG     = I2CS_I2C_DEFAULT_CTRL;
  36              		.loc 1 204 0
  37 0002 0024     		movs	r4, #0
  38 0004 1A4B     		ldr	r3, .L2
 205:Generated_Source\PSoC4/I2CS_I2C.c ****         I2CS_I2C_CTRL_REG = I2CS_I2C_DEFAULT_I2C_CTRL;
  39              		.loc 1 205 0
  40 0006 1B4A     		ldr	r2, .L2+4
 204:Generated_Source\PSoC4/I2CS_I2C.c ****         I2CS_I2C_CTRL_REG = I2CS_I2C_DEFAULT_I2C_CTRL;
  41              		.loc 1 204 0
  42 0008 1C60     		str	r4, [r3]
  43              		.loc 1 205 0
  44 000a 1B4B     		ldr	r3, .L2+8
 206:Generated_Source\PSoC4/I2CS_I2C.c **** 
 207:Generated_Source\PSoC4/I2CS_I2C.c ****         /* Configure RX direction */
 208:Generated_Source\PSoC4/I2CS_I2C.c ****         I2CS_RX_CTRL_REG      = I2CS_I2C_DEFAULT_RX_CTRL;
 209:Generated_Source\PSoC4/I2CS_I2C.c ****         I2CS_RX_FIFO_CTRL_REG = I2CS_I2C_DEFAULT_RX_FIFO_CTRL;
 210:Generated_Source\PSoC4/I2CS_I2C.c **** 
 211:Generated_Source\PSoC4/I2CS_I2C.c ****         /* Set default address and mask */
 212:Generated_Source\PSoC4/I2CS_I2C.c ****         I2CS_RX_MATCH_REG     = I2CS_I2C_DEFAULT_RX_MATCH;
  45              		.loc 1 212 0
  46 000c 1B49     		ldr	r1, .L2+12
 205:Generated_Source\PSoC4/I2CS_I2C.c **** 
  47              		.loc 1 205 0
  48 000e 1A60     		str	r2, [r3]
 208:Generated_Source\PSoC4/I2CS_I2C.c ****         I2CS_RX_FIFO_CTRL_REG = I2CS_I2C_DEFAULT_RX_FIFO_CTRL;
  49              		.loc 1 208 0
  50 0010 1B4B     		ldr	r3, .L2+16
  51 0012 1C4A     		ldr	r2, .L2+20
 213:Generated_Source\PSoC4/I2CS_I2C.c **** 
 214:Generated_Source\PSoC4/I2CS_I2C.c ****         /* Configure TX direction */
 215:Generated_Source\PSoC4/I2CS_I2C.c ****         I2CS_TX_CTRL_REG      = I2CS_I2C_DEFAULT_TX_CTRL;
 216:Generated_Source\PSoC4/I2CS_I2C.c ****         I2CS_TX_FIFO_CTRL_REG = I2CS_I2C_DEFAULT_TX_FIFO_CTRL;
 217:Generated_Source\PSoC4/I2CS_I2C.c **** 
 218:Generated_Source\PSoC4/I2CS_I2C.c ****         /* Configure interrupt with I2C handler but do not enable it */
 219:Generated_Source\PSoC4/I2CS_I2C.c ****         CyIntDisable    (I2CS_ISR_NUMBER);
  52              		.loc 1 219 0
  53 0014 0520     		movs	r0, #5
 208:Generated_Source\PSoC4/I2CS_I2C.c ****         I2CS_RX_FIFO_CTRL_REG = I2CS_I2C_DEFAULT_RX_FIFO_CTRL;
  54              		.loc 1 208 0
  55 0016 1360     		str	r3, [r2]
 209:Generated_Source\PSoC4/I2CS_I2C.c **** 
  56              		.loc 1 209 0
  57 0018 1B4A     		ldr	r2, .L2+24
 220:Generated_Source\PSoC4/I2CS_I2C.c ****         CyIntSetPriority(I2CS_ISR_NUMBER, I2CS_ISR_PRIORITY);
 221:Generated_Source\PSoC4/I2CS_I2C.c ****     #if(!I2CS_I2C_EXTERN_INTR_HANDLER)
 222:Generated_Source\PSoC4/I2CS_I2C.c ****         (void) CyIntSetVector(I2CS_ISR_NUMBER, &I2CS_I2C_ISR);
 223:Generated_Source\PSoC4/I2CS_I2C.c ****     #endif /* (I2CS_I2C_EXTERN_INTR_HANDLER) */
ARM GAS  C:\Users\jhkim\AppData\Local\Temp\ccEu0p9S.s 			page 6


 224:Generated_Source\PSoC4/I2CS_I2C.c **** 
 225:Generated_Source\PSoC4/I2CS_I2C.c ****         /* Configure interrupt sources */
 226:Generated_Source\PSoC4/I2CS_I2C.c ****     #if(!I2CS_CY_SCBIP_V1)
 227:Generated_Source\PSoC4/I2CS_I2C.c ****         I2CS_INTR_SPI_EC_MASK_REG = I2CS_I2C_DEFAULT_INTR_SPI_EC_MASK;
 228:Generated_Source\PSoC4/I2CS_I2C.c ****     #endif /* (!I2CS_CY_SCBIP_V1) */
 229:Generated_Source\PSoC4/I2CS_I2C.c **** 
 230:Generated_Source\PSoC4/I2CS_I2C.c ****         I2CS_INTR_I2C_EC_MASK_REG = I2CS_I2C_DEFAULT_INTR_I2C_EC_MASK;
 231:Generated_Source\PSoC4/I2CS_I2C.c ****         I2CS_INTR_SLAVE_MASK_REG  = I2CS_I2C_DEFAULT_INTR_SLAVE_MASK;
 232:Generated_Source\PSoC4/I2CS_I2C.c ****         I2CS_INTR_MASTER_MASK_REG = I2CS_I2C_DEFAULT_INTR_MASTER_MASK;
 233:Generated_Source\PSoC4/I2CS_I2C.c ****         I2CS_INTR_RX_MASK_REG     = I2CS_I2C_DEFAULT_INTR_RX_MASK;
 234:Generated_Source\PSoC4/I2CS_I2C.c ****         I2CS_INTR_TX_MASK_REG     = I2CS_I2C_DEFAULT_INTR_TX_MASK;
 235:Generated_Source\PSoC4/I2CS_I2C.c **** 
 236:Generated_Source\PSoC4/I2CS_I2C.c ****         /* Configure global variables */
 237:Generated_Source\PSoC4/I2CS_I2C.c ****         I2CS_state = I2CS_I2C_FSM_IDLE;
 238:Generated_Source\PSoC4/I2CS_I2C.c **** 
 239:Generated_Source\PSoC4/I2CS_I2C.c ****     #if(I2CS_I2C_SLAVE)
 240:Generated_Source\PSoC4/I2CS_I2C.c ****         /* Internal slave variable */
 241:Generated_Source\PSoC4/I2CS_I2C.c ****         I2CS_slStatus        = 0u;
 242:Generated_Source\PSoC4/I2CS_I2C.c ****         I2CS_slRdBufIndex    = 0u;
 243:Generated_Source\PSoC4/I2CS_I2C.c ****         I2CS_slWrBufIndex    = 0u;
 244:Generated_Source\PSoC4/I2CS_I2C.c ****         I2CS_slOverFlowCount = 0u;
 245:Generated_Source\PSoC4/I2CS_I2C.c ****     #endif /* (I2CS_I2C_SLAVE) */
 246:Generated_Source\PSoC4/I2CS_I2C.c **** 
 247:Generated_Source\PSoC4/I2CS_I2C.c ****     #if(I2CS_I2C_MASTER)
 248:Generated_Source\PSoC4/I2CS_I2C.c ****     /* Internal master variable */
 249:Generated_Source\PSoC4/I2CS_I2C.c ****         I2CS_mstrStatus     = 0u;
 250:Generated_Source\PSoC4/I2CS_I2C.c ****         I2CS_mstrRdBufIndex = 0u;
 251:Generated_Source\PSoC4/I2CS_I2C.c ****         I2CS_mstrWrBufIndex = 0u;
 252:Generated_Source\PSoC4/I2CS_I2C.c ****     #endif /* (I2CS_I2C_MASTER) */
 253:Generated_Source\PSoC4/I2CS_I2C.c ****     }
  58              		.loc 1 253 0
  59              		@ sp needed
 209:Generated_Source\PSoC4/I2CS_I2C.c **** 
  60              		.loc 1 209 0
  61 001a 1460     		str	r4, [r2]
 212:Generated_Source\PSoC4/I2CS_I2C.c **** 
  62              		.loc 1 212 0
  63 001c 1B4A     		ldr	r2, .L2+28
  64 001e 1160     		str	r1, [r2]
 215:Generated_Source\PSoC4/I2CS_I2C.c ****         I2CS_TX_FIFO_CTRL_REG = I2CS_I2C_DEFAULT_TX_FIFO_CTRL;
  65              		.loc 1 215 0
  66 0020 1B4A     		ldr	r2, .L2+32
  67 0022 1360     		str	r3, [r2]
 216:Generated_Source\PSoC4/I2CS_I2C.c **** 
  68              		.loc 1 216 0
  69 0024 1B4B     		ldr	r3, .L2+36
  70 0026 1C60     		str	r4, [r3]
 219:Generated_Source\PSoC4/I2CS_I2C.c ****         CyIntSetPriority(I2CS_ISR_NUMBER, I2CS_ISR_PRIORITY);
  71              		.loc 1 219 0
  72 0028 FFF7FEFF 		bl	CyIntDisable
  73              	.LVL0:
 220:Generated_Source\PSoC4/I2CS_I2C.c ****     #if(!I2CS_I2C_EXTERN_INTR_HANDLER)
  74              		.loc 1 220 0
  75 002c 0321     		movs	r1, #3
  76 002e 0520     		movs	r0, #5
  77 0030 FFF7FEFF 		bl	CyIntSetPriority
  78              	.LVL1:
ARM GAS  C:\Users\jhkim\AppData\Local\Temp\ccEu0p9S.s 			page 7


 222:Generated_Source\PSoC4/I2CS_I2C.c ****     #endif /* (I2CS_I2C_EXTERN_INTR_HANDLER) */
  79              		.loc 1 222 0
  80 0034 1849     		ldr	r1, .L2+40
  81 0036 0520     		movs	r0, #5
  82 0038 FFF7FEFF 		bl	CyIntSetVector
  83              	.LVL2:
 231:Generated_Source\PSoC4/I2CS_I2C.c ****         I2CS_INTR_MASTER_MASK_REG = I2CS_I2C_DEFAULT_INTR_MASTER_MASK;
  84              		.loc 1 231 0
  85 003c 4C22     		movs	r2, #76
 230:Generated_Source\PSoC4/I2CS_I2C.c ****         I2CS_INTR_SLAVE_MASK_REG  = I2CS_I2C_DEFAULT_INTR_SLAVE_MASK;
  86              		.loc 1 230 0
  87 003e 174B     		ldr	r3, .L2+44
 231:Generated_Source\PSoC4/I2CS_I2C.c ****         I2CS_INTR_MASTER_MASK_REG = I2CS_I2C_DEFAULT_INTR_MASTER_MASK;
  88              		.loc 1 231 0
  89 0040 FF32     		adds	r2, r2, #255
 230:Generated_Source\PSoC4/I2CS_I2C.c ****         I2CS_INTR_SLAVE_MASK_REG  = I2CS_I2C_DEFAULT_INTR_SLAVE_MASK;
  90              		.loc 1 230 0
  91 0042 1C60     		str	r4, [r3]
 231:Generated_Source\PSoC4/I2CS_I2C.c ****         I2CS_INTR_MASTER_MASK_REG = I2CS_I2C_DEFAULT_INTR_MASTER_MASK;
  92              		.loc 1 231 0
  93 0044 164B     		ldr	r3, .L2+48
  94 0046 1A60     		str	r2, [r3]
 232:Generated_Source\PSoC4/I2CS_I2C.c ****         I2CS_INTR_RX_MASK_REG     = I2CS_I2C_DEFAULT_INTR_RX_MASK;
  95              		.loc 1 232 0
  96 0048 164B     		ldr	r3, .L2+52
 237:Generated_Source\PSoC4/I2CS_I2C.c **** 
  97              		.loc 1 237 0
  98 004a 3C3A     		subs	r2, r2, #60
 232:Generated_Source\PSoC4/I2CS_I2C.c ****         I2CS_INTR_RX_MASK_REG     = I2CS_I2C_DEFAULT_INTR_RX_MASK;
  99              		.loc 1 232 0
 100 004c 1C60     		str	r4, [r3]
 233:Generated_Source\PSoC4/I2CS_I2C.c ****         I2CS_INTR_TX_MASK_REG     = I2CS_I2C_DEFAULT_INTR_TX_MASK;
 101              		.loc 1 233 0
 102 004e 164B     		ldr	r3, .L2+56
 237:Generated_Source\PSoC4/I2CS_I2C.c **** 
 103              		.loc 1 237 0
 104 0050 FF3A     		subs	r2, r2, #255
 233:Generated_Source\PSoC4/I2CS_I2C.c ****         I2CS_INTR_TX_MASK_REG     = I2CS_I2C_DEFAULT_INTR_TX_MASK;
 105              		.loc 1 233 0
 106 0052 1C60     		str	r4, [r3]
 234:Generated_Source\PSoC4/I2CS_I2C.c **** 
 107              		.loc 1 234 0
 108 0054 154B     		ldr	r3, .L2+60
 109 0056 1C60     		str	r4, [r3]
 237:Generated_Source\PSoC4/I2CS_I2C.c **** 
 110              		.loc 1 237 0
 111 0058 154B     		ldr	r3, .L2+64
 112 005a 1A70     		strb	r2, [r3]
 241:Generated_Source\PSoC4/I2CS_I2C.c ****         I2CS_slRdBufIndex    = 0u;
 113              		.loc 1 241 0
 114 005c 154B     		ldr	r3, .L2+68
 115 005e 1C70     		strb	r4, [r3]
 242:Generated_Source\PSoC4/I2CS_I2C.c ****         I2CS_slWrBufIndex    = 0u;
 116              		.loc 1 242 0
 117 0060 154B     		ldr	r3, .L2+72
 118 0062 1C60     		str	r4, [r3]
 243:Generated_Source\PSoC4/I2CS_I2C.c ****         I2CS_slOverFlowCount = 0u;
ARM GAS  C:\Users\jhkim\AppData\Local\Temp\ccEu0p9S.s 			page 8


 119              		.loc 1 243 0
 120 0064 154B     		ldr	r3, .L2+76
 121 0066 1C60     		str	r4, [r3]
 244:Generated_Source\PSoC4/I2CS_I2C.c ****     #endif /* (I2CS_I2C_SLAVE) */
 122              		.loc 1 244 0
 123 0068 154B     		ldr	r3, .L2+80
 124 006a 1C70     		strb	r4, [r3]
 125              		.loc 1 253 0
 126 006c 10BD     		pop	{r4, pc}
 127              	.L3:
 128 006e C046     		.align	2
 129              	.L2:
 130 0070 00000640 		.word	1074135040
 131 0074 FD080040 		.word	1073744125
 132 0078 60000640 		.word	1074135136
 133 007c 9E00FE00 		.word	16646302
 134 0080 07010080 		.word	-2147483385
 135 0084 00030640 		.word	1074135808
 136 0088 04030640 		.word	1074135812
 137 008c 10030640 		.word	1074135824
 138 0090 00020640 		.word	1074135552
 139 0094 04020640 		.word	1074135556
 140 0098 00000000 		.word	I2CS_I2C_ISR
 141 009c 880E0640 		.word	1074138760
 142 00a0 480F0640 		.word	1074138952
 143 00a4 080F0640 		.word	1074138888
 144 00a8 C80F0640 		.word	1074139080
 145 00ac 880F0640 		.word	1074139016
 146 00b0 00000000 		.word	I2CS_state
 147 00b4 00000000 		.word	I2CS_slStatus
 148 00b8 00000000 		.word	I2CS_slRdBufIndex
 149 00bc 00000000 		.word	I2CS_slWrBufIndex
 150 00c0 00000000 		.word	I2CS_slOverFlowCount
 151              		.cfi_endproc
 152              	.LFE0:
 153              		.size	I2CS_I2CInit, .-I2CS_I2CInit
 154              		.section	.text.I2CS_I2CStop,"ax",%progbits
 155              		.align	2
 156              		.global	I2CS_I2CStop
 157              		.code	16
 158              		.thumb_func
 159              		.type	I2CS_I2CStop, %function
 160              	I2CS_I2CStop:
 161              	.LFB1:
 254:Generated_Source\PSoC4/I2CS_I2C.c **** #endif /* (I2CS_SCB_MODE_UNCONFIG_CONST_CFG) */
 255:Generated_Source\PSoC4/I2CS_I2C.c **** 
 256:Generated_Source\PSoC4/I2CS_I2C.c **** 
 257:Generated_Source\PSoC4/I2CS_I2C.c **** /*******************************************************************************
 258:Generated_Source\PSoC4/I2CS_I2C.c **** * Function Name: I2CS_I2CStop
 259:Generated_Source\PSoC4/I2CS_I2C.c **** ****************************************************************************//**
 260:Generated_Source\PSoC4/I2CS_I2C.c **** *
 261:Generated_Source\PSoC4/I2CS_I2C.c **** *  Resets the I2C FSM into the default state.
 262:Generated_Source\PSoC4/I2CS_I2C.c **** *
 263:Generated_Source\PSoC4/I2CS_I2C.c **** *******************************************************************************/
 264:Generated_Source\PSoC4/I2CS_I2C.c **** void I2CS_I2CStop(void)
 265:Generated_Source\PSoC4/I2CS_I2C.c **** {
 162              		.loc 1 265 0
ARM GAS  C:\Users\jhkim\AppData\Local\Temp\ccEu0p9S.s 			page 9


 163              		.cfi_startproc
 164              		@ args = 0, pretend = 0, frame = 0
 165              		@ frame_needed = 0, uses_anonymous_args = 0
 166              		@ link register save eliminated.
 266:Generated_Source\PSoC4/I2CS_I2C.c ****     /* Clear command registers because they keep assigned value after IP block was disabled */
 267:Generated_Source\PSoC4/I2CS_I2C.c ****     I2CS_I2C_MASTER_CMD_REG = 0u;
 167              		.loc 1 267 0
 168 0000 0023     		movs	r3, #0
 169 0002 044A     		ldr	r2, .L5
 268:Generated_Source\PSoC4/I2CS_I2C.c ****     I2CS_I2C_SLAVE_CMD_REG  = 0u;
 269:Generated_Source\PSoC4/I2CS_I2C.c ****     
 270:Generated_Source\PSoC4/I2CS_I2C.c ****     I2CS_state = I2CS_I2C_FSM_IDLE;
 271:Generated_Source\PSoC4/I2CS_I2C.c **** }
 170              		.loc 1 271 0
 171              		@ sp needed
 267:Generated_Source\PSoC4/I2CS_I2C.c ****     I2CS_I2C_SLAVE_CMD_REG  = 0u;
 172              		.loc 1 267 0
 173 0004 1360     		str	r3, [r2]
 268:Generated_Source\PSoC4/I2CS_I2C.c ****     I2CS_I2C_SLAVE_CMD_REG  = 0u;
 174              		.loc 1 268 0
 175 0006 044A     		ldr	r2, .L5+4
 176 0008 1360     		str	r3, [r2]
 270:Generated_Source\PSoC4/I2CS_I2C.c **** }
 177              		.loc 1 270 0
 178 000a 1022     		movs	r2, #16
 179 000c 034B     		ldr	r3, .L5+8
 180 000e 1A70     		strb	r2, [r3]
 181              		.loc 1 271 0
 182 0010 7047     		bx	lr
 183              	.L6:
 184 0012 C046     		.align	2
 185              	.L5:
 186 0014 68000640 		.word	1074135144
 187 0018 6C000640 		.word	1074135148
 188 001c 00000000 		.word	I2CS_state
 189              		.cfi_endproc
 190              	.LFE1:
 191              		.size	I2CS_I2CStop, .-I2CS_I2CStop
 192              		.section	.text.I2CS_I2CFwBlockReset,"ax",%progbits
 193              		.align	2
 194              		.global	I2CS_I2CFwBlockReset
 195              		.code	16
 196              		.thumb_func
 197              		.type	I2CS_I2CFwBlockReset, %function
 198              	I2CS_I2CFwBlockReset:
 199              	.LFB2:
 272:Generated_Source\PSoC4/I2CS_I2C.c **** 
 273:Generated_Source\PSoC4/I2CS_I2C.c **** 
 274:Generated_Source\PSoC4/I2CS_I2C.c **** /*******************************************************************************
 275:Generated_Source\PSoC4/I2CS_I2C.c **** * Function Name: I2CS_I2CFwBlockReset
 276:Generated_Source\PSoC4/I2CS_I2C.c **** ****************************************************************************//**
 277:Generated_Source\PSoC4/I2CS_I2C.c **** *
 278:Generated_Source\PSoC4/I2CS_I2C.c **** * Resets the scb IP block and I2C into the known state.
 279:Generated_Source\PSoC4/I2CS_I2C.c **** *
 280:Generated_Source\PSoC4/I2CS_I2C.c **** *******************************************************************************/
 281:Generated_Source\PSoC4/I2CS_I2C.c **** void I2CS_I2CFwBlockReset(void)
 282:Generated_Source\PSoC4/I2CS_I2C.c **** {
ARM GAS  C:\Users\jhkim\AppData\Local\Temp\ccEu0p9S.s 			page 10


 200              		.loc 1 282 0
 201              		.cfi_startproc
 202              		@ args = 0, pretend = 0, frame = 0
 203              		@ frame_needed = 0, uses_anonymous_args = 0
 283:Generated_Source\PSoC4/I2CS_I2C.c ****     /* Disable scb IP: stop respond to I2C traffic */
 284:Generated_Source\PSoC4/I2CS_I2C.c ****     I2CS_CTRL_REG &= (uint32) ~I2CS_CTRL_ENABLED;
 204              		.loc 1 284 0
 205 0000 0E4A     		ldr	r2, .L8
 282:Generated_Source\PSoC4/I2CS_I2C.c ****     /* Disable scb IP: stop respond to I2C traffic */
 206              		.loc 1 282 0
 207 0002 10B5     		push	{r4, lr}
 208              		.cfi_def_cfa_offset 8
 209              		.cfi_offset 4, -8
 210              		.cfi_offset 14, -4
 211              		.loc 1 284 0
 212 0004 1368     		ldr	r3, [r2]
 285:Generated_Source\PSoC4/I2CS_I2C.c **** 
 286:Generated_Source\PSoC4/I2CS_I2C.c ****     /* Clear command registers they are not cleared after scb IP is disabled */
 287:Generated_Source\PSoC4/I2CS_I2C.c ****     I2CS_I2C_MASTER_CMD_REG = 0u;
 213              		.loc 1 287 0
 214 0006 0E49     		ldr	r1, .L8+4
 284:Generated_Source\PSoC4/I2CS_I2C.c **** 
 215              		.loc 1 284 0
 216 0008 5B00     		lsls	r3, r3, #1
 217 000a 5B08     		lsrs	r3, r3, #1
 218 000c 1360     		str	r3, [r2]
 219              		.loc 1 287 0
 220 000e 0023     		movs	r3, #0
 221 0010 0B60     		str	r3, [r1]
 288:Generated_Source\PSoC4/I2CS_I2C.c ****     I2CS_I2C_SLAVE_CMD_REG  = 0u;
 222              		.loc 1 288 0
 223 0012 0C49     		ldr	r1, .L8+8
 289:Generated_Source\PSoC4/I2CS_I2C.c **** 
 290:Generated_Source\PSoC4/I2CS_I2C.c ****     I2CS_DISABLE_AUTO_DATA;
 224              		.loc 1 290 0
 225 0014 0C48     		ldr	r0, .L8+12
 288:Generated_Source\PSoC4/I2CS_I2C.c ****     I2CS_I2C_SLAVE_CMD_REG  = 0u;
 226              		.loc 1 288 0
 227 0016 0B60     		str	r3, [r1]
 228              		.loc 1 290 0
 229 0018 0468     		ldr	r4, [r0]
 230 001a 0C49     		ldr	r1, .L8+16
 291:Generated_Source\PSoC4/I2CS_I2C.c **** 
 292:Generated_Source\PSoC4/I2CS_I2C.c ****     I2CS_SetTxInterruptMode(I2CS_NO_INTR_SOURCES);
 293:Generated_Source\PSoC4/I2CS_I2C.c ****     I2CS_SetRxInterruptMode(I2CS_NO_INTR_SOURCES);
 294:Generated_Source\PSoC4/I2CS_I2C.c ****     
 295:Generated_Source\PSoC4/I2CS_I2C.c **** #if(I2CS_CY_SCBIP_V0)
 296:Generated_Source\PSoC4/I2CS_I2C.c ****     /* Clear interrupt sources as they are not cleared after scb IP is disabled */
 297:Generated_Source\PSoC4/I2CS_I2C.c ****     I2CS_ClearTxInterruptSource    (I2CS_INTR_TX_ALL);
 298:Generated_Source\PSoC4/I2CS_I2C.c ****     I2CS_ClearRxInterruptSource    (I2CS_INTR_RX_ALL);
 299:Generated_Source\PSoC4/I2CS_I2C.c ****     I2CS_ClearSlaveInterruptSource (I2CS_INTR_SLAVE_ALL);
 300:Generated_Source\PSoC4/I2CS_I2C.c ****     I2CS_ClearMasterInterruptSource(I2CS_INTR_MASTER_ALL);
 301:Generated_Source\PSoC4/I2CS_I2C.c **** #endif /* (I2CS_CY_SCBIP_V0) */
 302:Generated_Source\PSoC4/I2CS_I2C.c **** 
 303:Generated_Source\PSoC4/I2CS_I2C.c ****     I2CS_state = I2CS_I2C_FSM_IDLE;
 304:Generated_Source\PSoC4/I2CS_I2C.c **** 
 305:Generated_Source\PSoC4/I2CS_I2C.c ****     /* Enable scb IP: start respond to I2C traffic */
ARM GAS  C:\Users\jhkim\AppData\Local\Temp\ccEu0p9S.s 			page 11


 306:Generated_Source\PSoC4/I2CS_I2C.c ****     I2CS_CTRL_REG |= (uint32) I2CS_CTRL_ENABLED;
 307:Generated_Source\PSoC4/I2CS_I2C.c **** }
 231              		.loc 1 307 0
 232              		@ sp needed
 290:Generated_Source\PSoC4/I2CS_I2C.c **** 
 233              		.loc 1 290 0
 234 001c 2140     		ands	r1, r4
 235 001e 0160     		str	r1, [r0]
 292:Generated_Source\PSoC4/I2CS_I2C.c ****     I2CS_SetRxInterruptMode(I2CS_NO_INTR_SOURCES);
 236              		.loc 1 292 0
 237 0020 0B49     		ldr	r1, .L8+20
 238 0022 0B60     		str	r3, [r1]
 293:Generated_Source\PSoC4/I2CS_I2C.c ****     
 239              		.loc 1 293 0
 240 0024 0B49     		ldr	r1, .L8+24
 241 0026 0B60     		str	r3, [r1]
 303:Generated_Source\PSoC4/I2CS_I2C.c **** 
 242              		.loc 1 303 0
 243 0028 1021     		movs	r1, #16
 244 002a 0B4B     		ldr	r3, .L8+28
 245 002c 1970     		strb	r1, [r3]
 306:Generated_Source\PSoC4/I2CS_I2C.c **** }
 246              		.loc 1 306 0
 247 002e 8021     		movs	r1, #128
 248 0030 1368     		ldr	r3, [r2]
 249 0032 0906     		lsls	r1, r1, #24
 250 0034 0B43     		orrs	r3, r1
 251 0036 1360     		str	r3, [r2]
 252              		.loc 1 307 0
 253 0038 10BD     		pop	{r4, pc}
 254              	.L9:
 255 003a C046     		.align	2
 256              	.L8:
 257 003c 00000640 		.word	1074135040
 258 0040 68000640 		.word	1074135144
 259 0044 6C000640 		.word	1074135148
 260 0048 60000640 		.word	1074135136
 261 004c FF5CFFFF 		.word	-41729
 262 0050 880F0640 		.word	1074139016
 263 0054 C80F0640 		.word	1074139080
 264 0058 00000000 		.word	I2CS_state
 265              		.cfi_endproc
 266              	.LFE2:
 267              		.size	I2CS_I2CFwBlockReset, .-I2CS_I2CFwBlockReset
 268              		.comm	I2CS_state,1,1
 269              		.text
 270              	.Letext0:
 271              		.file 2 "Generated_Source\\PSoC4/cytypes.h"
 272              		.file 3 "Generated_Source\\PSoC4\\I2CS_I2C_PVT.h"
 273              		.file 4 "Generated_Source\\PSoC4/CyLib.h"
 274              		.section	.debug_info,"",%progbits
 275              	.Ldebug_info0:
 276 0000 8B010000 		.4byte	0x18b
 277 0004 0400     		.2byte	0x4
 278 0006 00000000 		.4byte	.Ldebug_abbrev0
 279 000a 04       		.byte	0x4
 280 000b 01       		.uleb128 0x1
ARM GAS  C:\Users\jhkim\AppData\Local\Temp\ccEu0p9S.s 			page 12


 281 000c B2000000 		.4byte	.LASF27
 282 0010 0C       		.byte	0xc
 283 0011 66000000 		.4byte	.LASF28
 284 0015 83010000 		.4byte	.LASF29
 285 0019 00000000 		.4byte	.Ldebug_ranges0+0
 286 001d 00000000 		.4byte	0
 287 0021 00000000 		.4byte	.Ldebug_line0
 288 0025 02       		.uleb128 0x2
 289 0026 01       		.byte	0x1
 290 0027 06       		.byte	0x6
 291 0028 73020000 		.4byte	.LASF0
 292 002c 02       		.uleb128 0x2
 293 002d 01       		.byte	0x1
 294 002e 08       		.byte	0x8
 295 002f 58000000 		.4byte	.LASF1
 296 0033 02       		.uleb128 0x2
 297 0034 02       		.byte	0x2
 298 0035 05       		.byte	0x5
 299 0036 4E020000 		.4byte	.LASF2
 300 003a 02       		.uleb128 0x2
 301 003b 02       		.byte	0x2
 302 003c 07       		.byte	0x7
 303 003d 3F000000 		.4byte	.LASF3
 304 0041 02       		.uleb128 0x2
 305 0042 04       		.byte	0x4
 306 0043 05       		.byte	0x5
 307 0044 58020000 		.4byte	.LASF4
 308 0048 02       		.uleb128 0x2
 309 0049 04       		.byte	0x4
 310 004a 07       		.byte	0x7
 311 004b 9A000000 		.4byte	.LASF5
 312 004f 02       		.uleb128 0x2
 313 0050 08       		.byte	0x8
 314 0051 05       		.byte	0x5
 315 0052 23020000 		.4byte	.LASF6
 316 0056 02       		.uleb128 0x2
 317 0057 08       		.byte	0x8
 318 0058 07       		.byte	0x7
 319 0059 5B010000 		.4byte	.LASF7
 320 005d 03       		.uleb128 0x3
 321 005e 04       		.byte	0x4
 322 005f 05       		.byte	0x5
 323 0060 696E7400 		.ascii	"int\000"
 324 0064 02       		.uleb128 0x2
 325 0065 04       		.byte	0x4
 326 0066 07       		.byte	0x7
 327 0067 4E010000 		.4byte	.LASF8
 328 006b 04       		.uleb128 0x4
 329 006c AC000000 		.4byte	.LASF9
 330 0070 02       		.byte	0x2
 331 0071 D201     		.2byte	0x1d2
 332 0073 2C000000 		.4byte	0x2c
 333 0077 04       		.uleb128 0x4
 334 0078 47010000 		.4byte	.LASF10
 335 007c 02       		.byte	0x2
 336 007d D401     		.2byte	0x1d4
 337 007f 48000000 		.4byte	0x48
ARM GAS  C:\Users\jhkim\AppData\Local\Temp\ccEu0p9S.s 			page 13


 338 0083 02       		.uleb128 0x2
 339 0084 04       		.byte	0x4
 340 0085 04       		.byte	0x4
 341 0086 52000000 		.4byte	.LASF11
 342 008a 02       		.uleb128 0x2
 343 008b 08       		.byte	0x8
 344 008c 04       		.byte	0x4
 345 008d 40010000 		.4byte	.LASF12
 346 0091 02       		.uleb128 0x2
 347 0092 01       		.byte	0x1
 348 0093 08       		.byte	0x8
 349 0094 31020000 		.4byte	.LASF13
 350 0098 05       		.uleb128 0x5
 351 0099 6B000000 		.4byte	0x6b
 352 009d 04       		.uleb128 0x4
 353 009e 61020000 		.4byte	.LASF14
 354 00a2 02       		.byte	0x2
 355 00a3 7E02     		.2byte	0x27e
 356 00a5 A9000000 		.4byte	0xa9
 357 00a9 05       		.uleb128 0x5
 358 00aa 77000000 		.4byte	0x77
 359 00ae 02       		.uleb128 0x2
 360 00af 08       		.byte	0x8
 361 00b0 04       		.byte	0x4
 362 00b1 67020000 		.4byte	.LASF15
 363 00b5 02       		.uleb128 0x2
 364 00b6 04       		.byte	0x4
 365 00b7 07       		.byte	0x7
 366 00b8 1A020000 		.4byte	.LASF16
 367 00bc 06       		.uleb128 0x6
 368 00bd 0D020000 		.4byte	.LASF30
 369 00c1 01       		.byte	0x1
 370 00c2 C1       		.byte	0xc1
 371 00c3 00000000 		.4byte	.LFB0
 372 00c7 C4000000 		.4byte	.LFE0-.LFB0
 373 00cb 01       		.uleb128 0x1
 374 00cc 9C       		.byte	0x9c
 375 00cd 0C010000 		.4byte	0x10c
 376 00d1 07       		.uleb128 0x7
 377 00d2 2C000000 		.4byte	.LVL0
 378 00d6 6D010000 		.4byte	0x16d
 379 00da E4000000 		.4byte	0xe4
 380 00de 08       		.uleb128 0x8
 381 00df 01       		.uleb128 0x1
 382 00e0 50       		.byte	0x50
 383 00e1 01       		.uleb128 0x1
 384 00e2 35       		.byte	0x35
 385 00e3 00       		.byte	0
 386 00e4 07       		.uleb128 0x7
 387 00e5 34000000 		.4byte	.LVL1
 388 00e9 78010000 		.4byte	0x178
 389 00ed FC000000 		.4byte	0xfc
 390 00f1 08       		.uleb128 0x8
 391 00f2 01       		.uleb128 0x1
 392 00f3 50       		.byte	0x50
 393 00f4 01       		.uleb128 0x1
 394 00f5 35       		.byte	0x35
ARM GAS  C:\Users\jhkim\AppData\Local\Temp\ccEu0p9S.s 			page 14


 395 00f6 08       		.uleb128 0x8
 396 00f7 01       		.uleb128 0x1
 397 00f8 51       		.byte	0x51
 398 00f9 01       		.uleb128 0x1
 399 00fa 33       		.byte	0x33
 400 00fb 00       		.byte	0
 401 00fc 09       		.uleb128 0x9
 402 00fd 3C000000 		.4byte	.LVL2
 403 0101 83010000 		.4byte	0x183
 404 0105 08       		.uleb128 0x8
 405 0106 01       		.uleb128 0x1
 406 0107 50       		.byte	0x50
 407 0108 01       		.uleb128 0x1
 408 0109 35       		.byte	0x35
 409 010a 00       		.byte	0
 410 010b 00       		.byte	0
 411 010c 0A       		.uleb128 0xa
 412 010d 0E000000 		.4byte	.LASF17
 413 0111 01       		.byte	0x1
 414 0112 0801     		.2byte	0x108
 415 0114 00000000 		.4byte	.LFB1
 416 0118 20000000 		.4byte	.LFE1-.LFB1
 417 011c 01       		.uleb128 0x1
 418 011d 9C       		.byte	0x9c
 419 011e 0A       		.uleb128 0xa
 420 011f 7F020000 		.4byte	.LASF18
 421 0123 01       		.byte	0x1
 422 0124 1901     		.2byte	0x119
 423 0126 00000000 		.4byte	.LFB2
 424 012a 5C000000 		.4byte	.LFE2-.LFB2
 425 012e 01       		.uleb128 0x1
 426 012f 9C       		.byte	0x9c
 427 0130 0B       		.uleb128 0xb
 428 0131 36020000 		.4byte	.LASF19
 429 0135 01       		.byte	0x1
 430 0136 1B       		.byte	0x1b
 431 0137 98000000 		.4byte	0x98
 432 013b 05       		.uleb128 0x5
 433 013c 03       		.byte	0x3
 434 013d 00000000 		.4byte	I2CS_state
 435 0141 0C       		.uleb128 0xc
 436 0142 00000000 		.4byte	.LASF20
 437 0146 03       		.byte	0x3
 438 0147 21       		.byte	0x21
 439 0148 98000000 		.4byte	0x98
 440 014c 0C       		.uleb128 0xc
 441 014d 88000000 		.4byte	.LASF21
 442 0151 03       		.byte	0x3
 443 0152 26       		.byte	0x26
 444 0153 A9000000 		.4byte	0xa9
 445 0157 0C       		.uleb128 0xc
 446 0158 FB010000 		.4byte	.LASF22
 447 015c 03       		.byte	0x3
 448 015d 2B       		.byte	0x2b
 449 015e A9000000 		.4byte	0xa9
 450 0162 0C       		.uleb128 0xc
 451 0163 1B000000 		.4byte	.LASF23
ARM GAS  C:\Users\jhkim\AppData\Local\Temp\ccEu0p9S.s 			page 15


 452 0167 03       		.byte	0x3
 453 0168 2D       		.byte	0x2d
 454 0169 98000000 		.4byte	0x98
 455 016d 0D       		.uleb128 0xd
 456 016e 41020000 		.4byte	.LASF24
 457 0172 41020000 		.4byte	.LASF24
 458 0176 04       		.byte	0x4
 459 0177 C5       		.byte	0xc5
 460 0178 0D       		.uleb128 0xd
 461 0179 72010000 		.4byte	.LASF25
 462 017d 72010000 		.4byte	.LASF25
 463 0181 04       		.byte	0x4
 464 0182 C0       		.byte	0xc0
 465 0183 0D       		.uleb128 0xd
 466 0184 30000000 		.4byte	.LASF26
 467 0188 30000000 		.4byte	.LASF26
 468 018c 04       		.byte	0x4
 469 018d BD       		.byte	0xbd
 470 018e 00       		.byte	0
 471              		.section	.debug_abbrev,"",%progbits
 472              	.Ldebug_abbrev0:
 473 0000 01       		.uleb128 0x1
 474 0001 11       		.uleb128 0x11
 475 0002 01       		.byte	0x1
 476 0003 25       		.uleb128 0x25
 477 0004 0E       		.uleb128 0xe
 478 0005 13       		.uleb128 0x13
 479 0006 0B       		.uleb128 0xb
 480 0007 03       		.uleb128 0x3
 481 0008 0E       		.uleb128 0xe
 482 0009 1B       		.uleb128 0x1b
 483 000a 0E       		.uleb128 0xe
 484 000b 55       		.uleb128 0x55
 485 000c 17       		.uleb128 0x17
 486 000d 11       		.uleb128 0x11
 487 000e 01       		.uleb128 0x1
 488 000f 10       		.uleb128 0x10
 489 0010 17       		.uleb128 0x17
 490 0011 00       		.byte	0
 491 0012 00       		.byte	0
 492 0013 02       		.uleb128 0x2
 493 0014 24       		.uleb128 0x24
 494 0015 00       		.byte	0
 495 0016 0B       		.uleb128 0xb
 496 0017 0B       		.uleb128 0xb
 497 0018 3E       		.uleb128 0x3e
 498 0019 0B       		.uleb128 0xb
 499 001a 03       		.uleb128 0x3
 500 001b 0E       		.uleb128 0xe
 501 001c 00       		.byte	0
 502 001d 00       		.byte	0
 503 001e 03       		.uleb128 0x3
 504 001f 24       		.uleb128 0x24
 505 0020 00       		.byte	0
 506 0021 0B       		.uleb128 0xb
 507 0022 0B       		.uleb128 0xb
 508 0023 3E       		.uleb128 0x3e
ARM GAS  C:\Users\jhkim\AppData\Local\Temp\ccEu0p9S.s 			page 16


 509 0024 0B       		.uleb128 0xb
 510 0025 03       		.uleb128 0x3
 511 0026 08       		.uleb128 0x8
 512 0027 00       		.byte	0
 513 0028 00       		.byte	0
 514 0029 04       		.uleb128 0x4
 515 002a 16       		.uleb128 0x16
 516 002b 00       		.byte	0
 517 002c 03       		.uleb128 0x3
 518 002d 0E       		.uleb128 0xe
 519 002e 3A       		.uleb128 0x3a
 520 002f 0B       		.uleb128 0xb
 521 0030 3B       		.uleb128 0x3b
 522 0031 05       		.uleb128 0x5
 523 0032 49       		.uleb128 0x49
 524 0033 13       		.uleb128 0x13
 525 0034 00       		.byte	0
 526 0035 00       		.byte	0
 527 0036 05       		.uleb128 0x5
 528 0037 35       		.uleb128 0x35
 529 0038 00       		.byte	0
 530 0039 49       		.uleb128 0x49
 531 003a 13       		.uleb128 0x13
 532 003b 00       		.byte	0
 533 003c 00       		.byte	0
 534 003d 06       		.uleb128 0x6
 535 003e 2E       		.uleb128 0x2e
 536 003f 01       		.byte	0x1
 537 0040 3F       		.uleb128 0x3f
 538 0041 19       		.uleb128 0x19
 539 0042 03       		.uleb128 0x3
 540 0043 0E       		.uleb128 0xe
 541 0044 3A       		.uleb128 0x3a
 542 0045 0B       		.uleb128 0xb
 543 0046 3B       		.uleb128 0x3b
 544 0047 0B       		.uleb128 0xb
 545 0048 27       		.uleb128 0x27
 546 0049 19       		.uleb128 0x19
 547 004a 11       		.uleb128 0x11
 548 004b 01       		.uleb128 0x1
 549 004c 12       		.uleb128 0x12
 550 004d 06       		.uleb128 0x6
 551 004e 40       		.uleb128 0x40
 552 004f 18       		.uleb128 0x18
 553 0050 9742     		.uleb128 0x2117
 554 0052 19       		.uleb128 0x19
 555 0053 01       		.uleb128 0x1
 556 0054 13       		.uleb128 0x13
 557 0055 00       		.byte	0
 558 0056 00       		.byte	0
 559 0057 07       		.uleb128 0x7
 560 0058 898201   		.uleb128 0x4109
 561 005b 01       		.byte	0x1
 562 005c 11       		.uleb128 0x11
 563 005d 01       		.uleb128 0x1
 564 005e 31       		.uleb128 0x31
 565 005f 13       		.uleb128 0x13
ARM GAS  C:\Users\jhkim\AppData\Local\Temp\ccEu0p9S.s 			page 17


 566 0060 01       		.uleb128 0x1
 567 0061 13       		.uleb128 0x13
 568 0062 00       		.byte	0
 569 0063 00       		.byte	0
 570 0064 08       		.uleb128 0x8
 571 0065 8A8201   		.uleb128 0x410a
 572 0068 00       		.byte	0
 573 0069 02       		.uleb128 0x2
 574 006a 18       		.uleb128 0x18
 575 006b 9142     		.uleb128 0x2111
 576 006d 18       		.uleb128 0x18
 577 006e 00       		.byte	0
 578 006f 00       		.byte	0
 579 0070 09       		.uleb128 0x9
 580 0071 898201   		.uleb128 0x4109
 581 0074 01       		.byte	0x1
 582 0075 11       		.uleb128 0x11
 583 0076 01       		.uleb128 0x1
 584 0077 31       		.uleb128 0x31
 585 0078 13       		.uleb128 0x13
 586 0079 00       		.byte	0
 587 007a 00       		.byte	0
 588 007b 0A       		.uleb128 0xa
 589 007c 2E       		.uleb128 0x2e
 590 007d 00       		.byte	0
 591 007e 3F       		.uleb128 0x3f
 592 007f 19       		.uleb128 0x19
 593 0080 03       		.uleb128 0x3
 594 0081 0E       		.uleb128 0xe
 595 0082 3A       		.uleb128 0x3a
 596 0083 0B       		.uleb128 0xb
 597 0084 3B       		.uleb128 0x3b
 598 0085 05       		.uleb128 0x5
 599 0086 27       		.uleb128 0x27
 600 0087 19       		.uleb128 0x19
 601 0088 11       		.uleb128 0x11
 602 0089 01       		.uleb128 0x1
 603 008a 12       		.uleb128 0x12
 604 008b 06       		.uleb128 0x6
 605 008c 40       		.uleb128 0x40
 606 008d 18       		.uleb128 0x18
 607 008e 9742     		.uleb128 0x2117
 608 0090 19       		.uleb128 0x19
 609 0091 00       		.byte	0
 610 0092 00       		.byte	0
 611 0093 0B       		.uleb128 0xb
 612 0094 34       		.uleb128 0x34
 613 0095 00       		.byte	0
 614 0096 03       		.uleb128 0x3
 615 0097 0E       		.uleb128 0xe
 616 0098 3A       		.uleb128 0x3a
 617 0099 0B       		.uleb128 0xb
 618 009a 3B       		.uleb128 0x3b
 619 009b 0B       		.uleb128 0xb
 620 009c 49       		.uleb128 0x49
 621 009d 13       		.uleb128 0x13
 622 009e 3F       		.uleb128 0x3f
ARM GAS  C:\Users\jhkim\AppData\Local\Temp\ccEu0p9S.s 			page 18


 623 009f 19       		.uleb128 0x19
 624 00a0 02       		.uleb128 0x2
 625 00a1 18       		.uleb128 0x18
 626 00a2 00       		.byte	0
 627 00a3 00       		.byte	0
 628 00a4 0C       		.uleb128 0xc
 629 00a5 34       		.uleb128 0x34
 630 00a6 00       		.byte	0
 631 00a7 03       		.uleb128 0x3
 632 00a8 0E       		.uleb128 0xe
 633 00a9 3A       		.uleb128 0x3a
 634 00aa 0B       		.uleb128 0xb
 635 00ab 3B       		.uleb128 0x3b
 636 00ac 0B       		.uleb128 0xb
 637 00ad 49       		.uleb128 0x49
 638 00ae 13       		.uleb128 0x13
 639 00af 3F       		.uleb128 0x3f
 640 00b0 19       		.uleb128 0x19
 641 00b1 3C       		.uleb128 0x3c
 642 00b2 19       		.uleb128 0x19
 643 00b3 00       		.byte	0
 644 00b4 00       		.byte	0
 645 00b5 0D       		.uleb128 0xd
 646 00b6 2E       		.uleb128 0x2e
 647 00b7 00       		.byte	0
 648 00b8 3F       		.uleb128 0x3f
 649 00b9 19       		.uleb128 0x19
 650 00ba 3C       		.uleb128 0x3c
 651 00bb 19       		.uleb128 0x19
 652 00bc 6E       		.uleb128 0x6e
 653 00bd 0E       		.uleb128 0xe
 654 00be 03       		.uleb128 0x3
 655 00bf 0E       		.uleb128 0xe
 656 00c0 3A       		.uleb128 0x3a
 657 00c1 0B       		.uleb128 0xb
 658 00c2 3B       		.uleb128 0x3b
 659 00c3 0B       		.uleb128 0xb
 660 00c4 00       		.byte	0
 661 00c5 00       		.byte	0
 662 00c6 00       		.byte	0
 663              		.section	.debug_aranges,"",%progbits
 664 0000 2C000000 		.4byte	0x2c
 665 0004 0200     		.2byte	0x2
 666 0006 00000000 		.4byte	.Ldebug_info0
 667 000a 04       		.byte	0x4
 668 000b 00       		.byte	0
 669 000c 0000     		.2byte	0
 670 000e 0000     		.2byte	0
 671 0010 00000000 		.4byte	.LFB0
 672 0014 C4000000 		.4byte	.LFE0-.LFB0
 673 0018 00000000 		.4byte	.LFB1
 674 001c 20000000 		.4byte	.LFE1-.LFB1
 675 0020 00000000 		.4byte	.LFB2
 676 0024 5C000000 		.4byte	.LFE2-.LFB2
 677 0028 00000000 		.4byte	0
 678 002c 00000000 		.4byte	0
 679              		.section	.debug_ranges,"",%progbits
ARM GAS  C:\Users\jhkim\AppData\Local\Temp\ccEu0p9S.s 			page 19


 680              	.Ldebug_ranges0:
 681 0000 00000000 		.4byte	.LFB0
 682 0004 C4000000 		.4byte	.LFE0
 683 0008 00000000 		.4byte	.LFB1
 684 000c 20000000 		.4byte	.LFE1
 685 0010 00000000 		.4byte	.LFB2
 686 0014 5C000000 		.4byte	.LFE2
 687 0018 00000000 		.4byte	0
 688 001c 00000000 		.4byte	0
 689              		.section	.debug_line,"",%progbits
 690              	.Ldebug_line0:
 691 0000 E9000000 		.section	.debug_str,"MS",%progbits,1
 691      02006200 
 691      00000201 
 691      FB0E0D00 
 691      01010101 
 692              	.LASF20:
 693 0000 49324353 		.ascii	"I2CS_slStatus\000"
 693      5F736C53 
 693      74617475 
 693      7300
 694              	.LASF17:
 695 000e 49324353 		.ascii	"I2CS_I2CStop\000"
 695      5F493243 
 695      53746F70 
 695      00
 696              	.LASF23:
 697 001b 49324353 		.ascii	"I2CS_slOverFlowCount\000"
 697      5F736C4F 
 697      76657246 
 697      6C6F7743 
 697      6F756E74 
 698              	.LASF26:
 699 0030 4379496E 		.ascii	"CyIntSetVector\000"
 699      74536574 
 699      56656374 
 699      6F7200
 700              	.LASF3:
 701 003f 73686F72 		.ascii	"short unsigned int\000"
 701      7420756E 
 701      7369676E 
 701      65642069 
 701      6E7400
 702              	.LASF11:
 703 0052 666C6F61 		.ascii	"float\000"
 703      7400
 704              	.LASF1:
 705 0058 756E7369 		.ascii	"unsigned char\000"
 705      676E6564 
 705      20636861 
 705      7200
 706              	.LASF28:
 707 0066 47656E65 		.ascii	"Generated_Source\\PSoC4\\I2CS_I2C.c\000"
 707      72617465 
 707      645F536F 
 707      75726365 
 707      5C50536F 
ARM GAS  C:\Users\jhkim\AppData\Local\Temp\ccEu0p9S.s 			page 20


 708              	.LASF21:
 709 0088 49324353 		.ascii	"I2CS_slWrBufIndex\000"
 709      5F736C57 
 709      72427566 
 709      496E6465 
 709      7800
 710              	.LASF5:
 711 009a 6C6F6E67 		.ascii	"long unsigned int\000"
 711      20756E73 
 711      69676E65 
 711      6420696E 
 711      7400
 712              	.LASF9:
 713 00ac 75696E74 		.ascii	"uint8\000"
 713      3800
 714              	.LASF27:
 715 00b2 474E5520 		.ascii	"GNU C11 5.4.1 20160609 (release) [ARM/embedded-5-br"
 715      43313120 
 715      352E342E 
 715      31203230 
 715      31363036 
 716 00e5 616E6368 		.ascii	"anch revision 237715] -mcpu=cortex-m0 -mthumb -g -O"
 716      20726576 
 716      6973696F 
 716      6E203233 
 716      37373135 
 717 0118 33202D66 		.ascii	"3 -ffunction-sections -ffat-lto-objects\000"
 717      66756E63 
 717      74696F6E 
 717      2D736563 
 717      74696F6E 
 718              	.LASF12:
 719 0140 646F7562 		.ascii	"double\000"
 719      6C6500
 720              	.LASF10:
 721 0147 75696E74 		.ascii	"uint32\000"
 721      333200
 722              	.LASF8:
 723 014e 756E7369 		.ascii	"unsigned int\000"
 723      676E6564 
 723      20696E74 
 723      00
 724              	.LASF7:
 725 015b 6C6F6E67 		.ascii	"long long unsigned int\000"
 725      206C6F6E 
 725      6720756E 
 725      7369676E 
 725      65642069 
 726              	.LASF25:
 727 0172 4379496E 		.ascii	"CyIntSetPriority\000"
 727      74536574 
 727      5072696F 
 727      72697479 
 727      00
 728              	.LASF29:
 729 0183 433A5C55 		.ascii	"C:\\Users\\jhkim\\Desktop\\samplecode\\(NowC302)A1_"
 729      73657273 
ARM GAS  C:\Users\jhkim\AppData\Local\Temp\ccEu0p9S.s 			page 21


 729      5C6A686B 
 729      696D5C44 
 729      65736B74 
 730 01b1 476C6F62 		.ascii	"Global_Multi_Creator4.1_hawkeye\\CapSense_CSD_P4_Ex"
 730      616C5F4D 
 730      756C7469 
 730      5F437265 
 730      61746F72 
 731 01e3 616D706C 		.ascii	"ample_WithTuner01.cydsn\000"
 731      655F5769 
 731      74685475 
 731      6E657230 
 731      312E6379 
 732              	.LASF22:
 733 01fb 49324353 		.ascii	"I2CS_slRdBufIndex\000"
 733      5F736C52 
 733      64427566 
 733      496E6465 
 733      7800
 734              	.LASF30:
 735 020d 49324353 		.ascii	"I2CS_I2CInit\000"
 735      5F493243 
 735      496E6974 
 735      00
 736              	.LASF16:
 737 021a 73697A65 		.ascii	"sizetype\000"
 737      74797065 
 737      00
 738              	.LASF6:
 739 0223 6C6F6E67 		.ascii	"long long int\000"
 739      206C6F6E 
 739      6720696E 
 739      7400
 740              	.LASF13:
 741 0231 63686172 		.ascii	"char\000"
 741      00
 742              	.LASF19:
 743 0236 49324353 		.ascii	"I2CS_state\000"
 743      5F737461 
 743      746500
 744              	.LASF24:
 745 0241 4379496E 		.ascii	"CyIntDisable\000"
 745      74446973 
 745      61626C65 
 745      00
 746              	.LASF2:
 747 024e 73686F72 		.ascii	"short int\000"
 747      7420696E 
 747      7400
 748              	.LASF4:
 749 0258 6C6F6E67 		.ascii	"long int\000"
 749      20696E74 
 749      00
 750              	.LASF14:
 751 0261 72656733 		.ascii	"reg32\000"
 751      3200
 752              	.LASF15:
ARM GAS  C:\Users\jhkim\AppData\Local\Temp\ccEu0p9S.s 			page 22


 753 0267 6C6F6E67 		.ascii	"long double\000"
 753      20646F75 
 753      626C6500 
 754              	.LASF0:
 755 0273 7369676E 		.ascii	"signed char\000"
 755      65642063 
 755      68617200 
 756              	.LASF18:
 757 027f 49324353 		.ascii	"I2CS_I2CFwBlockReset\000"
 757      5F493243 
 757      4677426C 
 757      6F636B52 
 757      65736574 
 758              		.ident	"GCC: (GNU Tools for ARM Embedded Processors) 5.4.1 20160609 (release) [ARM/embedded-5-bran
