--------------- Build Started: 07/16/2021 14:20:31 Project: CapSense_CSD_P4_Example_WithTuner01, Configuration: ARM GCC 5.4-2016-q2-update Debug ---------------
cydsfit.exe -.appdatapath "C:\Users\young\AppData\Local\Cypress Semiconductor\PSoC Creator\4.4" -.fdsnotice -.fdswarpdepfile=warp_dependencies.txt -.fdselabdepfile=elab_dependencies.txt -.fdsbldfile=generated_files.txt -.fdsreffile=referenced_files.txt -p C:\Users\Public\touch\(NowC302)A1_Global_Multi_Creator4.1_hawkeye\CapSense_CSD_P4_Example_WithTuner01.cydsn\CapSense_CSD_P4_Example_WithTuner01.cyprj -d CY8C4014LQI-422 -s C:\Users\Public\touch\(NowC302)A1_Global_Multi_Creator4.1_hawkeye\CapSense_CSD_P4_Example_WithTuner01.cydsn\Generated_Source\PSoC4 -- -yv2 -q10 -ygs -o2 -v3 -.fftcfgtype=LE
Elaborating Design...
HDL Generation...
Synthesis...
Tech Mapping...
ADD: pft.M0040: information: The following 3 pin(s) will be assigned a location by the fitter: UnUsedPin_14(0), UnUsedPin_15(0), UnUsedPin_16(0)
Analog Placement...
Analog Routing...
Analog Code Generation...
Digital Placement...
Digital Routing...
Bitstream Generation...
Bitstream Verification...
Static timing analysis...
API Generation...
Dependency Generation...
Cleanup...
arm-none-eabi-gcc.exe -mcpu=cortex-m0 -mthumb -I. -IGenerated_Source\PSoC4 -Wa,-alh=.\CortexM0\ARM_GCC_541\Debug/CapSense_CSHL.lst -g -D DEBUG -Wall -ffunction-sections -ffat-lto-objects -O3 -c Generated_Source\PSoC4\CapSense_CSHL.c -o .\CortexM0\ARM_GCC_541\Debug\CapSense_CSHL.o
arm-none-eabi-ar.exe -rs .\CortexM0\ARM_GCC_541\Debug\CapSense_CSD_P4_Example_WithTuner01.a .\CortexM0\ARM_GCC_541\Debug\CyFlash.o .\CortexM0\ARM_GCC_541\Debug\CyLib.o .\CortexM0\ARM_GCC_541\Debug\cyPm.o .\CortexM0\ARM_GCC_541\Debug\cyutils.o .\CortexM0\ARM_GCC_541\Debug\CyLFClk.o .\CortexM0\ARM_GCC_541\Debug\CapSense.o .\CortexM0\ARM_GCC_541\Debug\CapSense_PM.o .\CortexM0\ARM_GCC_541\Debug\CapSense_CSHL.o .\CortexM0\ARM_GCC_541\Debug\CapSense_INT.o .\CortexM0\ARM_GCC_541\Debug\CapSense_TunerHelper.o .\CortexM0\ARM_GCC_541\Debug\CapSense_SenseClk.o .\CortexM0\ARM_GCC_541\Debug\CapSense_SampleClk.o .\CortexM0\ARM_GCC_541\Debug\isr_WDT.o .\CortexM0\ARM_GCC_541\Debug\Pin_Power.o .\CortexM0\ARM_GCC_541\Debug\Pin_Power_PM.o .\CortexM0\ARM_GCC_541\Debug\hawkeye_clk.o .\CortexM0\ARM_GCC_541\Debug\hawkeye_data.o .\CortexM0\ARM_GCC_541\Debug\Timer_1.o .\CortexM0\ARM_GCC_541\Debug\Timer_1_PM.o .\CortexM0\ARM_GCC_541\Debug\Clock_1.o .\CortexM0\ARM_GCC_541\Debug\TC_CC_ISR.o .\CortexM0\ARM_GCC_541\Debug\UnUsedPin_18.o .\CortexM0\ARM_GCC_541\Debug\UnUsedPin_18_PM.o .\CortexM0\ARM_GCC_541\Debug\UnUsedPin_10.o .\CortexM0\ARM_GCC_541\Debug\UnUsedPin_10_PM.o .\CortexM0\ARM_GCC_541\Debug\UnUsedPin_9.o .\CortexM0\ARM_GCC_541\Debug\UnUsedPin_9_PM.o .\CortexM0\ARM_GCC_541\Debug\cy_em_eeprom.o .\CortexM0\ARM_GCC_541\Debug\UnUsedPin_16.o .\CortexM0\ARM_GCC_541\Debug\UnUsedPin_16_PM.o .\CortexM0\ARM_GCC_541\Debug\UnUsedPin_14.o .\CortexM0\ARM_GCC_541\Debug\UnUsedPin_14_PM.o .\CortexM0\ARM_GCC_541\Debug\UnUsedPin_15.o .\CortexM0\ARM_GCC_541\Debug\UnUsedPin_15_PM.o .\CortexM0\ARM_GCC_541\Debug\CyBootAsmGnu.o
arm-none-eabi-ar.exe: creating .\CortexM0\ARM_GCC_541\Debug\CapSense_CSD_P4_Example_WithTuner01.a
arm-none-eabi-gcc.exe -Wl,--start-group -o C:\Users\Public\touch\(NowC302)A1_Global_Multi_Creator4.1_hawkeye\CapSense_CSD_P4_Example_WithTuner01.cydsn\CortexM0\ARM_GCC_541\Debug\CapSense_CSD_P4_Example_WithTuner01.elf .\CortexM0\ARM_GCC_541\Debug\main.o .\CortexM0\ARM_GCC_541\Debug\hawkeye.o .\CortexM0\ARM_GCC_541\Debug\cyfitter_cfg.o .\CortexM0\ARM_GCC_541\Debug\cymetadata.o .\CortexM0\ARM_GCC_541\Debug\Cm0Start.o .\CortexM0\ARM_GCC_541\Debug\CapSense_CSD_P4_Example_WithTuner01.a "C:\Program Files (x86)\Cypress\PSoC Creator\4.4\PSoC Creator\psoc\content\CyComponentLibrary\CyComponentLibrary.cylib\CapSense_CSD_P4_v2_60\PSoC4\Library\CapsenseP4Library_GCC.a" -mcpu=cortex-m0 -mthumb -L Generated_Source\PSoC4 -Wl,-Map,.\CortexM0\ARM_GCC_541\Debug/CapSense_CSD_P4_Example_WithTuner01.map -T Generated_Source\PSoC4\cm0gcc.ld -specs=nano.specs -Wl,--gc-sections -Wl,--section-start=.EEPROMDATA=0x00003fc0 -g -ffunction-sections -O3 -ffat-lto-objects -Wl,--end-group
cyelftool.exe -C C:\Users\Public\touch\(NowC302)A1_Global_Multi_Creator4.1_hawkeye\CapSense_CSD_P4_Example_WithTuner01.cydsn\CortexM0\ARM_GCC_541\Debug\CapSense_CSD_P4_Example_WithTuner01.elf --flash_row_size 64 --flash_size 16384 --flash_offset 0x00000000
No ELF section .cychecksum found, creating one
Application checksum calculated and stored in ELF section .cychecksum
Checksum calculated and stored in ELF section .cymeta
cyelftool.exe -S C:\Users\Public\touch\(NowC302)A1_Global_Multi_Creator4.1_hawkeye\CapSense_CSD_P4_Example_WithTuner01.cydsn\CortexM0\ARM_GCC_541\Debug\CapSense_CSD_P4_Example_WithTuner01.elf
Flash used: 5016 of 16384 bytes (30.6%).
SRAM used: 1292 of 2048 bytes (63.1%). Stack: 512 bytes. Heap: 128 bytes.
--------------- Build Succeeded: 07/16/2021 14:20:45 ---------------
