--------------- Clean Started: 10/10/2019 18:02:31 Project: CapSense_CSD_P4_Example_WithTuner01, Configuration: ARM GCC 5.4-2016-q2-update Debug ---------------
Deleting file ".\CortexM0\ARM_GCC_541\Debug\main.o"
Deleting file ".\CortexM0\ARM_GCC_541\Debug\hawkeye.o"
Deleting file ".\CortexM0\ARM_GCC_541\Debug\cyfitter_cfg.o"
Deleting file ".\CortexM0\ARM_GCC_541\Debug\cymetadata.o"
Deleting file ".\CortexM0\ARM_GCC_541\Debug\Cm0Start.o"
Deleting file ".\CortexM0\ARM_GCC_541\Debug\CyBootAsmGnu.o"
Deleting file ".\CortexM0\ARM_GCC_541\Debug\CyFlash.o"
Deleting file ".\CortexM0\ARM_GCC_541\Debug\CyLib.o"
Deleting file ".\CortexM0\ARM_GCC_541\Debug\cyPm.o"
Deleting file ".\CortexM0\ARM_GCC_541\Debug\cyutils.o"
Deleting file ".\CortexM0\ARM_GCC_541\Debug\CyLFClk.o"
Deleting file ".\CortexM0\ARM_GCC_541\Debug\CapSense.o"
Deleting file ".\CortexM0\ARM_GCC_541\Debug\CapSense_PM.o"
Deleting file ".\CortexM0\ARM_GCC_541\Debug\CapSense_CSHL.o"
Deleting file ".\CortexM0\ARM_GCC_541\Debug\CapSense_INT.o"
Deleting file ".\CortexM0\ARM_GCC_541\Debug\CapSense_TunerHelper.o"
Deleting file ".\CortexM0\ARM_GCC_541\Debug\CapSense_SenseClk.o"
Deleting file ".\CortexM0\ARM_GCC_541\Debug\CapSense_SampleClk.o"
Deleting file ".\CortexM0\ARM_GCC_541\Debug\isr_WDT.o"
Deleting file ".\CortexM0\ARM_GCC_541\Debug\Em_EEPROM.o"
Deleting file ".\CortexM0\ARM_GCC_541\Debug\Pin_Power.o"
Deleting file ".\CortexM0\ARM_GCC_541\Debug\Pin_Power_PM.o"
Deleting file ".\CortexM0\ARM_GCC_541\Debug\hawkeye_clk.o"
Deleting file ".\CortexM0\ARM_GCC_541\Debug\hawkeye_data.o"
Deleting file ".\CortexM0\ARM_GCC_541\Debug\EZI2C.o"
Deleting file ".\CortexM0\ARM_GCC_541\Debug\EZI2C_PM.o"
Deleting file ".\CortexM0\ARM_GCC_541\Debug\EZI2C_BOOT.o"
Deleting file ".\CortexM0\ARM_GCC_541\Debug\EZI2C_EZI2C.o"
Deleting file ".\CortexM0\ARM_GCC_541\Debug\EZI2C_EZI2C_INT.o"
Deleting file ".\CortexM0\ARM_GCC_541\Debug\EZI2C_EZI2C_BOOT.o"
Deleting file ".\CortexM0\ARM_GCC_541\Debug\EZI2C_SCBCLK.o"
Deleting file ".\CortexM0\ARM_GCC_541\Debug\EZI2C_sda.o"
Deleting file ".\CortexM0\ARM_GCC_541\Debug\EZI2C_sda_PM.o"
Deleting file ".\CortexM0\ARM_GCC_541\Debug\EZI2C_scl.o"
Deleting file ".\CortexM0\ARM_GCC_541\Debug\EZI2C_scl_PM.o"
Deleting file ".\CortexM0\ARM_GCC_541\Debug\EZI2C_SCB_IRQ.o"
Deleting file ".\CortexM0\ARM_GCC_541\Debug\Timer_1.o"
Deleting file ".\CortexM0\ARM_GCC_541\Debug\Timer_1_PM.o"
Deleting file ".\CortexM0\ARM_GCC_541\Debug\Clock_1.o"
Deleting file ".\CortexM0\ARM_GCC_541\Debug\TC_CC_ISR.o"
Deleting file ".\CortexM0\ARM_GCC_541\Debug\UnUsedPin_10.o"
Deleting file ".\CortexM0\ARM_GCC_541\Debug\UnUsedPin_10_PM.o"
Deleting file ".\CortexM0\ARM_GCC_541\Debug\UnUsedPin_9.o"
Deleting file ".\CortexM0\ARM_GCC_541\Debug\UnUsedPin_9_PM.o"
Deleting file ".\CortexM0\ARM_GCC_541\Debug\UnUsedPin_4.o"
Deleting file ".\CortexM0\ARM_GCC_541\Debug\UnUsedPin_4_PM.o"
Deleting file ".\CortexM0\ARM_GCC_541\Debug\CapSense_CSD_P4_Example_WithTuner01.elf"
Deleting file ".\CortexM0\ARM_GCC_541\Debug\CapSense_CSD_P4_Example_WithTuner01.map"
Deleting file ".\CapSense_CSD_P4_Example_WithTuner01.cycdx"
Deleting file ".\CapSense_CSD_P4_Example_WithTuner01.rpt"
Deleting file ".\CortexM0\ARM_GCC_541\Debug\.deps\SOURCE_C__ARM_GCC_GENERIC.P"
Deleting file ".\CortexM0\ARM_GCC_541\Debug\.deps\SOURCE_ASM__ARM_GCC_GENERIC.P"
--------------- Clean Succeeded: 10/10/2019 18:02:31 ---------------
