--------------- Rebuild Started: 11/19/2020 21:11:20 Project: CapSense_CSD_P4_Example_WithTuner01, Configuration: ARM GCC 5.4-2016-q2-update Debug ---------------
Deleting file ".\CortexM0\ARM_GCC_541\Debug\main.o"
Deleting file ".\CortexM0\ARM_GCC_541\Debug\hawkeye.o"
Deleting file ".\CortexM0\ARM_GCC_541\Debug\cyfitter_cfg.o"
Deleting file ".\CortexM0\ARM_GCC_541\Debug\cymetadata.o"
Deleting file ".\CortexM0\ARM_GCC_541\Debug\Cm0Start.o"
Deleting file ".\CortexM0\ARM_GCC_541\Debug\CyBootAsmGnu.o"
Deleting file ".\CortexM0\ARM_GCC_541\Debug\CyFlash.o"
Deleting file ".\CortexM0\ARM_GCC_541\Debug\CyLib.o"
Deleting file ".\CortexM0\ARM_GCC_541\Debug\cyPm.o"
Deleting file ".\CortexM0\ARM_GCC_541\Debug\cyutils.o"
Deleting file ".\CortexM0\ARM_GCC_541\Debug\CyLFClk.o"
Deleting file ".\CortexM0\ARM_GCC_541\Debug\CapSense.o"
Deleting file ".\CortexM0\ARM_GCC_541\Debug\CapSense_PM.o"
Deleting file ".\CortexM0\ARM_GCC_541\Debug\CapSense_CSHL.o"
Deleting file ".\CortexM0\ARM_GCC_541\Debug\CapSense_INT.o"
Deleting file ".\CortexM0\ARM_GCC_541\Debug\CapSense_TunerHelper.o"
Deleting file ".\CortexM0\ARM_GCC_541\Debug\CapSense_SenseClk.o"
Deleting file ".\CortexM0\ARM_GCC_541\Debug\CapSense_SampleClk.o"
Deleting file ".\CortexM0\ARM_GCC_541\Debug\isr_WDT.o"
Deleting file ".\CortexM0\ARM_GCC_541\Debug\Em_EEPROM.o"
Deleting file ".\CortexM0\ARM_GCC_541\Debug\I2CS.o"
Deleting file ".\CortexM0\ARM_GCC_541\Debug\I2CS_I2C_INT.o"
Deleting file ".\CortexM0\ARM_GCC_541\Debug\I2CS_I2C.o"
Deleting file ".\CortexM0\ARM_GCC_541\Debug\I2CS_I2C_BOOT.o"
Deleting file ".\CortexM0\ARM_GCC_541\Debug\I2CS_I2C_SLAVE.o"
Deleting file ".\CortexM0\ARM_GCC_541\Debug\I2CS_PM.o"
Deleting file ".\CortexM0\ARM_GCC_541\Debug\I2CS_BOOT.o"
Deleting file ".\CortexM0\ARM_GCC_541\Debug\I2CS_SCBCLK.o"
Deleting file ".\CortexM0\ARM_GCC_541\Debug\I2CS_sda.o"
Deleting file ".\CortexM0\ARM_GCC_541\Debug\I2CS_sda_PM.o"
Deleting file ".\CortexM0\ARM_GCC_541\Debug\I2CS_scl.o"
Deleting file ".\CortexM0\ARM_GCC_541\Debug\I2CS_scl_PM.o"
Deleting file ".\CortexM0\ARM_GCC_541\Debug\I2CS_SCB_IRQ.o"
Deleting file ".\CortexM0\ARM_GCC_541\Debug\Pin_Power.o"
Deleting file ".\CortexM0\ARM_GCC_541\Debug\Pin_Power_PM.o"
Deleting file ".\CortexM0\ARM_GCC_541\Debug\hawkeye_clk.o"
Deleting file ".\CortexM0\ARM_GCC_541\Debug\hawkeye_data.o"
Deleting file ".\CortexM0\ARM_GCC_541\Debug\Timer_1.o"
Deleting file ".\CortexM0\ARM_GCC_541\Debug\Timer_1_PM.o"
Deleting file ".\CortexM0\ARM_GCC_541\Debug\Clock_1.o"
Deleting file ".\CortexM0\ARM_GCC_541\Debug\TC_CC_ISR.o"
Deleting file ".\CortexM0\ARM_GCC_541\Debug\UnUsedPin_10.o"
Deleting file ".\CortexM0\ARM_GCC_541\Debug\UnUsedPin_10_PM.o"
Deleting file ".\CortexM0\ARM_GCC_541\Debug\UnUsedPin_9.o"
Deleting file ".\CortexM0\ARM_GCC_541\Debug\UnUsedPin_9_PM.o"
Deleting file ".\CortexM0\ARM_GCC_541\Debug\UnUsedPin_4.o"
Deleting file ".\CortexM0\ARM_GCC_541\Debug\UnUsedPin_4_PM.o"
Deleting file ".\CortexM0\ARM_GCC_541\Debug\CapSense_CSD_P4_Example_WithTuner01.hex"
Deleting file ".\CortexM0\ARM_GCC_541\Debug\CapSense_CSD_P4_Example_WithTuner01.elf"
Deleting file ".\CortexM0\ARM_GCC_541\Debug\CapSense_CSD_P4_Example_WithTuner01.map"
Deleting file ".\CapSense_CSD_P4_Example_WithTuner01.cycdx"
Deleting file ".\CapSense_CSD_P4_Example_WithTuner01.rpt"
Deleting file ".\CortexM0\ARM_GCC_541\Debug\.deps\SOURCE_C__ARM_GCC_GENERIC.P"
Deleting file ".\CortexM0\ARM_GCC_541\Debug\.deps\SOURCE_ASM__ARM_GCC_GENERIC.P"
cydsfit.exe -.appdatapath "C:\Users\jhkim\AppData\Local\Cypress Semiconductor\PSoC Creator\4.1" -.fdsnotice -.fdswarpdepfile=warp_dependencies.txt -.fdselabdepfile=elab_dependencies.txt -.fdsbldfile=generated_files.txt -.fdsreffile=referenced_files.txt -p "C:\Dropbox (TECHREIN)\jhkim\Washer\2020\A1_Globla_Multi(WF8800A)\Code\(NowC302)A1_Global_Multi_Creator4.1\CapSense_CSD_P4_Example_WithTuner01.cydsn\CapSense_CSD_P4_Example_WithTuner01.cyprj" -d CY8C4014LQI-422 -s "C:\Dropbox (TECHREIN)\jhkim\Washer\2020\A1_Globla_Multi(WF8800A)\Code\(NowC302)A1_Global_Multi_Creator4.1\CapSense_CSD_P4_Example_WithTuner01.cydsn\Generated_Source\PSoC4" -- -yv2 -q10 -ygs -o2 -v3 -.fftcfgtype=LE
Elaborating Design...
HDL Generation...
Synthesis...
Tech Mapping...
Analog Placement...
Analog Routing...
Analog Code Generation...
Digital Placement...
Digital Routing...
Bitstream Generation...
Bitstream Verification...
Static timing analysis...
API Generation...
Dependency Generation...
Cleanup...
arm-none-eabi-gcc.exe -mcpu=cortex-m0 -mthumb -I. -IGenerated_Source\PSoC4 -Wa,-alh=.\CortexM0\ARM_GCC_541\Debug/main.lst -g -D DEBUG -Wall -ffunction-sections -ffat-lto-objects -O3 -c main.c -o .\CortexM0\ARM_GCC_541\Debug\main.o
arm-none-eabi-gcc.exe -mcpu=cortex-m0 -mthumb -I. -IGenerated_Source\PSoC4 -Wa,-alh=.\CortexM0\ARM_GCC_541\Debug/hawkeye.lst -g -D DEBUG -Wall -ffunction-sections -ffat-lto-objects -O3 -c hawkeye.c -o .\CortexM0\ARM_GCC_541\Debug\hawkeye.o
arm-none-eabi-gcc.exe -mcpu=cortex-m0 -mthumb -I. -IGenerated_Source\PSoC4 -Wa,-alh=.\CortexM0\ARM_GCC_541\Debug/cyfitter_cfg.lst -g -D DEBUG -Wall -ffunction-sections -ffat-lto-objects -O3 -c Generated_Source\PSoC4\cyfitter_cfg.c -o .\CortexM0\ARM_GCC_541\Debug\cyfitter_cfg.o
arm-none-eabi-gcc.exe -mcpu=cortex-m0 -mthumb -I. -IGenerated_Source\PSoC4 -Wa,-alh=.\CortexM0\ARM_GCC_541\Debug/cymetadata.lst -g -D DEBUG -Wall -ffunction-sections -ffat-lto-objects -O3 -c Generated_Source\PSoC4\cymetadata.c -o .\CortexM0\ARM_GCC_541\Debug\cymetadata.o
arm-none-eabi-gcc.exe -mcpu=cortex-m0 -mthumb -I. -IGenerated_Source\PSoC4 -Wa,-alh=.\CortexM0\ARM_GCC_541\Debug/Cm0Start.lst -g -D DEBUG -Wall -ffunction-sections -ffat-lto-objects -O3 -c Generated_Source\PSoC4\Cm0Start.c -o .\CortexM0\ARM_GCC_541\Debug\Cm0Start.o
arm-none-eabi-gcc.exe -mcpu=cortex-m0 -mthumb -I. -IGenerated_Source\PSoC4 -Wa,-alh=.\CortexM0\ARM_GCC_541\Debug/CyFlash.lst -g -D DEBUG -Wall -ffunction-sections -ffat-lto-objects -O3 -c Generated_Source\PSoC4\CyFlash.c -o .\CortexM0\ARM_GCC_541\Debug\CyFlash.o
arm-none-eabi-gcc.exe -mcpu=cortex-m0 -mthumb -I. -IGenerated_Source\PSoC4 -Wa,-alh=.\CortexM0\ARM_GCC_541\Debug/CyLib.lst -g -D DEBUG -Wall -ffunction-sections -ffat-lto-objects -O3 -c Generated_Source\PSoC4\CyLib.c -o .\CortexM0\ARM_GCC_541\Debug\CyLib.o
arm-none-eabi-gcc.exe -mcpu=cortex-m0 -mthumb -I. -IGenerated_Source\PSoC4 -Wa,-alh=.\CortexM0\ARM_GCC_541\Debug/cyPm.lst -g -D DEBUG -Wall -ffunction-sections -ffat-lto-objects -O3 -c Generated_Source\PSoC4\cyPm.c -o .\CortexM0\ARM_GCC_541\Debug\cyPm.o
arm-none-eabi-gcc.exe -mcpu=cortex-m0 -mthumb -I. -IGenerated_Source\PSoC4 -Wa,-alh=.\CortexM0\ARM_GCC_541\Debug/cyutils.lst -g -D DEBUG -Wall -ffunction-sections -ffat-lto-objects -O3 -c Generated_Source\PSoC4\cyutils.c -o .\CortexM0\ARM_GCC_541\Debug\cyutils.o
arm-none-eabi-gcc.exe -mcpu=cortex-m0 -mthumb -I. -IGenerated_Source\PSoC4 -Wa,-alh=.\CortexM0\ARM_GCC_541\Debug/CyLFClk.lst -g -D DEBUG -Wall -ffunction-sections -ffat-lto-objects -O3 -c Generated_Source\PSoC4\CyLFClk.c -o .\CortexM0\ARM_GCC_541\Debug\CyLFClk.o
arm-none-eabi-gcc.exe -mcpu=cortex-m0 -mthumb -I. -IGenerated_Source\PSoC4 -Wa,-alh=.\CortexM0\ARM_GCC_541\Debug/CapSense.lst -g -D DEBUG -Wall -ffunction-sections -ffat-lto-objects -O3 -c Generated_Source\PSoC4\CapSense.c -o .\CortexM0\ARM_GCC_541\Debug\CapSense.o
arm-none-eabi-gcc.exe -mcpu=cortex-m0 -mthumb -I. -IGenerated_Source\PSoC4 -Wa,-alh=.\CortexM0\ARM_GCC_541\Debug/CapSense_PM.lst -g -D DEBUG -Wall -ffunction-sections -ffat-lto-objects -O3 -c Generated_Source\PSoC4\CapSense_PM.c -o .\CortexM0\ARM_GCC_541\Debug\CapSense_PM.o
arm-none-eabi-gcc.exe -mcpu=cortex-m0 -mthumb -I. -IGenerated_Source\PSoC4 -Wa,-alh=.\CortexM0\ARM_GCC_541\Debug/CapSense_CSHL.lst -g -D DEBUG -Wall -ffunction-sections -ffat-lto-objects -O3 -c Generated_Source\PSoC4\CapSense_CSHL.c -o .\CortexM0\ARM_GCC_541\Debug\CapSense_CSHL.o
arm-none-eabi-gcc.exe -mcpu=cortex-m0 -mthumb -I. -IGenerated_Source\PSoC4 -Wa,-alh=.\CortexM0\ARM_GCC_541\Debug/CapSense_INT.lst -g -D DEBUG -Wall -ffunction-sections -ffat-lto-objects -O3 -c Generated_Source\PSoC4\CapSense_INT.c -o .\CortexM0\ARM_GCC_541\Debug\CapSense_INT.o
arm-none-eabi-gcc.exe -mcpu=cortex-m0 -mthumb -I. -IGenerated_Source\PSoC4 -Wa,-alh=.\CortexM0\ARM_GCC_541\Debug/CapSense_TunerHelper.lst -g -D DEBUG -Wall -ffunction-sections -ffat-lto-objects -O3 -c Generated_Source\PSoC4\CapSense_TunerHelper.c -o .\CortexM0\ARM_GCC_541\Debug\CapSense_TunerHelper.o
arm-none-eabi-gcc.exe -mcpu=cortex-m0 -mthumb -I. -IGenerated_Source\PSoC4 -Wa,-alh=.\CortexM0\ARM_GCC_541\Debug/CapSense_SenseClk.lst -g -D DEBUG -Wall -ffunction-sections -ffat-lto-objects -O3 -c Generated_Source\PSoC4\CapSense_SenseClk.c -o .\CortexM0\ARM_GCC_541\Debug\CapSense_SenseClk.o
arm-none-eabi-gcc.exe -mcpu=cortex-m0 -mthumb -I. -IGenerated_Source\PSoC4 -Wa,-alh=.\CortexM0\ARM_GCC_541\Debug/CapSense_SampleClk.lst -g -D DEBUG -Wall -ffunction-sections -ffat-lto-objects -O3 -c Generated_Source\PSoC4\CapSense_SampleClk.c -o .\CortexM0\ARM_GCC_541\Debug\CapSense_SampleClk.o
arm-none-eabi-gcc.exe -mcpu=cortex-m0 -mthumb -I. -IGenerated_Source\PSoC4 -Wa,-alh=.\CortexM0\ARM_GCC_541\Debug/isr_WDT.lst -g -D DEBUG -Wall -ffunction-sections -ffat-lto-objects -O3 -c Generated_Source\PSoC4\isr_WDT.c -o .\CortexM0\ARM_GCC_541\Debug\isr_WDT.o
arm-none-eabi-gcc.exe -mcpu=cortex-m0 -mthumb -I. -IGenerated_Source\PSoC4 -Wa,-alh=.\CortexM0\ARM_GCC_541\Debug/Em_EEPROM.lst -g -D DEBUG -Wall -ffunction-sections -ffat-lto-objects -O3 -c Generated_Source\PSoC4\Em_EEPROM.c -o .\CortexM0\ARM_GCC_541\Debug\Em_EEPROM.o
arm-none-eabi-gcc.exe -mcpu=cortex-m0 -mthumb -I. -IGenerated_Source\PSoC4 -Wa,-alh=.\CortexM0\ARM_GCC_541\Debug/I2CS.lst -g -D DEBUG -Wall -ffunction-sections -ffat-lto-objects -O3 -c Generated_Source\PSoC4\I2CS.c -o .\CortexM0\ARM_GCC_541\Debug\I2CS.o
arm-none-eabi-gcc.exe -mcpu=cortex-m0 -mthumb -I. -IGenerated_Source\PSoC4 -Wa,-alh=.\CortexM0\ARM_GCC_541\Debug/I2CS_I2C_INT.lst -g -D DEBUG -Wall -ffunction-sections -ffat-lto-objects -O3 -c Generated_Source\PSoC4\I2CS_I2C_INT.c -o .\CortexM0\ARM_GCC_541\Debug\I2CS_I2C_INT.o
arm-none-eabi-gcc.exe -mcpu=cortex-m0 -mthumb -I. -IGenerated_Source\PSoC4 -Wa,-alh=.\CortexM0\ARM_GCC_541\Debug/I2CS_I2C.lst -g -D DEBUG -Wall -ffunction-sections -ffat-lto-objects -O3 -c Generated_Source\PSoC4\I2CS_I2C.c -o .\CortexM0\ARM_GCC_541\Debug\I2CS_I2C.o
arm-none-eabi-gcc.exe -mcpu=cortex-m0 -mthumb -I. -IGenerated_Source\PSoC4 -Wa,-alh=.\CortexM0\ARM_GCC_541\Debug/I2CS_I2C_BOOT.lst -g -D DEBUG -Wall -ffunction-sections -ffat-lto-objects -O3 -c Generated_Source\PSoC4\I2CS_I2C_BOOT.c -o .\CortexM0\ARM_GCC_541\Debug\I2CS_I2C_BOOT.o
arm-none-eabi-gcc.exe -mcpu=cortex-m0 -mthumb -I. -IGenerated_Source\PSoC4 -Wa,-alh=.\CortexM0\ARM_GCC_541\Debug/I2CS_I2C_SLAVE.lst -g -D DEBUG -Wall -ffunction-sections -ffat-lto-objects -O3 -c Generated_Source\PSoC4\I2CS_I2C_SLAVE.c -o .\CortexM0\ARM_GCC_541\Debug\I2CS_I2C_SLAVE.o
arm-none-eabi-gcc.exe -mcpu=cortex-m0 -mthumb -I. -IGenerated_Source\PSoC4 -Wa,-alh=.\CortexM0\ARM_GCC_541\Debug/I2CS_PM.lst -g -D DEBUG -Wall -ffunction-sections -ffat-lto-objects -O3 -c Generated_Source\PSoC4\I2CS_PM.c -o .\CortexM0\ARM_GCC_541\Debug\I2CS_PM.o
arm-none-eabi-gcc.exe -mcpu=cortex-m0 -mthumb -I. -IGenerated_Source\PSoC4 -Wa,-alh=.\CortexM0\ARM_GCC_541\Debug/I2CS_BOOT.lst -g -D DEBUG -Wall -ffunction-sections -ffat-lto-objects -O3 -c Generated_Source\PSoC4\I2CS_BOOT.c -o .\CortexM0\ARM_GCC_541\Debug\I2CS_BOOT.o
arm-none-eabi-gcc.exe -mcpu=cortex-m0 -mthumb -I. -IGenerated_Source\PSoC4 -Wa,-alh=.\CortexM0\ARM_GCC_541\Debug/I2CS_SCBCLK.lst -g -D DEBUG -Wall -ffunction-sections -ffat-lto-objects -O3 -c Generated_Source\PSoC4\I2CS_SCBCLK.c -o .\CortexM0\ARM_GCC_541\Debug\I2CS_SCBCLK.o
arm-none-eabi-gcc.exe -mcpu=cortex-m0 -mthumb -I. -IGenerated_Source\PSoC4 -Wa,-alh=.\CortexM0\ARM_GCC_541\Debug/I2CS_sda.lst -g -D DEBUG -Wall -ffunction-sections -ffat-lto-objects -O3 -c Generated_Source\PSoC4\I2CS_sda.c -o .\CortexM0\ARM_GCC_541\Debug\I2CS_sda.o
arm-none-eabi-gcc.exe -mcpu=cortex-m0 -mthumb -I. -IGenerated_Source\PSoC4 -Wa,-alh=.\CortexM0\ARM_GCC_541\Debug/I2CS_sda_PM.lst -g -D DEBUG -Wall -ffunction-sections -ffat-lto-objects -O3 -c Generated_Source\PSoC4\I2CS_sda_PM.c -o .\CortexM0\ARM_GCC_541\Debug\I2CS_sda_PM.o
arm-none-eabi-gcc.exe -mcpu=cortex-m0 -mthumb -I. -IGenerated_Source\PSoC4 -Wa,-alh=.\CortexM0\ARM_GCC_541\Debug/I2CS_scl.lst -g -D DEBUG -Wall -ffunction-sections -ffat-lto-objects -O3 -c Generated_Source\PSoC4\I2CS_scl.c -o .\CortexM0\ARM_GCC_541\Debug\I2CS_scl.o
arm-none-eabi-gcc.exe -mcpu=cortex-m0 -mthumb -I. -IGenerated_Source\PSoC4 -Wa,-alh=.\CortexM0\ARM_GCC_541\Debug/I2CS_scl_PM.lst -g -D DEBUG -Wall -ffunction-sections -ffat-lto-objects -O3 -c Generated_Source\PSoC4\I2CS_scl_PM.c -o .\CortexM0\ARM_GCC_541\Debug\I2CS_scl_PM.o
arm-none-eabi-gcc.exe -mcpu=cortex-m0 -mthumb -I. -IGenerated_Source\PSoC4 -Wa,-alh=.\CortexM0\ARM_GCC_541\Debug/I2CS_SCB_IRQ.lst -g -D DEBUG -Wall -ffunction-sections -ffat-lto-objects -O3 -c Generated_Source\PSoC4\I2CS_SCB_IRQ.c -o .\CortexM0\ARM_GCC_541\Debug\I2CS_SCB_IRQ.o
arm-none-eabi-gcc.exe -mcpu=cortex-m0 -mthumb -I. -IGenerated_Source\PSoC4 -Wa,-alh=.\CortexM0\ARM_GCC_541\Debug/Pin_Power.lst -g -D DEBUG -Wall -ffunction-sections -ffat-lto-objects -O3 -c Generated_Source\PSoC4\Pin_Power.c -o .\CortexM0\ARM_GCC_541\Debug\Pin_Power.o
arm-none-eabi-gcc.exe -mcpu=cortex-m0 -mthumb -I. -IGenerated_Source\PSoC4 -Wa,-alh=.\CortexM0\ARM_GCC_541\Debug/Pin_Power_PM.lst -g -D DEBUG -Wall -ffunction-sections -ffat-lto-objects -O3 -c Generated_Source\PSoC4\Pin_Power_PM.c -o .\CortexM0\ARM_GCC_541\Debug\Pin_Power_PM.o
arm-none-eabi-gcc.exe -mcpu=cortex-m0 -mthumb -I. -IGenerated_Source\PSoC4 -Wa,-alh=.\CortexM0\ARM_GCC_541\Debug/hawkeye_clk.lst -g -D DEBUG -Wall -ffunction-sections -ffat-lto-objects -O3 -c Generated_Source\PSoC4\hawkeye_clk.c -o .\CortexM0\ARM_GCC_541\Debug\hawkeye_clk.o
arm-none-eabi-gcc.exe -mcpu=cortex-m0 -mthumb -I. -IGenerated_Source\PSoC4 -Wa,-alh=.\CortexM0\ARM_GCC_541\Debug/hawkeye_data.lst -g -D DEBUG -Wall -ffunction-sections -ffat-lto-objects -O3 -c Generated_Source\PSoC4\hawkeye_data.c -o .\CortexM0\ARM_GCC_541\Debug\hawkeye_data.o
arm-none-eabi-gcc.exe -mcpu=cortex-m0 -mthumb -I. -IGenerated_Source\PSoC4 -Wa,-alh=.\CortexM0\ARM_GCC_541\Debug/Timer_1.lst -g -D DEBUG -Wall -ffunction-sections -ffat-lto-objects -O3 -c Generated_Source\PSoC4\Timer_1.c -o .\CortexM0\ARM_GCC_541\Debug\Timer_1.o
arm-none-eabi-gcc.exe -mcpu=cortex-m0 -mthumb -I. -IGenerated_Source\PSoC4 -Wa,-alh=.\CortexM0\ARM_GCC_541\Debug/Timer_1_PM.lst -g -D DEBUG -Wall -ffunction-sections -ffat-lto-objects -O3 -c Generated_Source\PSoC4\Timer_1_PM.c -o .\CortexM0\ARM_GCC_541\Debug\Timer_1_PM.o
arm-none-eabi-gcc.exe -mcpu=cortex-m0 -mthumb -I. -IGenerated_Source\PSoC4 -Wa,-alh=.\CortexM0\ARM_GCC_541\Debug/Clock_1.lst -g -D DEBUG -Wall -ffunction-sections -ffat-lto-objects -O3 -c Generated_Source\PSoC4\Clock_1.c -o .\CortexM0\ARM_GCC_541\Debug\Clock_1.o
arm-none-eabi-gcc.exe -mcpu=cortex-m0 -mthumb -I. -IGenerated_Source\PSoC4 -Wa,-alh=.\CortexM0\ARM_GCC_541\Debug/TC_CC_ISR.lst -g -D DEBUG -Wall -ffunction-sections -ffat-lto-objects -O3 -c Generated_Source\PSoC4\TC_CC_ISR.c -o .\CortexM0\ARM_GCC_541\Debug\TC_CC_ISR.o
arm-none-eabi-gcc.exe -mcpu=cortex-m0 -mthumb -I. -IGenerated_Source\PSoC4 -Wa,-alh=.\CortexM0\ARM_GCC_541\Debug/UnUsedPin_10.lst -g -D DEBUG -Wall -ffunction-sections -ffat-lto-objects -O3 -c Generated_Source\PSoC4\UnUsedPin_10.c -o .\CortexM0\ARM_GCC_541\Debug\UnUsedPin_10.o
arm-none-eabi-gcc.exe -mcpu=cortex-m0 -mthumb -I. -IGenerated_Source\PSoC4 -Wa,-alh=.\CortexM0\ARM_GCC_541\Debug/UnUsedPin_10_PM.lst -g -D DEBUG -Wall -ffunction-sections -ffat-lto-objects -O3 -c Generated_Source\PSoC4\UnUsedPin_10_PM.c -o .\CortexM0\ARM_GCC_541\Debug\UnUsedPin_10_PM.o
arm-none-eabi-gcc.exe -mcpu=cortex-m0 -mthumb -I. -IGenerated_Source\PSoC4 -Wa,-alh=.\CortexM0\ARM_GCC_541\Debug/UnUsedPin_9.lst -g -D DEBUG -Wall -ffunction-sections -ffat-lto-objects -O3 -c Generated_Source\PSoC4\UnUsedPin_9.c -o .\CortexM0\ARM_GCC_541\Debug\UnUsedPin_9.o
arm-none-eabi-gcc.exe -mcpu=cortex-m0 -mthumb -I. -IGenerated_Source\PSoC4 -Wa,-alh=.\CortexM0\ARM_GCC_541\Debug/UnUsedPin_9_PM.lst -g -D DEBUG -Wall -ffunction-sections -ffat-lto-objects -O3 -c Generated_Source\PSoC4\UnUsedPin_9_PM.c -o .\CortexM0\ARM_GCC_541\Debug\UnUsedPin_9_PM.o
arm-none-eabi-gcc.exe -mcpu=cortex-m0 -mthumb -I. -IGenerated_Source\PSoC4 -Wa,-alh=.\CortexM0\ARM_GCC_541\Debug/UnUsedPin_4.lst -g -D DEBUG -Wall -ffunction-sections -ffat-lto-objects -O3 -c Generated_Source\PSoC4\UnUsedPin_4.c -o .\CortexM0\ARM_GCC_541\Debug\UnUsedPin_4.o
arm-none-eabi-gcc.exe -mcpu=cortex-m0 -mthumb -I. -IGenerated_Source\PSoC4 -Wa,-alh=.\CortexM0\ARM_GCC_541\Debug/UnUsedPin_4_PM.lst -g -D DEBUG -Wall -ffunction-sections -ffat-lto-objects -O3 -c Generated_Source\PSoC4\UnUsedPin_4_PM.c -o .\CortexM0\ARM_GCC_541\Debug\UnUsedPin_4_PM.o
arm-none-eabi-as.exe -mcpu=cortex-m0 -mthumb -I. -IGenerated_Source\PSoC4 -alh=.\CortexM0\ARM_GCC_541\Debug/CyBootAsmGnu.lst -g -o .\CortexM0\ARM_GCC_541\Debug\CyBootAsmGnu.o Generated_Source\PSoC4\CyBootAsmGnu.s
arm-none-eabi-ar.exe -rs .\CortexM0\ARM_GCC_541\Debug\CapSense_CSD_P4_Example_WithTuner01.a .\CortexM0\ARM_GCC_541\Debug\CyFlash.o .\CortexM0\ARM_GCC_541\Debug\CyLib.o .\CortexM0\ARM_GCC_541\Debug\cyPm.o .\CortexM0\ARM_GCC_541\Debug\cyutils.o .\CortexM0\ARM_GCC_541\Debug\CyLFClk.o .\CortexM0\ARM_GCC_541\Debug\CapSense.o .\CortexM0\ARM_GCC_541\Debug\CapSense_PM.o .\CortexM0\ARM_GCC_541\Debug\CapSense_CSHL.o .\CortexM0\ARM_GCC_541\Debug\CapSense_INT.o .\CortexM0\ARM_GCC_541\Debug\CapSense_TunerHelper.o .\CortexM0\ARM_GCC_541\Debug\CapSense_SenseClk.o .\CortexM0\ARM_GCC_541\Debug\CapSense_SampleClk.o .\CortexM0\ARM_GCC_541\Debug\isr_WDT.o .\CortexM0\ARM_GCC_541\Debug\Em_EEPROM.o .\CortexM0\ARM_GCC_541\Debug\I2CS.o .\CortexM0\ARM_GCC_541\Debug\I2CS_I2C_INT.o .\CortexM0\ARM_GCC_541\Debug\I2CS_I2C.o .\CortexM0\ARM_GCC_541\Debug\I2CS_I2C_BOOT.o .\CortexM0\ARM_GCC_541\Debug\I2CS_I2C_SLAVE.o .\CortexM0\ARM_GCC_541\Debug\I2CS_PM.o .\CortexM0\ARM_GCC_541\Debug\I2CS_BOOT.o .\CortexM0\ARM_GCC_541\Debug\I2CS_SCBCLK.o .\CortexM0\ARM_GCC_541\Debug\I2CS_sda.o .\CortexM0\ARM_GCC_541\Debug\I2CS_sda_PM.o .\CortexM0\ARM_GCC_541\Debug\I2CS_scl.o .\CortexM0\ARM_GCC_541\Debug\I2CS_scl_PM.o .\CortexM0\ARM_GCC_541\Debug\I2CS_SCB_IRQ.o .\CortexM0\ARM_GCC_541\Debug\Pin_Power.o .\CortexM0\ARM_GCC_541\Debug\Pin_Power_PM.o .\CortexM0\ARM_GCC_541\Debug\hawkeye_clk.o .\CortexM0\ARM_GCC_541\Debug\hawkeye_data.o .\CortexM0\ARM_GCC_541\Debug\Timer_1.o .\CortexM0\ARM_GCC_541\Debug\Timer_1_PM.o .\CortexM0\ARM_GCC_541\Debug\Clock_1.o .\CortexM0\ARM_GCC_541\Debug\TC_CC_ISR.o .\CortexM0\ARM_GCC_541\Debug\UnUsedPin_10.o .\CortexM0\ARM_GCC_541\Debug\UnUsedPin_10_PM.o .\CortexM0\ARM_GCC_541\Debug\UnUsedPin_9.o .\CortexM0\ARM_GCC_541\Debug\UnUsedPin_9_PM.o .\CortexM0\ARM_GCC_541\Debug\UnUsedPin_4.o .\CortexM0\ARM_GCC_541\Debug\UnUsedPin_4_PM.o .\CortexM0\ARM_GCC_541\Debug\CyBootAsmGnu.o
arm-none-eabi-ar.exe: creating .\CortexM0\ARM_GCC_541\Debug\CapSense_CSD_P4_Example_WithTuner01.a
arm-none-eabi-gcc.exe -Wl,--start-group -o "C:\Dropbox (TECHREIN)\jhkim\Washer\2020\A1_Globla_Multi(WF8800A)\Code\(NowC302)A1_Global_Multi_Creator4.1\CapSense_CSD_P4_Example_WithTuner01.cydsn\CortexM0\ARM_GCC_541\Debug\CapSense_CSD_P4_Example_WithTuner01.elf" .\CortexM0\ARM_GCC_541\Debug\main.o .\CortexM0\ARM_GCC_541\Debug\hawkeye.o .\CortexM0\ARM_GCC_541\Debug\cyfitter_cfg.o .\CortexM0\ARM_GCC_541\Debug\cymetadata.o .\CortexM0\ARM_GCC_541\Debug\Cm0Start.o .\CortexM0\ARM_GCC_541\Debug\CapSense_CSD_P4_Example_WithTuner01.a "C:\Program Files (x86)\Cypress\PSoC Creator\4.1\PSoC Creator\psoc\content\CyComponentLibrary\CyComponentLibrary.cylib\CapSense_CSD_P4_v2_60\PSoC4\Library\CapsenseP4Library_GCC.a" "C:\Program Files (x86)\Cypress\PSoC Creator\4.1\PSoC Creator\psoc\content\cycomponentlibrary\CyComponentLibrary.cylib\CortexM0\ARM_GCC_541\Debug\CyComponentLibrary.a" -mcpu=cortex-m0 -mthumb -L Generated_Source\PSoC4 -Wl,-Map,.\CortexM0\ARM_GCC_541\Debug/CapSense_CSD_P4_Example_WithTuner01.map -T Generated_Source\PSoC4\cm0gcc.ld -specs=nano.specs -Wl,--gc-sections -Wl,--section-start=.EEPROMDATA=0x00003fc0 -g -ffunction-sections -O3 -ffat-lto-objects -Wl,--end-group
cyelftool.exe -C "C:\Dropbox (TECHREIN)\jhkim\Washer\2020\A1_Globla_Multi(WF8800A)\Code\(NowC302)A1_Global_Multi_Creator4.1\CapSense_CSD_P4_Example_WithTuner01.cydsn\CortexM0\ARM_GCC_541\Debug\CapSense_CSD_P4_Example_WithTuner01.elf" --flash_row_size 64 --flash_size 16384 --flash_offset 0x00000000
cyelftool.exe -S "C:\Dropbox (TECHREIN)\jhkim\Washer\2020\A1_Globla_Multi(WF8800A)\Code\(NowC302)A1_Global_Multi_Creator4.1\CapSense_CSD_P4_Example_WithTuner01.cydsn\CortexM0\ARM_GCC_541\Debug\CapSense_CSD_P4_Example_WithTuner01.elf"
Flash used: 11892 of 16384 bytes (72.6%).
SRAM used: 1556 of 2048 bytes (76.0%). Stack: 512 bytes. Heap: 128 bytes.
--------------- Rebuild Succeeded: 11/19/2020 21:11:38 ---------------
